2020-12-19 10:41:14 CarinaListener [INFO] 
============= Test configuration =============
url=https://www.gsmarena.com
env=DEMO
env_arg_resolver=com.qaprosoft.carina.core.foundation.utils.DefaultEnvArgResolver
browser=chrome
browser_language=en_US
selenium_host=http://localhost:4444/wd/hub
max_driver_count=3
headless=false
proxy_protocols=http,https,ftp
browsermob_proxy=false
browsermob_port=0
browsermob_disabled_mitm=false
proxy_set_to_system=false
track_known_issues=false
auto_screenshot=true
explicit_timeout=20
auto_download=false
retry_interval=5
project_report_directory=./reports/qa
max_screen_history=0
max_log_file_size=150
result_sorting=true
big_screen_width=-1
big_screen_height=-1
init_retry_count=0
init_retry_interval=1
retry_count=0
enable_l10n=true
l10n_encoding=ISO-8859-1
locale=en_US
thread_count=3
data_provider_thread_count=1
core_log_level=INFO
core_log_packages=com.qaprosoft.carina.core
artifacts_expiration_seconds=2592000
log_all_json=true
date_format=HH:mm:ss yyyy-MM-dd
time_format=HH:mm:ss
test_naming_pattern={method_name}
element_loading_strategy=BY_PRESENCE_OR_VISIBILITY
page_opening_strategy=BY_URL_AND_ELEMENT
forcibly_disable_driver_quit=false
s3_use_presign_url=false
s3_local_storage=.
appcenter_local_storage=.
add_new_localization=false
add_new_localization_encoding=utf-8
add_new_localization_property_name=new_custom_messages_
uninstall_related_apps=false
default_device_timezone=GMT
default_device_time_format=24
default_device_language=en_US
android_screen_record_bitrate=1000000
android_enable_bug_report=true
ios_screen_record_quality=MEDIUM
ios_screen_record_codec=libx264
ios_screen_record_fps=10
screen_record_duration=180
video_scale=-2:720
ignore_ssl=false
selenium_host=http://localhost:4444/wd/hub

------------- Driver capabilities -----------
================================================

2020-12-19 10:41:16 CarinaListener [INFO] CARINA_CORE_VERSION: 6.5.46
2020-12-19 10:41:16 Messager [INFO]  TEST [Default test - testSearchByBrand] STARTED at [10:41:16 2020-12-19]
2020-12-19 10:41:16 AbstractCapabilities [INFO] Set Chrome language to: en_US
2020-12-19 10:41:24 DesktopFactory [INFO] Browser window was maximized
2020-12-19 10:41:24 Messager [INFO] INFO: url 'https://www.gsmarena.com' is being opened...
2020-12-19 10:41:37 DriverListener [INFO] INFO: url 'https://www.gsmarena.com' is opened.
2020-12-19 10:41:39 DriverListener [INFO] Element clicked
2020-12-19 10:41:41 DriverListener [INFO] Element clicked
2020-12-19 10:41:42 Messager [INFO]  TEST [Default test - testSearchByBrand] PASSED at [10:41:42 2020-12-19]
2020-12-19 10:41:42 Messager [INFO]  TEST [Default test - testSearchByBrand [L0002]] STARTED at [10:41:42 2020-12-19]
2020-12-19 10:41:42 AbstractCapabilities [INFO] Set Chrome language to: en_US
2020-12-19 10:41:48 DesktopFactory [INFO] Browser window was maximized
2020-12-19 10:41:48 Messager [INFO] INFO: url 'https://www.gsmarena.com' is being opened...
2020-12-19 10:41:52 DriverListener [INFO] INFO: url 'https://www.gsmarena.com' is opened.
2020-12-19 10:41:52 Screenshot [WARN] Unable to capture screenshot due to the Exception!
2020-12-19 10:41:52 DriverListener [ERROR] no such window: target window already closed
from unknown error: web view not found
  (Session info: chrome=87.0.4280.88)
Build info: version: '3.141.59', revision: 'e82be7d358', time: '2018-11-14T08:17:03'
System info: host: 'LAPTOP-Q7ODI2IC', ip: '172.22.160.1', os.name: 'Windows 10', os.arch: 'amd64', os.version: '10.0', java.version: '11.0.8'
Driver info: org.openqa.selenium.remote.RemoteWebDriver
Capabilities {acceptInsecureCerts: true, browserName: chrome, browserVersion: 87.0.4280.88, chrome: {chromedriverVersion: 87.0.4280.88 (89e2380a3e36c..., userDataDir: C:\Users\julim\AppData\Loca...}, goog:chromeOptions: {debuggerAddress: localhost:63860}, javascriptEnabled: true, networkConnectionEnabled: false, pageLoadStrategy: normal, platform: WINDOWS, platformName: WINDOWS, proxy: Proxy(), setWindowRect: true, strictFileInteractability: false, timeouts: {implicit: 0, pageLoad: 300000, script: 30000}, unhandledPromptBehavior: dismiss and notify, webauthn:virtualAuthenticators: true, webdriver.remote.sessionid: 26443dfb3e841630c9525cde27a...}
Session ID: 26443dfb3e841630c9525cde27a2bcda
*** Element info: {Using=xpath, value=//div[contains(@class, 'brandmenu-v2')]//a[.='Apple']}
2020-12-19 10:41:52 Screenshot [WARN] Unable to capture screenshot due to the Exception!
2020-12-19 10:41:52 Screenshot [WARN] Unable to capture screenshot due to the Exception!
2020-12-19 10:41:52 Messager [ERROR]  TEST [Default test - testSearchByBrand [L0002]] FAILED at [10:41:52 2020-12-19] - no such window: target window already closed
from unknown error: web view not found
  (Session info: chrome=87.0.4280.88)
Build info: version: '3.141.59', revision: 'e82be7d358', time: '2018-11-14T08:17:03'
System info: host: 'LAPTOP-Q7ODI2IC', ip: '172.22.160.1', os.name: 'Windows 10', os.arch: 'amd64', os.version: '10.0', java.version: '11.0.8'
Driver info: org.openqa.selenium.remote.RemoteWebDriver
Capabilities {acceptInsecureCerts: true, browserName: chrome, browserVersion: 87.0.4280.88, chrome: {chromedriverVersion: 87.0.4280.88 (89e2380a3e36c..., userDataDir: C:\Users\julim\AppData\Loca...}, goog:chromeOptions: {debuggerAddress: localhost:63860}, javascriptEnabled: true, networkConnectionEnabled: false, pageLoadStrategy: normal, platform: WINDOWS, platformName: WINDOWS, proxy: Proxy(), setWindowRect: true, strictFileInteractability: false, timeouts: {implicit: 0, pageLoad: 300000, script: 30000}, unhandledPromptBehavior: dismiss and notify, webauthn:virtualAuthenticators: true, webdriver.remote.sessionid: 26443dfb3e841630c9525cde27a...}
Session ID: 26443dfb3e841630c9525cde27a2bcda
*** Element info: {Using=xpath, value=//div[contains(@class, 'brandmenu-v2')]//a[.='Apple']}

java.base/jdk.internal.reflect.NativeConstructorAccessorImpl.newInstance0(Native Method)
java.base/jdk.internal.reflect.NativeConstructorAccessorImpl.newInstance(NativeConstructorAccessorImpl.java:62)
java.base/jdk.internal.reflect.DelegatingConstructorAccessorImpl.newInstance(DelegatingConstructorAccessorImpl.java:45)
java.base/java.lang.reflect.Constructor.newInstance(Constructor.java:490)
org.openqa.selenium.remote.http.W3CHttpResponseCodec.createException(W3CHttpResponseCodec.java:187)
org.openqa.selenium.remote.http.W3CHttpResponseCodec.decode(W3CHttpResponseCodec.java:122)
org.openqa.selenium.remote.http.W3CHttpResponseCodec.decode(W3CHttpResponseCodec.java:49)
org.openqa.selenium.remote.HttpCommandExecutor.execute(HttpCommandExecutor.java:158)
com.qaprosoft.carina.core.foundation.webdriver.listener.EventFiringSeleniumCommandExecutor.execute(EventFiringSeleniumCommandExecutor.java:54)
org.openqa.selenium.remote.RemoteWebDriver.execute(RemoteWebDriver.java:552)
org.openqa.selenium.remote.RemoteWebDriver.findElement(RemoteWebDriver.java:323)
org.openqa.selenium.remote.RemoteWebDriver.findElementByXPath(RemoteWebDriver.java:428)
org.openqa.selenium.By$ByXPath.findElement(By.java:353)
org.openqa.selenium.remote.RemoteWebDriver.findElement(RemoteWebDriver.java:315)
java.base/jdk.internal.reflect.NativeMethodAccessorImpl.invoke0(Native Method)
java.base/jdk.internal.reflect.NativeMethodAccessorImpl.invoke(NativeMethodAccessorImpl.java:62)
java.base/jdk.internal.reflect.DelegatingMethodAccessorImpl.invoke(DelegatingMethodAccessorImpl.java:43)
java.base/java.lang.reflect.Method.invoke(Method.java:566)
org.openqa.selenium.support.events.EventFiringWebDriver.lambda$new$1(EventFiringWebDriver.java:105)
com.sun.proxy.$Proxy17.findElement(Unknown Source)
org.openqa.selenium.support.events.EventFiringWebDriver.findElement(EventFiringWebDriver.java:194)
com.solvd.webTesting.gui.pages.GSMArenaAbstractPage.findByXpath(GSMArenaAbstractPage.java:17)
com.solvd.webTesting.gui.pages.HomePage.findBrandLink(HomePage.java:37)
com.solvd.webTesting.gui.pages.HomePage.selectBrand(HomePage.java:41)
com.webTesting.SearchTest.testSearchByBrand(SearchTest.java:43)
java.base/jdk.internal.reflect.NativeMethodAccessorImpl.invoke0(Native Method)
java.base/jdk.internal.reflect.NativeMethodAccessorImpl.invoke(NativeMethodAccessorImpl.java:62)
java.base/jdk.internal.reflect.DelegatingMethodAccessorImpl.invoke(DelegatingMethodAccessorImpl.java:43)
java.base/java.lang.reflect.Method.invoke(Method.java:566)
org.testng.internal.MethodInvocationHelper.invokeMethod(MethodInvocationHelper.java:134)
org.testng.internal.TestInvoker.invokeMethod(TestInvoker.java:597)
org.testng.internal.TestInvoker.invokeTestMethod(TestInvoker.java:173)
org.testng.internal.MethodRunner.runInSequence(MethodRunner.java:46)
org.testng.internal.TestInvoker$MethodInvocationAgent.invoke(TestInvoker.java:816)
org.testng.internal.TestInvoker.invokeTestMethods(TestInvoker.java:146)
org.testng.internal.TestMethodWorker.invokeTestMethods(TestMethodWorker.java:146)
org.testng.internal.TestMethodWorker.run(TestMethodWorker.java:128)
java.base/java.util.ArrayList.forEach(ArrayList.java:1541)
org.testng.TestRunner.privateRun(TestRunner.java:766)
org.testng.TestRunner.run(TestRunner.java:587)
org.testng.SuiteRunner.runTest(SuiteRunner.java:384)
org.testng.SuiteRunner.runSequentially(SuiteRunner.java:378)
org.testng.SuiteRunner.privateRun(SuiteRunner.java:337)
org.testng.SuiteRunner.run(SuiteRunner.java:286)
org.testng.SuiteRunnerWorker.runSuite(SuiteRunnerWorker.java:53)
org.testng.SuiteRunnerWorker.run(SuiteRunnerWorker.java:96)
org.testng.TestNG.runSuitesSequentially(TestNG.java:1187)
org.testng.TestNG.runSuitesLocally(TestNG.java:1109)
org.testng.TestNG.runSuites(TestNG.java:1039)
org.testng.TestNG.run(TestNG.java:1007)
org.testng.remote.AbstractRemoteTestNG.run(AbstractRemoteTestNG.java:115)
org.testng.remote.RemoteTestNG.initAndRun(RemoteTestNG.java:251)
org.testng.remote.RemoteTestNG.main(RemoteTestNG.java:77)
2020-12-19 10:41:52 Messager [INFO] INFO: '**************** Test execution summary ****************'.
2020-12-19 10:41:52 Messager [INFO] RESULT #1: TEST [Default test - testSearchByBrand] PASS [screenshots=./1608385274982/815759ff-1fb2-40ab-9af6-bcfd9e541a0d/report.html | log=./1608385274982/815759ff-1fb2-40ab-9af6-bcfd9e541a0d/test.log]
2020-12-19 10:41:52 Messager [INFO] RESULT #2: TEST [Default test - testSearchByBrand [L0002]] FAIL [log=./1608385274982/9d1b5f66-3730-4262-9ff5-807d6ff0ae0f/test.log]
2020-12-19 10:42:04 CarinaListener [INFO] 
============= Test configuration =============
url=https://www.gsmarena.com
env=DEMO
env_arg_resolver=com.qaprosoft.carina.core.foundation.utils.DefaultEnvArgResolver
browser=chrome
browser_language=en_US
selenium_host=http://localhost:4444/wd/hub
max_driver_count=3
headless=false
proxy_protocols=http,https,ftp
browsermob_proxy=false
browsermob_port=0
browsermob_disabled_mitm=false
proxy_set_to_system=false
track_known_issues=false
auto_screenshot=true
explicit_timeout=20
auto_download=false
retry_interval=5
project_report_directory=./reports/qa
max_screen_history=0
max_log_file_size=150
result_sorting=true
big_screen_width=-1
big_screen_height=-1
init_retry_count=0
init_retry_interval=1
retry_count=0
enable_l10n=true
l10n_encoding=ISO-8859-1
locale=en_US
thread_count=3
data_provider_thread_count=1
core_log_level=INFO
core_log_packages=com.qaprosoft.carina.core
artifacts_expiration_seconds=2592000
log_all_json=true
date_format=HH:mm:ss yyyy-MM-dd
time_format=HH:mm:ss
test_naming_pattern={method_name}
element_loading_strategy=BY_PRESENCE_OR_VISIBILITY
page_opening_strategy=BY_URL_AND_ELEMENT
forcibly_disable_driver_quit=false
s3_use_presign_url=false
s3_local_storage=.
appcenter_local_storage=.
add_new_localization=false
add_new_localization_encoding=utf-8
add_new_localization_property_name=new_custom_messages_
uninstall_related_apps=false
default_device_timezone=GMT
default_device_time_format=24
default_device_language=en_US
android_screen_record_bitrate=1000000
android_enable_bug_report=true
ios_screen_record_quality=MEDIUM
ios_screen_record_codec=libx264
ios_screen_record_fps=10
screen_record_duration=180
video_scale=-2:720
ignore_ssl=false
selenium_host=http://localhost:4444/wd/hub

------------- Driver capabilities -----------
================================================

2020-12-19 10:42:05 CarinaListener [INFO] CARINA_CORE_VERSION: 6.5.46
2020-12-19 10:42:05 Messager [INFO]  TEST [Default test - testSearchByBrand] STARTED at [10:42:05 2020-12-19]
2020-12-19 10:42:05 AbstractCapabilities [INFO] Set Chrome language to: en_US
2020-12-19 10:42:12 DesktopFactory [INFO] Browser window was maximized
2020-12-19 10:42:12 Messager [INFO] INFO: url 'https://www.gsmarena.com' is being opened...
2020-12-19 10:42:20 DriverListener [INFO] INFO: url 'https://www.gsmarena.com' is opened.
2020-12-19 10:42:24 DriverListener [INFO] Element clicked
2020-12-19 10:42:26 DriverListener [INFO] Element clicked
2020-12-19 10:42:27 Messager [INFO]  TEST [Default test - testSearchByBrand] PASSED at [10:42:27 2020-12-19]
2020-12-19 10:42:27 Messager [INFO]  TEST [Default test - testSearchByBrand [L0002]] STARTED at [10:42:27 2020-12-19]
2020-12-19 10:42:27 AbstractCapabilities [INFO] Set Chrome language to: en_US
2020-12-19 10:42:32 DesktopFactory [INFO] Browser window was maximized
2020-12-19 10:42:32 Messager [INFO] INFO: url 'https://www.gsmarena.com' is being opened...
2020-12-19 10:42:41 DriverListener [INFO] INFO: url 'https://www.gsmarena.com' is opened.
2020-12-19 10:42:44 DriverListener [INFO] Element clicked
2020-12-19 10:42:46 DriverListener [INFO] Element clicked
2020-12-19 10:42:47 Messager [INFO]  TEST [Default test - testSearchByBrand [L0002]] PASSED at [10:42:47 2020-12-19]
2020-12-19 10:42:48 Messager [INFO]  TEST [GSMA0001 - Default test - testSearchProduct] STARTED at [10:42:48 2020-12-19]
2020-12-19 10:42:48 AbstractCapabilities [INFO] Set Chrome language to: en_US
2020-12-19 10:42:53 DesktopFactory [INFO] Browser window was maximized
2020-12-19 10:42:53 Messager [INFO] INFO: url 'https://www.gsmarena.com' is being opened...
2020-12-19 10:42:55 DriverListener [INFO] INFO: url 'https://www.gsmarena.com' is opened.
2020-12-19 10:42:57 DriverListener [INFO] Element clicked
2020-12-19 10:42:58 DriverListener [INFO] Text 'iphone' typed
2020-12-19 10:43:00 DriverListener [INFO] Element clicked
2020-12-19 10:43:01 Messager [INFO]  TEST [GSMA0001 - Default test - testSearchProduct] PASSED at [10:43:01 2020-12-19]
2020-12-19 10:43:01 Messager [INFO]  TEST [GSMA0002 - Default test - testSearchProduct [L0002]] STARTED at [10:43:01 2020-12-19]
2020-12-19 10:43:01 AbstractCapabilities [INFO] Set Chrome language to: en_US
2020-12-19 10:43:06 DesktopFactory [INFO] Browser window was maximized
2020-12-19 10:43:06 Messager [INFO] INFO: url 'https://www.gsmarena.com' is being opened...
2020-12-19 10:43:15 DriverListener [INFO] INFO: url 'https://www.gsmarena.com' is opened.
2020-12-19 10:43:16 DriverListener [INFO] Element clicked
2020-12-19 10:43:17 DriverListener [INFO] Text 'galaxy' typed
2020-12-19 10:43:19 DriverListener [INFO] Element clicked
2020-12-19 10:43:20 Messager [INFO]  TEST [GSMA0002 - Default test - testSearchProduct [L0002]] PASSED at [10:43:20 2020-12-19]
2020-12-19 10:43:20 Messager [INFO]  TEST [GSMA0003 - Default test - testSearchProduct [L0003]] STARTED at [10:43:20 2020-12-19]
2020-12-19 10:43:20 AbstractCapabilities [INFO] Set Chrome language to: en_US
2020-12-19 10:43:25 DesktopFactory [INFO] Browser window was maximized
2020-12-19 10:43:25 Messager [INFO] INFO: url 'https://www.gsmarena.com' is being opened...
2020-12-19 10:43:34 DriverListener [INFO] INFO: url 'https://www.gsmarena.com' is opened.
2020-12-19 10:43:35 DriverListener [INFO] Element clicked
2020-12-19 10:43:37 DriverListener [INFO] Text 'watch' typed
2020-12-19 10:43:39 DriverListener [INFO] Element clicked
2020-12-19 10:43:40 Messager [INFO]  TEST [GSMA0003 - Default test - testSearchProduct [L0003]] PASSED at [10:43:40 2020-12-19]
2020-12-19 10:43:40 Messager [INFO] INFO: '**************** Test execution summary ****************'.
2020-12-19 10:43:40 Messager [INFO] RESULT #1: TEST [Default test - testSearchByBrand] PASS [screenshots=./1608385324138/f7c1367a-1735-48d6-a5bd-5202d921c4ff/report.html | log=./1608385324138/f7c1367a-1735-48d6-a5bd-5202d921c4ff/test.log]
2020-12-19 10:43:40 Messager [INFO] RESULT #2: TEST [Default test - testSearchByBrand [L0002]] PASS [screenshots=./1608385324138/30c13aa3-96cb-4ca6-84d7-8927721c8135/report.html | log=./1608385324138/30c13aa3-96cb-4ca6-84d7-8927721c8135/test.log]
2020-12-19 10:43:40 Messager [INFO] RESULT #3: TEST [GSMA0001 - Default test - testSearchProduct] PASS [screenshots=./1608385324138/191191a2-8cd0-4876-9c12-3798f03e4366/report.html | log=./1608385324138/191191a2-8cd0-4876-9c12-3798f03e4366/test.log]
2020-12-19 10:43:40 Messager [INFO] RESULT #4: TEST [GSMA0002 - Default test - testSearchProduct [L0002]] PASS [screenshots=./1608385324138/478108c5-1b71-4b9d-a337-73f08a9e8e7b/report.html | log=./1608385324138/478108c5-1b71-4b9d-a337-73f08a9e8e7b/test.log]
2020-12-19 10:43:40 Messager [INFO] RESULT #5: TEST [GSMA0003 - Default test - testSearchProduct [L0003]] PASS [screenshots=./1608385324138/5ec2c252-f565-42d0-9a17-c2d4d29ae8ee/report.html | log=./1608385324138/5ec2c252-f565-42d0-9a17-c2d4d29ae8ee/test.log]
2020-12-19 10:45:14 CarinaListener [INFO] 
============= Test configuration =============
url=https://www.gsmarena.com
env=DEMO
env_arg_resolver=com.qaprosoft.carina.core.foundation.utils.DefaultEnvArgResolver
browser=chrome
browser_language=en_US
selenium_host=http://localhost:4444/wd/hub
max_driver_count=3
headless=false
proxy_protocols=http,https,ftp
browsermob_proxy=false
browsermob_port=0
browsermob_disabled_mitm=false
proxy_set_to_system=false
track_known_issues=false
auto_screenshot=true
explicit_timeout=20
auto_download=false
retry_interval=5
project_report_directory=./reports/qa
max_screen_history=0
max_log_file_size=150
result_sorting=true
big_screen_width=-1
big_screen_height=-1
init_retry_count=0
init_retry_interval=1
retry_count=0
enable_l10n=true
l10n_encoding=ISO-8859-1
locale=en_US
thread_count=3
data_provider_thread_count=1
core_log_level=INFO
core_log_packages=com.qaprosoft.carina.core
artifacts_expiration_seconds=2592000
log_all_json=true
date_format=HH:mm:ss yyyy-MM-dd
time_format=HH:mm:ss
test_naming_pattern={method_name}
element_loading_strategy=BY_PRESENCE_OR_VISIBILITY
page_opening_strategy=BY_URL_AND_ELEMENT
forcibly_disable_driver_quit=false
s3_use_presign_url=false
s3_local_storage=.
appcenter_local_storage=.
add_new_localization=false
add_new_localization_encoding=utf-8
add_new_localization_property_name=new_custom_messages_
uninstall_related_apps=false
default_device_timezone=GMT
default_device_time_format=24
default_device_language=en_US
android_screen_record_bitrate=1000000
android_enable_bug_report=true
ios_screen_record_quality=MEDIUM
ios_screen_record_codec=libx264
ios_screen_record_fps=10
screen_record_duration=180
video_scale=-2:720
ignore_ssl=false
selenium_host=http://localhost:4444/wd/hub

------------- Driver capabilities -----------
================================================

2020-12-19 10:45:15 CarinaListener [INFO] CARINA_CORE_VERSION: 6.5.46
2020-12-19 10:45:15 Messager [INFO]  TEST [Default test - testSearchByBrand] STARTED at [10:45:15 2020-12-19]
2020-12-19 10:45:15 AbstractCapabilities [INFO] Set Chrome language to: en_US
2020-12-19 10:45:38 CarinaListener [INFO] 
============= Test configuration =============
url=https://www.gsmarena.com
env=DEMO
env_arg_resolver=com.qaprosoft.carina.core.foundation.utils.DefaultEnvArgResolver
browser=chrome
browser_language=en_US
selenium_host=http://localhost:4444/wd/hub
max_driver_count=3
headless=false
proxy_protocols=http,https,ftp
browsermob_proxy=false
browsermob_port=0
browsermob_disabled_mitm=false
proxy_set_to_system=false
track_known_issues=false
auto_screenshot=true
explicit_timeout=20
auto_download=false
retry_interval=5
project_report_directory=./reports/qa
max_screen_history=0
max_log_file_size=150
result_sorting=true
big_screen_width=-1
big_screen_height=-1
init_retry_count=0
init_retry_interval=1
retry_count=0
enable_l10n=true
l10n_encoding=ISO-8859-1
locale=en_US
thread_count=3
data_provider_thread_count=1
core_log_level=INFO
core_log_packages=com.qaprosoft.carina.core
artifacts_expiration_seconds=2592000
log_all_json=true
date_format=HH:mm:ss yyyy-MM-dd
time_format=HH:mm:ss
test_naming_pattern={method_name}
element_loading_strategy=BY_PRESENCE_OR_VISIBILITY
page_opening_strategy=BY_URL_AND_ELEMENT
forcibly_disable_driver_quit=false
s3_use_presign_url=false
s3_local_storage=.
appcenter_local_storage=.
add_new_localization=false
add_new_localization_encoding=utf-8
add_new_localization_property_name=new_custom_messages_
uninstall_related_apps=false
default_device_timezone=GMT
default_device_time_format=24
default_device_language=en_US
android_screen_record_bitrate=1000000
android_enable_bug_report=true
ios_screen_record_quality=MEDIUM
ios_screen_record_codec=libx264
ios_screen_record_fps=10
screen_record_duration=180
video_scale=-2:720
ignore_ssl=false
selenium_host=http://localhost:4444/wd/hub

------------- Driver capabilities -----------
================================================

2020-12-19 10:45:40 CarinaListener [INFO] CARINA_CORE_VERSION: 6.5.46
2020-12-19 10:45:41 Messager [INFO]  TEST [GSMA0001 - Default test - testSearchProduct] STARTED at [10:45:41 2020-12-19]
2020-12-19 10:45:41 AbstractCapabilities [INFO] Set Chrome language to: en_US
2020-12-19 10:45:47 DesktopFactory [INFO] Browser window was maximized
2020-12-19 10:45:47 Messager [INFO] INFO: url 'https://www.gsmarena.com' is being opened...
2020-12-19 10:45:50 DriverListener [INFO] INFO: url 'https://www.gsmarena.com' is opened.
2020-12-19 10:45:51 DriverListener [INFO] Element clicked
2020-12-19 10:45:53 DriverListener [INFO] Text 'iphone' typed
2020-12-19 10:45:55 DriverListener [INFO] Element clicked
2020-12-19 10:45:56 Messager [INFO]  TEST [GSMA0001 - Default test - testSearchProduct] PASSED at [10:45:56 2020-12-19]
2020-12-19 10:45:56 Messager [INFO]  TEST [GSMA0002 - Default test - testSearchProduct [L0002]] STARTED at [10:45:56 2020-12-19]
2020-12-19 10:45:56 AbstractCapabilities [INFO] Set Chrome language to: en_US
2020-12-19 10:56:19 CarinaListener [INFO] 
============= Test configuration =============
url=https://www.gsmarena.com
env=DEMO
env_arg_resolver=com.qaprosoft.carina.core.foundation.utils.DefaultEnvArgResolver
browser=chrome
browser_language=en_US
selenium_host=http://localhost:4444/wd/hub
max_driver_count=3
headless=false
proxy_protocols=http,https,ftp
browsermob_proxy=false
browsermob_port=0
browsermob_disabled_mitm=false
proxy_set_to_system=false
track_known_issues=false
auto_screenshot=true
explicit_timeout=20
auto_download=false
retry_interval=5
project_report_directory=./reports/qa
max_screen_history=0
max_log_file_size=150
result_sorting=true
big_screen_width=-1
big_screen_height=-1
init_retry_count=0
init_retry_interval=1
retry_count=0
enable_l10n=true
l10n_encoding=ISO-8859-1
locale=en_US
thread_count=3
data_provider_thread_count=1
core_log_level=INFO
core_log_packages=com.qaprosoft.carina.core
artifacts_expiration_seconds=2592000
log_all_json=true
date_format=HH:mm:ss yyyy-MM-dd
time_format=HH:mm:ss
test_naming_pattern={method_name}
element_loading_strategy=BY_PRESENCE_OR_VISIBILITY
page_opening_strategy=BY_URL_AND_ELEMENT
forcibly_disable_driver_quit=false
s3_use_presign_url=false
s3_local_storage=.
appcenter_local_storage=.
add_new_localization=false
add_new_localization_encoding=utf-8
add_new_localization_property_name=new_custom_messages_
uninstall_related_apps=false
default_device_timezone=GMT
default_device_time_format=24
default_device_language=en_US
android_screen_record_bitrate=1000000
android_enable_bug_report=true
ios_screen_record_quality=MEDIUM
ios_screen_record_codec=libx264
ios_screen_record_fps=10
screen_record_duration=180
video_scale=-2:720
ignore_ssl=false
selenium_host=http://localhost:4444/wd/hub

------------- Driver capabilities -----------
================================================

2020-12-19 10:56:21 CarinaListener [INFO] CARINA_CORE_VERSION: 6.5.46
2020-12-19 10:56:22 AbstractCapabilities [INFO] Set Chrome language to: en_US
2020-12-19 10:56:28 DesktopFactory [INFO] Browser window was maximized
2020-12-19 10:56:28 Messager [INFO] INFO: url 'https://www.gsmarena.com' is being opened...
2020-12-19 10:56:31 DriverListener [INFO] INFO: url 'https://www.gsmarena.com' is opened.
2020-12-19 10:56:32 Messager [INFO]  TEST [GSMA0001 - Default test - testSearchProduct] STARTED at [10:56:32 2020-12-19]
2020-12-19 10:56:33 DriverListener [INFO] Element clicked
2020-12-19 10:56:34 DriverListener [INFO] Text 'iphone' typed
2020-12-19 10:56:36 DriverListener [INFO] Element clicked
2020-12-19 10:56:37 DriverListener [ERROR] no such window: target window already closed
from unknown error: web view not found
  (Session info: chrome=87.0.4280.88)
Build info: version: '3.141.59', revision: 'e82be7d358', time: '2018-11-14T08:17:03'
System info: host: 'LAPTOP-Q7ODI2IC', ip: '172.22.160.1', os.name: 'Windows 10', os.arch: 'amd64', os.version: '10.0', java.version: '11.0.8'
Driver info: org.openqa.selenium.remote.RemoteWebDriver
Capabilities {acceptInsecureCerts: true, browserName: chrome, browserVersion: 87.0.4280.88, chrome: {chromedriverVersion: 87.0.4280.88 (89e2380a3e36c..., userDataDir: C:\Users\julim\AppData\Loca...}, goog:chromeOptions: {debuggerAddress: localhost:49219}, javascriptEnabled: true, networkConnectionEnabled: false, pageLoadStrategy: normal, platform: WINDOWS, platformName: WINDOWS, proxy: Proxy(), setWindowRect: true, strictFileInteractability: false, timeouts: {implicit: 0, pageLoad: 300000, script: 30000}, unhandledPromptBehavior: dismiss and notify, webauthn:virtualAuthenticators: true, webdriver.remote.sessionid: d36ca0eeb59f91d1da291c58be7...}
Session ID: d36ca0eeb59f91d1da291c58be7621ea
*** Element info: {Using=class name, value=article-info-name}
2020-12-19 10:56:37 Screenshot [WARN] Unable to capture screenshot due to the Exception!
2020-12-19 10:56:37 Screenshot [WARN] Unable to capture screenshot due to the Exception!
2020-12-19 10:56:37 Messager [ERROR]  TEST [GSMA0001 - Default test - testSearchProduct] FAILED at [10:56:37 2020-12-19] - no such window: target window already closed
from unknown error: web view not found
  (Session info: chrome=87.0.4280.88)
Build info: version: '3.141.59', revision: 'e82be7d358', time: '2018-11-14T08:17:03'
System info: host: 'LAPTOP-Q7ODI2IC', ip: '172.22.160.1', os.name: 'Windows 10', os.arch: 'amd64', os.version: '10.0', java.version: '11.0.8'
Driver info: org.openqa.selenium.remote.RemoteWebDriver
Capabilities {acceptInsecureCerts: true, browserName: chrome, browserVersion: 87.0.4280.88, chrome: {chromedriverVersion: 87.0.4280.88 (89e2380a3e36c..., userDataDir: C:\Users\julim\AppData\Loca...}, goog:chromeOptions: {debuggerAddress: localhost:49219}, javascriptEnabled: true, networkConnectionEnabled: false, pageLoadStrategy: normal, platform: WINDOWS, platformName: WINDOWS, proxy: Proxy(), setWindowRect: true, strictFileInteractability: false, timeouts: {implicit: 0, pageLoad: 300000, script: 30000}, unhandledPromptBehavior: dismiss and notify, webauthn:virtualAuthenticators: true, webdriver.remote.sessionid: d36ca0eeb59f91d1da291c58be7...}
Session ID: d36ca0eeb59f91d1da291c58be7621ea
*** Element info: {Using=class name, value=article-info-name}

java.base/jdk.internal.reflect.NativeConstructorAccessorImpl.newInstance0(Native Method)
java.base/jdk.internal.reflect.NativeConstructorAccessorImpl.newInstance(NativeConstructorAccessorImpl.java:62)
java.base/jdk.internal.reflect.DelegatingConstructorAccessorImpl.newInstance(DelegatingConstructorAccessorImpl.java:45)
java.base/java.lang.reflect.Constructor.newInstance(Constructor.java:490)
org.openqa.selenium.remote.http.W3CHttpResponseCodec.createException(W3CHttpResponseCodec.java:187)
org.openqa.selenium.remote.http.W3CHttpResponseCodec.decode(W3CHttpResponseCodec.java:122)
org.openqa.selenium.remote.http.W3CHttpResponseCodec.decode(W3CHttpResponseCodec.java:49)
org.openqa.selenium.remote.HttpCommandExecutor.execute(HttpCommandExecutor.java:158)
com.qaprosoft.carina.core.foundation.webdriver.listener.EventFiringSeleniumCommandExecutor.execute(EventFiringSeleniumCommandExecutor.java:54)
org.openqa.selenium.remote.RemoteWebDriver.execute(RemoteWebDriver.java:552)
org.openqa.selenium.remote.RemoteWebDriver.findElement(RemoteWebDriver.java:323)
org.openqa.selenium.remote.RemoteWebDriver.findElementByClassName(RemoteWebDriver.java:412)
org.openqa.selenium.By$ByClassName.findElement(By.java:389)
org.openqa.selenium.remote.RemoteWebDriver.findElement(RemoteWebDriver.java:315)
java.base/jdk.internal.reflect.NativeMethodAccessorImpl.invoke0(Native Method)
java.base/jdk.internal.reflect.NativeMethodAccessorImpl.invoke(NativeMethodAccessorImpl.java:62)
java.base/jdk.internal.reflect.DelegatingMethodAccessorImpl.invoke(DelegatingMethodAccessorImpl.java:43)
java.base/java.lang.reflect.Method.invoke(Method.java:566)
org.openqa.selenium.support.events.EventFiringWebDriver.lambda$new$1(EventFiringWebDriver.java:105)
com.sun.proxy.$Proxy18.findElement(Unknown Source)
org.openqa.selenium.support.events.EventFiringWebDriver.findElement(EventFiringWebDriver.java:194)
org.openqa.selenium.support.pagefactory.DefaultElementLocator.findElement(DefaultElementLocator.java:69)
org.openqa.selenium.support.pagefactory.internal.LocatingElementHandler.invoke(LocatingElementHandler.java:38)
com.sun.proxy.$Proxy23.getText(Unknown Source)
com.solvd.webTesting.gui.pages.SearchResultsPage.getSearchTitle(SearchResultsPage.java:19)
com.webTesting.SearchTest.testSearchProduct(SearchTest.java:31)
java.base/jdk.internal.reflect.NativeMethodAccessorImpl.invoke0(Native Method)
java.base/jdk.internal.reflect.NativeMethodAccessorImpl.invoke(NativeMethodAccessorImpl.java:62)
java.base/jdk.internal.reflect.DelegatingMethodAccessorImpl.invoke(DelegatingMethodAccessorImpl.java:43)
java.base/java.lang.reflect.Method.invoke(Method.java:566)
org.testng.internal.MethodInvocationHelper.invokeMethod(MethodInvocationHelper.java:134)
org.testng.internal.TestInvoker.invokeMethod(TestInvoker.java:597)
org.testng.internal.TestInvoker.invokeTestMethod(TestInvoker.java:173)
org.testng.internal.TestMethodWithDataProviderMethodWorker.call(TestMethodWithDataProviderMethodWorker.java:77)
org.testng.internal.TestMethodWithDataProviderMethodWorker.call(TestMethodWithDataProviderMethodWorker.java:15)
java.base/java.util.concurrent.FutureTask.run(FutureTask.java:264)
java.base/java.util.concurrent.Executors$RunnableAdapter.call(Executors.java:515)
java.base/java.util.concurrent.FutureTask.run(FutureTask.java:264)
java.base/java.util.concurrent.ThreadPoolExecutor.runWorker(ThreadPoolExecutor.java:1128)
java.base/java.util.concurrent.ThreadPoolExecutor$Worker.run(ThreadPoolExecutor.java:628)
java.base/java.lang.Thread.run(Thread.java:834)
2020-12-19 10:56:37 AbstractCapabilities [INFO] Set Chrome language to: en_US
2020-12-19 10:56:53 IDriverPool [ERROR] Driver initialization 'default' FAILED! Retry 1 of 1 time - session not created
from chrome not reachable
  (Session info: chrome=87.0.4280.88)
Build info: version: '3.141.59', revision: 'e82be7d358', time: '2018-11-14T08:25:53'
System info: host: 'LAPTOP-Q7ODI2IC', ip: '172.22.160.1', os.name: 'Windows 10', os.arch: 'amd64', os.version: '10.0', java.version: '11.0.8'
Driver info: driver.version: unknown
remote stacktrace: Backtrace:
	Ordinal0 [0x0067C0C3+3326147]
	Ordinal0 [0x00560851+2164817]
	Ordinal0 [0x003E7140+618816]
	Ordinal0 [0x003DD404+578564]
	Ordinal0 [0x003DDACB+580299]
	Ordinal0 [0x003DED35+585013]
	Ordinal0 [0x003D9D61+564577]
	Ordinal0 [0x003E82C0+623296]
	Ordinal0 [0x00386BDD+224221]
	Ordinal0 [0x00385CAC+220332]
	Ordinal0 [0x0038189B+202907]
	Ordinal0 [0x00363DF4+81396]
	Ordinal0 [0x00364DEE+85486]
	Ordinal0 [0x00364D79+85369]
	Ordinal0 [0x005785DC+2262492]
	GetHandleVerifier [0x00802874+1487204]
	GetHandleVerifier [0x008023CD+1486013]
	GetHandleVerifier [0x0080A368+1518680]
	GetHandleVerifier [0x00802F4E+1488958]
	Ordinal0 [0x0056ED0D+2223373]
	Ordinal0 [0x0057A12B+2269483]
	Ordinal0 [0x0057A26F+2269807]
	Ordinal0 [0x0058ECB8+2354360]
	BaseThreadInitThunk [0x7612FA29+25]
	RtlGetAppContainerNamedObjectPath [0x777675F4+228]
	RtlGetAppContainerNamedObjectPath [0x777675C4+180]

Command duration or timeout: 15.44 seconds
org.openqa.selenium.SessionNotCreatedException: session not created
from chrome not reachable
  (Session info: chrome=87.0.4280.88)
Build info: version: '3.141.59', revision: 'e82be7d358', time: '2018-11-14T08:25:53'
System info: host: 'LAPTOP-Q7ODI2IC', ip: '172.22.160.1', os.name: 'Windows 10', os.arch: 'amd64', os.version: '10.0', java.version: '11.0.8'
Driver info: driver.version: unknown
remote stacktrace: Backtrace:
	Ordinal0 [0x0067C0C3+3326147]
	Ordinal0 [0x00560851+2164817]
	Ordinal0 [0x003E7140+618816]
	Ordinal0 [0x003DD404+578564]
	Ordinal0 [0x003DDACB+580299]
	Ordinal0 [0x003DED35+585013]
	Ordinal0 [0x003D9D61+564577]
	Ordinal0 [0x003E82C0+623296]
	Ordinal0 [0x00386BDD+224221]
	Ordinal0 [0x00385CAC+220332]
	Ordinal0 [0x0038189B+202907]
	Ordinal0 [0x00363DF4+81396]
	Ordinal0 [0x00364DEE+85486]
	Ordinal0 [0x00364D79+85369]
	Ordinal0 [0x005785DC+2262492]
	GetHandleVerifier [0x00802874+1487204]
	GetHandleVerifier [0x008023CD+1486013]
	GetHandleVerifier [0x0080A368+1518680]
	GetHandleVerifier [0x00802F4E+1488958]
	Ordinal0 [0x0056ED0D+2223373]
	Ordinal0 [0x0057A12B+2269483]
	Ordinal0 [0x0057A26F+2269807]
	Ordinal0 [0x0058ECB8+2354360]
	BaseThreadInitThunk [0x7612FA29+25]
	RtlGetAppContainerNamedObjectPath [0x777675F4+228]
	RtlGetAppContainerNamedObjectPath [0x777675C4+180]

Command duration or timeout: 15.44 seconds
	at java.base/jdk.internal.reflect.NativeConstructorAccessorImpl.newInstance0(Native Method)
	at java.base/jdk.internal.reflect.NativeConstructorAccessorImpl.newInstance(NativeConstructorAccessorImpl.java:62)
	at java.base/jdk.internal.reflect.DelegatingConstructorAccessorImpl.newInstance(DelegatingConstructorAccessorImpl.java:45)
	at java.base/java.lang.reflect.Constructor.newInstance(Constructor.java:490)
	at org.openqa.selenium.remote.ErrorHandler.createThrowable(ErrorHandler.java:214)
	at org.openqa.selenium.remote.ErrorHandler.throwIfResponseFailed(ErrorHandler.java:166)
	at org.openqa.selenium.remote.JsonWireProtocolResponse.lambda$errorHandler$0(JsonWireProtocolResponse.java:54)
	at org.openqa.selenium.remote.HandshakeResponse.lambda$getResponseFunction$0(HandshakeResponse.java:30)
	at org.openqa.selenium.remote.ProtocolHandshake.lambda$createSession$0(ProtocolHandshake.java:126)
	at java.base/java.util.stream.ReferencePipeline$3$1.accept(ReferencePipeline.java:195)
	at java.base/java.util.Spliterators$ArraySpliterator.tryAdvance(Spliterators.java:958)
	at java.base/java.util.stream.ReferencePipeline.forEachWithCancel(ReferencePipeline.java:127)
	at java.base/java.util.stream.AbstractPipeline.copyIntoWithCancel(AbstractPipeline.java:502)
	at java.base/java.util.stream.AbstractPipeline.copyInto(AbstractPipeline.java:488)
	at java.base/java.util.stream.AbstractPipeline.wrapAndCopyInto(AbstractPipeline.java:474)
	at java.base/java.util.stream.FindOps$FindOp.evaluateSequential(FindOps.java:150)
	at java.base/java.util.stream.AbstractPipeline.evaluate(AbstractPipeline.java:234)
	at java.base/java.util.stream.ReferencePipeline.findFirst(ReferencePipeline.java:543)
	at org.openqa.selenium.remote.ProtocolHandshake.createSession(ProtocolHandshake.java:128)
	at org.openqa.selenium.remote.ProtocolHandshake.createSession(ProtocolHandshake.java:74)
	at org.openqa.selenium.remote.HttpCommandExecutor.execute(HttpCommandExecutor.java:136)
	at com.qaprosoft.carina.core.foundation.webdriver.listener.EventFiringSeleniumCommandExecutor.execute(EventFiringSeleniumCommandExecutor.java:54)
	at org.openqa.selenium.remote.RemoteWebDriver.execute(RemoteWebDriver.java:552)
	at org.openqa.selenium.remote.RemoteWebDriver.startSession(RemoteWebDriver.java:213)
	at org.openqa.selenium.remote.RemoteWebDriver.<init>(RemoteWebDriver.java:131)
	at com.qaprosoft.carina.core.foundation.webdriver.core.factory.impl.DesktopFactory.create(DesktopFactory.java:126)
	at com.qaprosoft.carina.core.foundation.webdriver.core.factory.DriverFactory.create(DriverFactory.java:71)
	at com.qaprosoft.carina.core.foundation.webdriver.IDriverPool.createDriver(IDriverPool.java:511)
	at com.qaprosoft.carina.core.foundation.webdriver.IDriverPool.getDriver(IDriverPool.java:161)
	at com.qaprosoft.carina.core.foundation.webdriver.IDriverPool.getDriver(IDriverPool.java:96)
	at com.qaprosoft.carina.core.foundation.webdriver.IDriverPool.getDriver(IDriverPool.java:84)
	at com.webTesting.SearchTest.setHomePage(SearchTest.java:23)
	at java.base/jdk.internal.reflect.NativeMethodAccessorImpl.invoke0(Native Method)
	at java.base/jdk.internal.reflect.NativeMethodAccessorImpl.invoke(NativeMethodAccessorImpl.java:62)
	at java.base/jdk.internal.reflect.DelegatingMethodAccessorImpl.invoke(DelegatingMethodAccessorImpl.java:43)
	at java.base/java.lang.reflect.Method.invoke(Method.java:566)
	at org.testng.internal.MethodInvocationHelper.invokeMethod(MethodInvocationHelper.java:134)
	at org.testng.internal.MethodInvocationHelper.invokeMethodConsideringTimeout(MethodInvocationHelper.java:63)
	at org.testng.internal.ConfigInvoker.invokeConfigurationMethod(ConfigInvoker.java:348)
	at org.testng.internal.ConfigInvoker.invokeConfigurations(ConfigInvoker.java:302)
	at org.testng.internal.TestInvoker.runConfigMethods(TestInvoker.java:695)
	at org.testng.internal.TestInvoker.invokeMethod(TestInvoker.java:523)
	at org.testng.internal.TestInvoker.invokeTestMethod(TestInvoker.java:173)
	at org.testng.internal.TestMethodWithDataProviderMethodWorker.call(TestMethodWithDataProviderMethodWorker.java:77)
	at org.testng.internal.TestMethodWithDataProviderMethodWorker.call(TestMethodWithDataProviderMethodWorker.java:15)
	at java.base/java.util.concurrent.FutureTask.run(FutureTask.java:264)
	at java.base/java.util.concurrent.Executors$RunnableAdapter.call(Executors.java:515)
	at java.base/java.util.concurrent.FutureTask.run(FutureTask.java:264)
	at java.base/java.util.concurrent.ThreadPoolExecutor.runWorker(ThreadPoolExecutor.java:1128)
	at java.base/java.util.concurrent.ThreadPoolExecutor$Worker.run(ThreadPoolExecutor.java:628)
	at java.base/java.lang.Thread.run(Thread.java:834)
Caused by: org.openqa.selenium.SessionNotCreatedException: session not created
from chrome not reachable
  (Session info: chrome=87.0.4280.88)
Build info: version: '3.141.59', revision: 'e82be7d358', time: '2018-11-14T08:25:53'
System info: host: 'LAPTOP-Q7ODI2IC', ip: '172.22.160.1', os.name: 'Windows 10', os.arch: 'amd64', os.version: '10.0', java.version: '11.0.8'
Driver info: driver.version: unknown
remote stacktrace: Backtrace:
	Ordinal0 [0x0067C0C3+3326147]
	Ordinal0 [0x00560851+2164817]
	Ordinal0 [0x003E7140+618816]
	Ordinal0 [0x003DD404+578564]
	Ordinal0 [0x003DDACB+580299]
	Ordinal0 [0x003DED35+585013]
	Ordinal0 [0x003D9D61+564577]
	Ordinal0 [0x003E82C0+623296]
	Ordinal0 [0x00386BDD+224221]
	Ordinal0 [0x00385CAC+220332]
	Ordinal0 [0x0038189B+202907]
	Ordinal0 [0x00363DF4+81396]
	Ordinal0 [0x00364DEE+85486]
	Ordinal0 [0x00364D79+85369]
	Ordinal0 [0x005785DC+2262492]
	GetHandleVerifier [0x00802874+1487204]
	GetHandleVerifier [0x008023CD+1486013]
	GetHandleVerifier [0x0080A368+1518680]
	GetHandleVerifier [0x00802F4E+1488958]
	Ordinal0 [0x0056ED0D+2223373]
	Ordinal0 [0x0057A12B+2269483]
	Ordinal0 [0x0057A26F+2269807]
	Ordinal0 [0x0058ECB8+2354360]
	BaseThreadInitThunk [0x7612FA29+25]
	RtlGetAppContainerNamedObjectPath [0x777675F4+228]
	RtlGetAppContainerNamedObjectPath [0x777675C4+180]

Build info: version: '3.141.59', revision: 'e82be7d358', time: '2018-11-14T08:17:03'
System info: host: 'LAPTOP-Q7ODI2IC', ip: '172.22.160.1', os.name: 'Windows 10', os.arch: 'amd64', os.version: '10.0', java.version: '11.0.8'
Driver info: driver.version: unknown
	at jdk.internal.reflect.NativeConstructorAccessorImpl.newInstance0(Native Method)
	at jdk.internal.reflect.NativeConstructorAccessorImpl.newInstance(NativeConstructorAccessorImpl.java:62)
	at jdk.internal.reflect.DelegatingConstructorAccessorImpl.newInstance(DelegatingConstructorAccessorImpl.java:45)
	at java.lang.reflect.Constructor.newInstance(Constructor.java:490)
	at org.openqa.selenium.remote.W3CHandshakeResponse.lambda$errorHandler$0(W3CHandshakeResponse.java:62)
	at org.openqa.selenium.remote.HandshakeResponse.lambda$getResponseFunction$0(HandshakeResponse.java:30)
	at org.openqa.selenium.remote.ProtocolHandshake.lambda$createSession$0(ProtocolHandshake.java:126)
	at java.util.stream.ReferencePipeline$3$1.accept(ReferencePipeline.java:195)
	at java.util.Spliterators$ArraySpliterator.tryAdvance(Spliterators.java:958)
	at java.util.stream.ReferencePipeline.forEachWithCancel(ReferencePipeline.java:127)
	at java.util.stream.AbstractPipeline.copyIntoWithCancel(AbstractPipeline.java:502)
	at java.util.stream.AbstractPipeline.copyInto(AbstractPipeline.java:488)
	at java.util.stream.AbstractPipeline.wrapAndCopyInto(AbstractPipeline.java:474)
	at java.util.stream.FindOps$FindOp.evaluateSequential(FindOps.java:150)
	at java.util.stream.AbstractPipeline.evaluate(AbstractPipeline.java:234)
	at java.util.stream.ReferencePipeline.findFirst(ReferencePipeline.java:543)
	at org.openqa.selenium.remote.ProtocolHandshake.createSession(ProtocolHandshake.java:128)
	at org.openqa.selenium.remote.ProtocolHandshake.createSession(ProtocolHandshake.java:74)
	at org.openqa.selenium.grid.session.remote.RemoteSession$Factory.performHandshake(RemoteSession.java:147)
	at org.openqa.selenium.grid.session.remote.ServicedSession$Factory.apply(ServicedSession.java:161)
	at org.openqa.selenium.remote.server.ActiveSessionFactory.lambda$apply$12(ActiveSessionFactory.java:180)
	at java.util.stream.ReferencePipeline$3$1.accept(ReferencePipeline.java:195)
	at java.util.stream.ReferencePipeline$11$1.accept(ReferencePipeline.java:442)
	at java.util.stream.ReferencePipeline$2$1.accept(ReferencePipeline.java:177)
	at java.util.Spliterators$ArraySpliterator.tryAdvance(Spliterators.java:958)
	at java.util.stream.ReferencePipeline.forEachWithCancel(ReferencePipeline.java:127)
	at java.util.stream.AbstractPipeline.copyIntoWithCancel(AbstractPipeline.java:502)
	at java.util.stream.AbstractPipeline.copyInto(AbstractPipeline.java:488)
	at java.util.stream.AbstractPipeline.wrapAndCopyInto(AbstractPipeline.java:474)
	at java.util.stream.FindOps$FindOp.evaluateSequential(FindOps.java:150)
	at java.util.stream.AbstractPipeline.evaluate(AbstractPipeline.java:234)
	at java.util.stream.ReferencePipeline.findFirst(ReferencePipeline.java:543)
	at org.openqa.selenium.remote.server.ActiveSessionFactory.apply(ActiveSessionFactory.java:183)
	at org.openqa.selenium.remote.server.NewSessionPipeline.lambda$null$2(NewSessionPipeline.java:66)
	at java.util.stream.ReferencePipeline$3$1.accept(ReferencePipeline.java:195)
	at java.util.stream.ReferencePipeline$2$1.accept(ReferencePipeline.java:177)
	at java.util.Collections$2.tryAdvance(Collections.java:4747)
	at java.util.stream.ReferencePipeline.forEachWithCancel(ReferencePipeline.java:127)
	at java.util.stream.AbstractPipeline.copyIntoWithCancel(AbstractPipeline.java:502)
	at java.util.stream.AbstractPipeline.copyInto(AbstractPipeline.java:488)
	at java.util.stream.AbstractPipeline.wrapAndCopyInto(AbstractPipeline.java:474)
	at java.util.stream.FindOps$FindOp.evaluateSequential(FindOps.java:150)
	at java.util.stream.AbstractPipeline.evaluate(AbstractPipeline.java:234)
	at java.util.stream.ReferencePipeline.findFirst(ReferencePipeline.java:543)
	at org.openqa.selenium.remote.server.NewSessionPipeline.lambda$createNewSession$3(NewSessionPipeline.java:69)
	at java.util.stream.ReferencePipeline$3$1.accept(ReferencePipeline.java:195)
	at java.util.stream.ReferencePipeline$3$1.accept(ReferencePipeline.java:195)
	at java.util.stream.ReferencePipeline$3$1.accept(ReferencePipeline.java:195)
	at java.util.stream.DistinctOps$1$2.accept(DistinctOps.java:175)
	at java.util.stream.ReferencePipeline$2$1.accept(ReferencePipeline.java:177)
	at java.util.stream.ReferencePipeline$3$1.accept(ReferencePipeline.java:195)
	at java.util.stream.ReferencePipeline$2$1.accept(ReferencePipeline.java:177)
	at java.util.stream.Streams$StreamBuilderImpl.tryAdvance(Streams.java:397)
	at java.util.stream.Streams$ConcatSpliterator.tryAdvance(Streams.java:720)
	at java.util.stream.ReferencePipeline.forEachWithCancel(ReferencePipeline.java:127)
	at java.util.stream.AbstractPipeline.copyIntoWithCancel(AbstractPipeline.java:502)
	at java.util.stream.AbstractPipeline.copyInto(AbstractPipeline.java:488)
	at java.util.stream.AbstractPipeline.wrapAndCopyInto(AbstractPipeline.java:474)
	at java.util.stream.FindOps$FindOp.evaluateSequential(FindOps.java:150)
	at java.util.stream.AbstractPipeline.evaluate(AbstractPipeline.java:234)
	at java.util.stream.ReferencePipeline.findFirst(ReferencePipeline.java:543)
	at org.openqa.selenium.remote.server.NewSessionPipeline.createNewSession(NewSessionPipeline.java:72)
	at org.openqa.selenium.remote.server.commandhandler.BeginSession.execute(BeginSession.java:65)
	at org.openqa.selenium.remote.server.WebDriverServlet.lambda$handle$0(WebDriverServlet.java:235)
	at java.util.concurrent.Executors$RunnableAdapter.call(Executors.java:515)
	at java.util.concurrent.FutureTask.run(FutureTask.java:264)
	at java.util.concurrent.ThreadPoolExecutor.runWorker(ThreadPoolExecutor.java:1128)
	at java.util.concurrent.ThreadPoolExecutor$Worker.run(ThreadPoolExecutor.java:628)
	at java.lang.Thread.run(Thread.java:834)
2020-12-19 10:56:53 Messager [INFO]  TEST [Default test - testSearchProduct] STARTED at [10:56:53 2020-12-19]
2020-12-19 10:56:53 Messager [WARN]  TEST [Default test - testSearchProduct] SKIPPED at [10:56:53 2020-12-19] - session not created
from chrome not reachable
  (Session info: chrome=87.0.4280.88)
Build info: version: '3.141.59', revision: 'e82be7d358', time: '2018-11-14T08:25:53'
System info: host: 'LAPTOP-Q7ODI2IC', ip: '172.22.160.1', os.name: 'Windows 10', os.arch: 'amd64', os.version: '10.0', java.version: '11.0.8'
Driver info: driver.version: unknown
remote stacktrace: Backtrace:
	Ordinal0 [0x0067C0C3+3326147]
	Ordinal0 [0x00560851+2164817]
	Ordinal0 [0x003E7140+618816]
	Ordinal0 [0x003DD404+578564]
	Ordinal0 [0x003DDACB+580299]
	Ordinal0 [0x003DED35+585013]
	Ordinal0 [0x003D9D61+564577]
	Ordinal0 [0x003E82C0+623296]
	Ordinal0 [0x00386BDD+224221]
	Ordinal0 [0x00385CAC+220332]
	Ordinal0 [0x0038189B+202907]
	Ordinal0 [0x00363DF4+81396]
	Ordinal0 [0x00364DEE+85486]
	Ordinal0 [0x00364D79+85369]
	Ordinal0 [0x005785DC+2262492]
	GetHandleVerifier [0x00802874+1487204]
	GetHandleVerifier [0x008023CD+1486013]
	GetHandleVerifier [0x0080A368+1518680]
	GetHandleVerifier [0x00802F4E+1488958]
	Ordinal0 [0x0056ED0D+2223373]
	Ordinal0 [0x0057A12B+2269483]
	Ordinal0 [0x0057A26F+2269807]
	Ordinal0 [0x0058ECB8+2354360]
	BaseThreadInitThunk [0x7612FA29+25]
	RtlGetAppContainerNamedObjectPath [0x777675F4+228]
	RtlGetAppContainerNamedObjectPath [0x777675C4+180]

Command duration or timeout: 15.44 seconds

java.base/jdk.internal.reflect.NativeConstructorAccessorImpl.newInstance0(Native Method)
java.base/jdk.internal.reflect.NativeConstructorAccessorImpl.newInstance(NativeConstructorAccessorImpl.java:62)
java.base/jdk.internal.reflect.DelegatingConstructorAccessorImpl.newInstance(DelegatingConstructorAccessorImpl.java:45)
java.base/java.lang.reflect.Constructor.newInstance(Constructor.java:490)
org.openqa.selenium.remote.ErrorHandler.createThrowable(ErrorHandler.java:214)
org.openqa.selenium.remote.ErrorHandler.throwIfResponseFailed(ErrorHandler.java:166)
org.openqa.selenium.remote.JsonWireProtocolResponse.lambda$errorHandler$0(JsonWireProtocolResponse.java:54)
org.openqa.selenium.remote.HandshakeResponse.lambda$getResponseFunction$0(HandshakeResponse.java:30)
org.openqa.selenium.remote.ProtocolHandshake.lambda$createSession$0(ProtocolHandshake.java:126)
java.base/java.util.stream.ReferencePipeline$3$1.accept(ReferencePipeline.java:195)
java.base/java.util.Spliterators$ArraySpliterator.tryAdvance(Spliterators.java:958)
java.base/java.util.stream.ReferencePipeline.forEachWithCancel(ReferencePipeline.java:127)
java.base/java.util.stream.AbstractPipeline.copyIntoWithCancel(AbstractPipeline.java:502)
java.base/java.util.stream.AbstractPipeline.copyInto(AbstractPipeline.java:488)
java.base/java.util.stream.AbstractPipeline.wrapAndCopyInto(AbstractPipeline.java:474)
java.base/java.util.stream.FindOps$FindOp.evaluateSequential(FindOps.java:150)
java.base/java.util.stream.AbstractPipeline.evaluate(AbstractPipeline.java:234)
java.base/java.util.stream.ReferencePipeline.findFirst(ReferencePipeline.java:543)
org.openqa.selenium.remote.ProtocolHandshake.createSession(ProtocolHandshake.java:128)
org.openqa.selenium.remote.ProtocolHandshake.createSession(ProtocolHandshake.java:74)
org.openqa.selenium.remote.HttpCommandExecutor.execute(HttpCommandExecutor.java:136)
com.qaprosoft.carina.core.foundation.webdriver.listener.EventFiringSeleniumCommandExecutor.execute(EventFiringSeleniumCommandExecutor.java:54)
org.openqa.selenium.remote.RemoteWebDriver.execute(RemoteWebDriver.java:552)
org.openqa.selenium.remote.RemoteWebDriver.startSession(RemoteWebDriver.java:213)
org.openqa.selenium.remote.RemoteWebDriver.<init>(RemoteWebDriver.java:131)
com.qaprosoft.carina.core.foundation.webdriver.core.factory.impl.DesktopFactory.create(DesktopFactory.java:126)
com.qaprosoft.carina.core.foundation.webdriver.core.factory.DriverFactory.create(DriverFactory.java:71)
com.qaprosoft.carina.core.foundation.webdriver.IDriverPool.createDriver(IDriverPool.java:511)
com.qaprosoft.carina.core.foundation.webdriver.IDriverPool.getDriver(IDriverPool.java:161)
com.qaprosoft.carina.core.foundation.webdriver.IDriverPool.getDriver(IDriverPool.java:96)
com.qaprosoft.carina.core.foundation.webdriver.IDriverPool.getDriver(IDriverPool.java:84)
com.webTesting.SearchTest.setHomePage(SearchTest.java:23)
java.base/jdk.internal.reflect.NativeMethodAccessorImpl.invoke0(Native Method)
java.base/jdk.internal.reflect.NativeMethodAccessorImpl.invoke(NativeMethodAccessorImpl.java:62)
java.base/jdk.internal.reflect.DelegatingMethodAccessorImpl.invoke(DelegatingMethodAccessorImpl.java:43)
java.base/java.lang.reflect.Method.invoke(Method.java:566)
org.testng.internal.MethodInvocationHelper.invokeMethod(MethodInvocationHelper.java:134)
org.testng.internal.MethodInvocationHelper.invokeMethodConsideringTimeout(MethodInvocationHelper.java:63)
org.testng.internal.ConfigInvoker.invokeConfigurationMethod(ConfigInvoker.java:348)
org.testng.internal.ConfigInvoker.invokeConfigurations(ConfigInvoker.java:302)
org.testng.internal.TestInvoker.runConfigMethods(TestInvoker.java:695)
org.testng.internal.TestInvoker.invokeMethod(TestInvoker.java:523)
org.testng.internal.TestInvoker.invokeTestMethod(TestInvoker.java:173)
org.testng.internal.TestMethodWithDataProviderMethodWorker.call(TestMethodWithDataProviderMethodWorker.java:77)
org.testng.internal.TestMethodWithDataProviderMethodWorker.call(TestMethodWithDataProviderMethodWorker.java:15)
java.base/java.util.concurrent.FutureTask.run(FutureTask.java:264)
java.base/java.util.concurrent.Executors$RunnableAdapter.call(Executors.java:515)
java.base/java.util.concurrent.FutureTask.run(FutureTask.java:264)
java.base/java.util.concurrent.ThreadPoolExecutor.runWorker(ThreadPoolExecutor.java:1128)
java.base/java.util.concurrent.ThreadPoolExecutor$Worker.run(ThreadPoolExecutor.java:628)
java.base/java.lang.Thread.run(Thread.java:834)
2020-12-19 10:56:53 Messager [INFO]  TEST [Default test - testSearchProduct] STARTED at [10:56:53 2020-12-19]
2020-12-19 10:56:53 Messager [WARN]  TEST [Default test - testSearchProduct] SKIPPED at [10:56:53 2020-12-19] - session not created
from chrome not reachable
  (Session info: chrome=87.0.4280.88)
Build info: version: '3.141.59', revision: 'e82be7d358', time: '2018-11-14T08:25:53'
System info: host: 'LAPTOP-Q7ODI2IC', ip: '172.22.160.1', os.name: 'Windows 10', os.arch: 'amd64', os.version: '10.0', java.version: '11.0.8'
Driver info: driver.version: unknown
remote stacktrace: Backtrace:
	Ordinal0 [0x0067C0C3+3326147]
	Ordinal0 [0x00560851+2164817]
	Ordinal0 [0x003E7140+618816]
	Ordinal0 [0x003DD404+578564]
	Ordinal0 [0x003DDACB+580299]
	Ordinal0 [0x003DED35+585013]
	Ordinal0 [0x003D9D61+564577]
	Ordinal0 [0x003E82C0+623296]
	Ordinal0 [0x00386BDD+224221]
	Ordinal0 [0x00385CAC+220332]
	Ordinal0 [0x0038189B+202907]
	Ordinal0 [0x00363DF4+81396]
	Ordinal0 [0x00364DEE+85486]
	Ordinal0 [0x00364D79+85369]
	Ordinal0 [0x005785DC+2262492]
	GetHandleVerifier [0x00802874+1487204]
	GetHandleVerifier [0x008023CD+1486013]
	GetHandleVerifier [0x0080A368+1518680]
	GetHandleVerifier [0x00802F4E+1488958]
	Ordinal0 [0x0056ED0D+2223373]
	Ordinal0 [0x0057A12B+2269483]
	Ordinal0 [0x0057A26F+2269807]
	Ordinal0 [0x0058ECB8+2354360]
	BaseThreadInitThunk [0x7612FA29+25]
	RtlGetAppContainerNamedObjectPath [0x777675F4+228]
	RtlGetAppContainerNamedObjectPath [0x777675C4+180]

Command duration or timeout: 15.44 seconds

java.base/jdk.internal.reflect.NativeConstructorAccessorImpl.newInstance0(Native Method)
java.base/jdk.internal.reflect.NativeConstructorAccessorImpl.newInstance(NativeConstructorAccessorImpl.java:62)
java.base/jdk.internal.reflect.DelegatingConstructorAccessorImpl.newInstance(DelegatingConstructorAccessorImpl.java:45)
java.base/java.lang.reflect.Constructor.newInstance(Constructor.java:490)
org.openqa.selenium.remote.ErrorHandler.createThrowable(ErrorHandler.java:214)
org.openqa.selenium.remote.ErrorHandler.throwIfResponseFailed(ErrorHandler.java:166)
org.openqa.selenium.remote.JsonWireProtocolResponse.lambda$errorHandler$0(JsonWireProtocolResponse.java:54)
org.openqa.selenium.remote.HandshakeResponse.lambda$getResponseFunction$0(HandshakeResponse.java:30)
org.openqa.selenium.remote.ProtocolHandshake.lambda$createSession$0(ProtocolHandshake.java:126)
java.base/java.util.stream.ReferencePipeline$3$1.accept(ReferencePipeline.java:195)
java.base/java.util.Spliterators$ArraySpliterator.tryAdvance(Spliterators.java:958)
java.base/java.util.stream.ReferencePipeline.forEachWithCancel(ReferencePipeline.java:127)
java.base/java.util.stream.AbstractPipeline.copyIntoWithCancel(AbstractPipeline.java:502)
java.base/java.util.stream.AbstractPipeline.copyInto(AbstractPipeline.java:488)
java.base/java.util.stream.AbstractPipeline.wrapAndCopyInto(AbstractPipeline.java:474)
java.base/java.util.stream.FindOps$FindOp.evaluateSequential(FindOps.java:150)
java.base/java.util.stream.AbstractPipeline.evaluate(AbstractPipeline.java:234)
java.base/java.util.stream.ReferencePipeline.findFirst(ReferencePipeline.java:543)
org.openqa.selenium.remote.ProtocolHandshake.createSession(ProtocolHandshake.java:128)
org.openqa.selenium.remote.ProtocolHandshake.createSession(ProtocolHandshake.java:74)
org.openqa.selenium.remote.HttpCommandExecutor.execute(HttpCommandExecutor.java:136)
com.qaprosoft.carina.core.foundation.webdriver.listener.EventFiringSeleniumCommandExecutor.execute(EventFiringSeleniumCommandExecutor.java:54)
org.openqa.selenium.remote.RemoteWebDriver.execute(RemoteWebDriver.java:552)
org.openqa.selenium.remote.RemoteWebDriver.startSession(RemoteWebDriver.java:213)
org.openqa.selenium.remote.RemoteWebDriver.<init>(RemoteWebDriver.java:131)
com.qaprosoft.carina.core.foundation.webdriver.core.factory.impl.DesktopFactory.create(DesktopFactory.java:126)
com.qaprosoft.carina.core.foundation.webdriver.core.factory.DriverFactory.create(DriverFactory.java:71)
com.qaprosoft.carina.core.foundation.webdriver.IDriverPool.createDriver(IDriverPool.java:511)
com.qaprosoft.carina.core.foundation.webdriver.IDriverPool.getDriver(IDriverPool.java:161)
com.qaprosoft.carina.core.foundation.webdriver.IDriverPool.getDriver(IDriverPool.java:96)
com.qaprosoft.carina.core.foundation.webdriver.IDriverPool.getDriver(IDriverPool.java:84)
com.webTesting.SearchTest.setHomePage(SearchTest.java:23)
java.base/jdk.internal.reflect.NativeMethodAccessorImpl.invoke0(Native Method)
java.base/jdk.internal.reflect.NativeMethodAccessorImpl.invoke(NativeMethodAccessorImpl.java:62)
java.base/jdk.internal.reflect.DelegatingMethodAccessorImpl.invoke(DelegatingMethodAccessorImpl.java:43)
java.base/java.lang.reflect.Method.invoke(Method.java:566)
org.testng.internal.MethodInvocationHelper.invokeMethod(MethodInvocationHelper.java:134)
org.testng.internal.MethodInvocationHelper.invokeMethodConsideringTimeout(MethodInvocationHelper.java:63)
org.testng.internal.ConfigInvoker.invokeConfigurationMethod(ConfigInvoker.java:348)
org.testng.internal.ConfigInvoker.invokeConfigurations(ConfigInvoker.java:302)
org.testng.internal.TestInvoker.runConfigMethods(TestInvoker.java:695)
org.testng.internal.TestInvoker.invokeMethod(TestInvoker.java:523)
org.testng.internal.TestInvoker.invokeTestMethod(TestInvoker.java:173)
org.testng.internal.TestMethodWithDataProviderMethodWorker.call(TestMethodWithDataProviderMethodWorker.java:77)
org.testng.internal.TestMethodWithDataProviderMethodWorker.call(TestMethodWithDataProviderMethodWorker.java:15)
java.base/java.util.concurrent.FutureTask.run(FutureTask.java:264)
java.base/java.util.concurrent.Executors$RunnableAdapter.call(Executors.java:515)
java.base/java.util.concurrent.FutureTask.run(FutureTask.java:264)
java.base/java.util.concurrent.ThreadPoolExecutor.runWorker(ThreadPoolExecutor.java:1128)
java.base/java.util.concurrent.ThreadPoolExecutor$Worker.run(ThreadPoolExecutor.java:628)
java.base/java.lang.Thread.run(Thread.java:834)
2020-12-19 10:56:53 Messager [INFO] INFO: '**************** Test execution summary ****************'.
2020-12-19 10:56:53 Messager [INFO] RESULT #1: TEST [GSMA0001 - Default test - testSearchProduct] FAIL [screenshots=./1608386179557/70878861-bff2-4c69-9018-55d1ffa31575/report.html | log=./1608386179557/70878861-bff2-4c69-9018-55d1ffa31575/test.log]
2020-12-19 10:56:53 Messager [INFO] RESULT #2: TEST [Default test - testSearchProduct] SKIP [log=./1608386179557/044797e4-52ec-4ef6-a583-9e2b15f8f40d/test.log]
2020-12-19 10:57:38 CarinaListener [INFO] 
============= Test configuration =============
url=https://www.gsmarena.com
env=DEMO
env_arg_resolver=com.qaprosoft.carina.core.foundation.utils.DefaultEnvArgResolver
browser=chrome
browser_language=en_US
selenium_host=http://localhost:4444/wd/hub
max_driver_count=3
headless=false
proxy_protocols=http,https,ftp
browsermob_proxy=false
browsermob_port=0
browsermob_disabled_mitm=false
proxy_set_to_system=false
track_known_issues=false
auto_screenshot=true
explicit_timeout=20
auto_download=false
retry_interval=5
project_report_directory=./reports/qa
max_screen_history=0
max_log_file_size=150
result_sorting=true
big_screen_width=-1
big_screen_height=-1
init_retry_count=0
init_retry_interval=1
retry_count=0
enable_l10n=true
l10n_encoding=ISO-8859-1
locale=en_US
thread_count=3
data_provider_thread_count=1
core_log_level=INFO
core_log_packages=com.qaprosoft.carina.core
artifacts_expiration_seconds=2592000
log_all_json=true
date_format=HH:mm:ss yyyy-MM-dd
time_format=HH:mm:ss
test_naming_pattern={method_name}
element_loading_strategy=BY_PRESENCE_OR_VISIBILITY
page_opening_strategy=BY_URL_AND_ELEMENT
forcibly_disable_driver_quit=false
s3_use_presign_url=false
s3_local_storage=.
appcenter_local_storage=.
add_new_localization=false
add_new_localization_encoding=utf-8
add_new_localization_property_name=new_custom_messages_
uninstall_related_apps=false
default_device_timezone=GMT
default_device_time_format=24
default_device_language=en_US
android_screen_record_bitrate=1000000
android_enable_bug_report=true
ios_screen_record_quality=MEDIUM
ios_screen_record_codec=libx264
ios_screen_record_fps=10
screen_record_duration=180
video_scale=-2:720
ignore_ssl=false
selenium_host=http://localhost:4444/wd/hub

------------- Driver capabilities -----------
================================================

2020-12-19 10:57:40 CarinaListener [INFO] CARINA_CORE_VERSION: 6.5.46
2020-12-19 10:57:40 AbstractCapabilities [INFO] Set Chrome language to: en_US
2020-12-19 10:57:44 CarinaListener [INFO] 
============= Test configuration =============
url=https://www.gsmarena.com
env=DEMO
env_arg_resolver=com.qaprosoft.carina.core.foundation.utils.DefaultEnvArgResolver
browser=chrome
browser_language=en_US
selenium_host=http://localhost:4444/wd/hub
max_driver_count=3
headless=false
proxy_protocols=http,https,ftp
browsermob_proxy=false
browsermob_port=0
browsermob_disabled_mitm=false
proxy_set_to_system=false
track_known_issues=false
auto_screenshot=true
explicit_timeout=20
auto_download=false
retry_interval=5
project_report_directory=./reports/qa
max_screen_history=0
max_log_file_size=150
result_sorting=true
big_screen_width=-1
big_screen_height=-1
init_retry_count=0
init_retry_interval=1
retry_count=0
enable_l10n=true
l10n_encoding=ISO-8859-1
locale=en_US
thread_count=3
data_provider_thread_count=1
core_log_level=INFO
core_log_packages=com.qaprosoft.carina.core
artifacts_expiration_seconds=2592000
log_all_json=true
date_format=HH:mm:ss yyyy-MM-dd
time_format=HH:mm:ss
test_naming_pattern={method_name}
element_loading_strategy=BY_PRESENCE_OR_VISIBILITY
page_opening_strategy=BY_URL_AND_ELEMENT
forcibly_disable_driver_quit=false
s3_use_presign_url=false
s3_local_storage=.
appcenter_local_storage=.
add_new_localization=false
add_new_localization_encoding=utf-8
add_new_localization_property_name=new_custom_messages_
uninstall_related_apps=false
default_device_timezone=GMT
default_device_time_format=24
default_device_language=en_US
android_screen_record_bitrate=1000000
android_enable_bug_report=true
ios_screen_record_quality=MEDIUM
ios_screen_record_codec=libx264
ios_screen_record_fps=10
screen_record_duration=180
video_scale=-2:720
ignore_ssl=false
selenium_host=http://localhost:4444/wd/hub

------------- Driver capabilities -----------
================================================

2020-12-19 10:57:45 CarinaListener [INFO] CARINA_CORE_VERSION: 6.5.46
2020-12-19 10:57:45 AbstractCapabilities [INFO] Set Chrome language to: en_US
2020-12-19 10:57:46 DesktopFactory [INFO] Browser window was maximized
2020-12-19 10:57:47 Messager [INFO] INFO: url 'https://www.gsmarena.com' is being opened...
2020-12-19 10:57:49 DriverListener [INFO] INFO: url 'https://www.gsmarena.com' is opened.
2020-12-19 10:57:51 Messager [INFO]  TEST [Default test - testSearchByBrand] STARTED at [10:57:51 2020-12-19]
2020-12-19 10:57:52 DesktopFactory [INFO] Browser window was maximized
2020-12-19 10:57:52 Messager [INFO] INFO: url 'https://www.gsmarena.com' is being opened...
2020-12-19 10:57:59 DriverListener [INFO] Element clicked
2020-12-19 10:58:01 DriverListener [INFO] Element clicked
2020-12-19 10:58:02 Messager [INFO]  TEST [Default test - testSearchByBrand] PASSED at [10:58:02 2020-12-19]
2020-12-19 10:58:02 Messager [INFO]  TEST [Default test - testSearchByBrand [L0002]] STARTED at [10:58:02 2020-12-19]
2020-12-19 10:58:04 DriverListener [INFO] INFO: url 'https://www.gsmarena.com' is opened.
2020-12-19 10:58:06 Messager [INFO]  TEST [Default test - testSearchByBrand] STARTED at [10:58:06 2020-12-19]
2020-12-19 10:58:06 DriverListener [INFO] Element clicked
2020-12-19 10:58:07 DriverListener [INFO] Element clicked
2020-12-19 10:58:10 DriverListener [INFO] Element clicked
2020-12-19 10:58:10 DriverListener [INFO] Element clicked
2020-12-19 10:58:10 Messager [INFO]  TEST [Default test - testSearchByBrand [L0002]] PASSED at [10:58:10 2020-12-19]
2020-12-19 10:58:11 Messager [INFO]  TEST [Default test - testSearchByBrand] PASSED at [10:58:11 2020-12-19]
2020-12-19 10:58:11 Messager [INFO]  TEST [Default test - testSearchByBrand [L0002]] STARTED at [10:58:11 2020-12-19]
2020-12-19 10:58:12 Messager [INFO]  TEST [GSMA0001 - Default test - testSearchProduct] STARTED at [10:58:12 2020-12-19]
2020-12-19 10:58:13 DriverListener [INFO] Element clicked
2020-12-19 10:58:14 DriverListener [INFO] Element clicked
2020-12-19 10:58:14 DriverListener [INFO] Text 'iphone' typed
2020-12-19 10:58:18 DriverListener [INFO] Element clicked
2020-12-19 10:58:18 DriverListener [INFO] Element clicked
2020-12-19 10:58:19 Messager [INFO]  TEST [Default test - testSearchByBrand [L0002]] PASSED at [10:58:19 2020-12-19]
2020-12-19 10:58:19 Messager [INFO]  TEST [GSMA0001 - Default test - testSearchProduct] PASSED at [10:58:19 2020-12-19]
2020-12-19 10:58:19 Messager [INFO]  TEST [GSMA0002 - Default test - testSearchProduct [L0002]] STARTED at [10:58:19 2020-12-19]
2020-12-19 10:58:19 DriverListener [INFO] Element clicked
2020-12-19 10:58:20 Messager [INFO]  TEST [GSMA0001 - Default test - testSearchProduct] STARTED at [10:58:20 2020-12-19]
2020-12-19 10:58:21 DriverListener [INFO] Text 'galaxy' typed
2020-12-19 10:58:21 DriverListener [INFO] Element clicked
2020-12-19 10:58:22 DriverListener [INFO] Text 'iphone' typed
2020-12-19 10:58:23 DriverListener [INFO] Element clicked
2020-12-19 10:58:23 Screenshot [WARN] Unable to capture screenshot due to the Exception!
2020-12-19 10:58:23 DriverListener [ERROR] no such window: target window already closed
from unknown error: web view not found
  (Session info: chrome=87.0.4280.88)
Build info: version: '3.141.59', revision: 'e82be7d358', time: '2018-11-14T08:17:03'
System info: host: 'LAPTOP-Q7ODI2IC', ip: '172.22.160.1', os.name: 'Windows 10', os.arch: 'amd64', os.version: '10.0', java.version: '11.0.8'
Driver info: org.openqa.selenium.remote.RemoteWebDriver
Capabilities {acceptInsecureCerts: true, browserName: chrome, browserVersion: 87.0.4280.88, chrome: {chromedriverVersion: 87.0.4280.88 (89e2380a3e36c..., userDataDir: C:\Users\julim\AppData\Loca...}, goog:chromeOptions: {debuggerAddress: localhost:49433}, javascriptEnabled: true, networkConnectionEnabled: false, pageLoadStrategy: normal, platform: WINDOWS, platformName: WINDOWS, proxy: Proxy(), setWindowRect: true, strictFileInteractability: false, timeouts: {implicit: 0, pageLoad: 300000, script: 30000}, unhandledPromptBehavior: dismiss and notify, webauthn:virtualAuthenticators: true, webdriver.remote.sessionid: 05184704758cf26fff328975178...}
Session ID: 05184704758cf26fff3289751783bcc6
*** Element info: {Using=class name, value=article-info-name}
2020-12-19 10:58:23 Screenshot [WARN] Unable to capture screenshot due to the Exception!
2020-12-19 10:58:23 Messager [ERROR]  TEST [GSMA0002 - Default test - testSearchProduct [L0002]] FAILED at [10:58:23 2020-12-19] - no such window: target window already closed
from unknown error: web view not found
  (Session info: chrome=87.0.4280.88)
Build info: version: '3.141.59', revision: 'e82be7d358', time: '2018-11-14T08:17:03'
System info: host: 'LAPTOP-Q7ODI2IC', ip: '172.22.160.1', os.name: 'Windows 10', os.arch: 'amd64', os.version: '10.0', java.version: '11.0.8'
Driver info: org.openqa.selenium.remote.RemoteWebDriver
Capabilities {acceptInsecureCerts: true, browserName: chrome, browserVersion: 87.0.4280.88, chrome: {chromedriverVersion: 87.0.4280.88 (89e2380a3e36c..., userDataDir: C:\Users\julim\AppData\Loca...}, goog:chromeOptions: {debuggerAddress: localhost:49433}, javascriptEnabled: true, networkConnectionEnabled: false, pageLoadStrategy: normal, platform: WINDOWS, platformName: WINDOWS, proxy: Proxy(), setWindowRect: true, strictFileInteractability: false, timeouts: {implicit: 0, pageLoad: 300000, script: 30000}, unhandledPromptBehavior: dismiss and notify, webauthn:virtualAuthenticators: true, webdriver.remote.sessionid: 05184704758cf26fff328975178...}
Session ID: 05184704758cf26fff3289751783bcc6
*** Element info: {Using=class name, value=article-info-name}

java.base/jdk.internal.reflect.NativeConstructorAccessorImpl.newInstance0(Native Method)
java.base/jdk.internal.reflect.NativeConstructorAccessorImpl.newInstance(NativeConstructorAccessorImpl.java:62)
java.base/jdk.internal.reflect.DelegatingConstructorAccessorImpl.newInstance(DelegatingConstructorAccessorImpl.java:45)
java.base/java.lang.reflect.Constructor.newInstance(Constructor.java:490)
org.openqa.selenium.remote.http.W3CHttpResponseCodec.createException(W3CHttpResponseCodec.java:187)
org.openqa.selenium.remote.http.W3CHttpResponseCodec.decode(W3CHttpResponseCodec.java:122)
org.openqa.selenium.remote.http.W3CHttpResponseCodec.decode(W3CHttpResponseCodec.java:49)
org.openqa.selenium.remote.HttpCommandExecutor.execute(HttpCommandExecutor.java:158)
com.qaprosoft.carina.core.foundation.webdriver.listener.EventFiringSeleniumCommandExecutor.execute(EventFiringSeleniumCommandExecutor.java:54)
org.openqa.selenium.remote.RemoteWebDriver.execute(RemoteWebDriver.java:552)
org.openqa.selenium.remote.RemoteWebDriver.findElement(RemoteWebDriver.java:323)
org.openqa.selenium.remote.RemoteWebDriver.findElementByClassName(RemoteWebDriver.java:412)
org.openqa.selenium.By$ByClassName.findElement(By.java:389)
org.openqa.selenium.remote.RemoteWebDriver.findElement(RemoteWebDriver.java:315)
java.base/jdk.internal.reflect.NativeMethodAccessorImpl.invoke0(Native Method)
java.base/jdk.internal.reflect.NativeMethodAccessorImpl.invoke(NativeMethodAccessorImpl.java:62)
java.base/jdk.internal.reflect.DelegatingMethodAccessorImpl.invoke(DelegatingMethodAccessorImpl.java:43)
java.base/java.lang.reflect.Method.invoke(Method.java:566)
org.openqa.selenium.support.events.EventFiringWebDriver.lambda$new$1(EventFiringWebDriver.java:105)
com.sun.proxy.$Proxy19.findElement(Unknown Source)
org.openqa.selenium.support.events.EventFiringWebDriver.findElement(EventFiringWebDriver.java:194)
org.openqa.selenium.support.pagefactory.DefaultElementLocator.findElement(DefaultElementLocator.java:69)
org.openqa.selenium.support.pagefactory.internal.LocatingElementHandler.invoke(LocatingElementHandler.java:38)
com.sun.proxy.$Proxy24.getText(Unknown Source)
com.solvd.webTesting.gui.pages.SearchResultsPage.getSearchTitle(SearchResultsPage.java:19)
com.webTesting.SearchTest.testSearchProduct(SearchTest.java:32)
java.base/jdk.internal.reflect.NativeMethodAccessorImpl.invoke0(Native Method)
java.base/jdk.internal.reflect.NativeMethodAccessorImpl.invoke(NativeMethodAccessorImpl.java:62)
java.base/jdk.internal.reflect.DelegatingMethodAccessorImpl.invoke(DelegatingMethodAccessorImpl.java:43)
java.base/java.lang.reflect.Method.invoke(Method.java:566)
org.testng.internal.MethodInvocationHelper.invokeMethod(MethodInvocationHelper.java:134)
org.testng.internal.TestInvoker.invokeMethod(TestInvoker.java:597)
org.testng.internal.TestInvoker.invokeTestMethod(TestInvoker.java:173)
org.testng.internal.TestMethodWithDataProviderMethodWorker.call(TestMethodWithDataProviderMethodWorker.java:77)
org.testng.internal.TestMethodWithDataProviderMethodWorker.call(TestMethodWithDataProviderMethodWorker.java:15)
java.base/java.util.concurrent.FutureTask.run(FutureTask.java:264)
java.base/java.util.concurrent.Executors$RunnableAdapter.call(Executors.java:515)
java.base/java.util.concurrent.FutureTask.run(FutureTask.java:264)
java.base/java.util.concurrent.ThreadPoolExecutor.runWorker(ThreadPoolExecutor.java:1128)
java.base/java.util.concurrent.ThreadPoolExecutor$Worker.run(ThreadPoolExecutor.java:628)
java.base/java.lang.Thread.run(Thread.java:834)
2020-12-19 10:58:23 Messager [INFO]  TEST [GSMA0003 - Default test - testSearchProduct [L0003]] STARTED at [10:58:23 2020-12-19]
2020-12-19 10:58:23 DriverListener [ERROR] no such window: target window already closed
from unknown error: web view not found
  (Session info: chrome=87.0.4280.88)
Build info: version: '3.141.59', revision: 'e82be7d358', time: '2018-11-14T08:17:03'
System info: host: 'LAPTOP-Q7ODI2IC', ip: '172.22.160.1', os.name: 'Windows 10', os.arch: 'amd64', os.version: '10.0', java.version: '11.0.8'
Driver info: org.openqa.selenium.remote.RemoteWebDriver
Capabilities {acceptInsecureCerts: true, browserName: chrome, browserVersion: 87.0.4280.88, chrome: {chromedriverVersion: 87.0.4280.88 (89e2380a3e36c..., userDataDir: C:\Users\julim\AppData\Loca...}, goog:chromeOptions: {debuggerAddress: localhost:49433}, javascriptEnabled: true, networkConnectionEnabled: false, pageLoadStrategy: normal, platform: WINDOWS, platformName: WINDOWS, proxy: Proxy(), setWindowRect: true, strictFileInteractability: false, timeouts: {implicit: 0, pageLoad: 300000, script: 30000}, unhandledPromptBehavior: dismiss and notify, webauthn:virtualAuthenticators: true, webdriver.remote.sessionid: 05184704758cf26fff328975178...}
Session ID: 05184704758cf26fff3289751783bcc6
*** Element info: {Using=id, value=topsearch-text}
2020-12-19 10:58:23 Screenshot [WARN] Unable to capture screenshot due to the Exception!
2020-12-19 10:58:23 Messager [ERROR]  TEST [GSMA0003 - Default test - testSearchProduct [L0003]] FAILED at [10:58:23 2020-12-19] - no such window: target window already closed
from unknown error: web view not found
  (Session info: chrome=87.0.4280.88)
Build info: version: '3.141.59', revision: 'e82be7d358', time: '2018-11-14T08:17:03'
System info: host: 'LAPTOP-Q7ODI2IC', ip: '172.22.160.1', os.name: 'Windows 10', os.arch: 'amd64', os.version: '10.0', java.version: '11.0.8'
Driver info: org.openqa.selenium.remote.RemoteWebDriver
Capabilities {acceptInsecureCerts: true, browserName: chrome, browserVersion: 87.0.4280.88, chrome: {chromedriverVersion: 87.0.4280.88 (89e2380a3e36c..., userDataDir: C:\Users\julim\AppData\Loca...}, goog:chromeOptions: {debuggerAddress: localhost:49433}, javascriptEnabled: true, networkConnectionEnabled: false, pageLoadStrategy: normal, platform: WINDOWS, platformName: WINDOWS, proxy: Proxy(), setWindowRect: true, strictFileInteractability: false, timeouts: {implicit: 0, pageLoad: 300000, script: 30000}, unhandledPromptBehavior: dismiss and notify, webauthn:virtualAuthenticators: true, webdriver.remote.sessionid: 05184704758cf26fff328975178...}
Session ID: 05184704758cf26fff3289751783bcc6
*** Element info: {Using=id, value=topsearch-text}

java.base/jdk.internal.reflect.NativeConstructorAccessorImpl.newInstance0(Native Method)
java.base/jdk.internal.reflect.NativeConstructorAccessorImpl.newInstance(NativeConstructorAccessorImpl.java:62)
java.base/jdk.internal.reflect.DelegatingConstructorAccessorImpl.newInstance(DelegatingConstructorAccessorImpl.java:45)
java.base/java.lang.reflect.Constructor.newInstance(Constructor.java:490)
org.openqa.selenium.remote.http.W3CHttpResponseCodec.createException(W3CHttpResponseCodec.java:187)
org.openqa.selenium.remote.http.W3CHttpResponseCodec.decode(W3CHttpResponseCodec.java:122)
org.openqa.selenium.remote.http.W3CHttpResponseCodec.decode(W3CHttpResponseCodec.java:49)
org.openqa.selenium.remote.HttpCommandExecutor.execute(HttpCommandExecutor.java:158)
com.qaprosoft.carina.core.foundation.webdriver.listener.EventFiringSeleniumCommandExecutor.execute(EventFiringSeleniumCommandExecutor.java:54)
org.openqa.selenium.remote.RemoteWebDriver.execute(RemoteWebDriver.java:552)
org.openqa.selenium.remote.RemoteWebDriver.findElement(RemoteWebDriver.java:323)
org.openqa.selenium.remote.RemoteWebDriver.findElementById(RemoteWebDriver.java:372)
org.openqa.selenium.By$ById.findElement(By.java:188)
org.openqa.selenium.remote.RemoteWebDriver.findElement(RemoteWebDriver.java:315)
java.base/jdk.internal.reflect.NativeMethodAccessorImpl.invoke0(Native Method)
java.base/jdk.internal.reflect.NativeMethodAccessorImpl.invoke(NativeMethodAccessorImpl.java:62)
java.base/jdk.internal.reflect.DelegatingMethodAccessorImpl.invoke(DelegatingMethodAccessorImpl.java:43)
java.base/java.lang.reflect.Method.invoke(Method.java:566)
org.openqa.selenium.support.events.EventFiringWebDriver.lambda$new$1(EventFiringWebDriver.java:105)
com.sun.proxy.$Proxy19.findElement(Unknown Source)
org.openqa.selenium.support.events.EventFiringWebDriver.findElement(EventFiringWebDriver.java:194)
org.openqa.selenium.support.pagefactory.DefaultElementLocator.findElement(DefaultElementLocator.java:69)
org.openqa.selenium.support.pagefactory.internal.LocatingElementHandler.invoke(LocatingElementHandler.java:38)
com.sun.proxy.$Proxy24.click(Unknown Source)
com.solvd.webTesting.gui.components.NavigationBar.search(NavigationBar.java:25)
com.solvd.webTesting.gui.pages.HomePage.searchProduct(HomePage.java:32)
com.webTesting.SearchTest.testSearchProduct(SearchTest.java:31)
java.base/jdk.internal.reflect.NativeMethodAccessorImpl.invoke0(Native Method)
java.base/jdk.internal.reflect.NativeMethodAccessorImpl.invoke(NativeMethodAccessorImpl.java:62)
java.base/jdk.internal.reflect.DelegatingMethodAccessorImpl.invoke(DelegatingMethodAccessorImpl.java:43)
java.base/java.lang.reflect.Method.invoke(Method.java:566)
org.testng.internal.MethodInvocationHelper.invokeMethod(MethodInvocationHelper.java:134)
org.testng.internal.TestInvoker.invokeMethod(TestInvoker.java:597)
org.testng.internal.TestInvoker.invokeTestMethod(TestInvoker.java:173)
org.testng.internal.TestMethodWithDataProviderMethodWorker.call(TestMethodWithDataProviderMethodWorker.java:77)
org.testng.internal.TestMethodWithDataProviderMethodWorker.call(TestMethodWithDataProviderMethodWorker.java:15)
java.base/java.util.concurrent.FutureTask.run(FutureTask.java:264)
java.base/java.util.concurrent.Executors$RunnableAdapter.call(Executors.java:515)
java.base/java.util.concurrent.FutureTask.run(FutureTask.java:264)
java.base/java.util.concurrent.ThreadPoolExecutor.runWorker(ThreadPoolExecutor.java:1128)
java.base/java.util.concurrent.ThreadPoolExecutor$Worker.run(ThreadPoolExecutor.java:628)
java.base/java.lang.Thread.run(Thread.java:834)
2020-12-19 10:58:23 Messager [INFO] INFO: '**************** Test execution summary ****************'.
2020-12-19 10:58:23 Messager [INFO] RESULT #1: TEST [Default test - testSearchByBrand] PASS [screenshots=./1608386258700/8b912f5d-f6e4-42f7-bbcd-90d9b623bf22/report.html | log=./1608386258700/8b912f5d-f6e4-42f7-bbcd-90d9b623bf22/test.log]
2020-12-19 10:58:23 Messager [INFO] RESULT #2: TEST [Default test - testSearchByBrand [L0002]] PASS [screenshots=./1608386258700/02a6344a-ed51-4fe2-9b49-1082e8e66b1e/report.html | log=./1608386258700/02a6344a-ed51-4fe2-9b49-1082e8e66b1e/test.log]
2020-12-19 10:58:23 Messager [INFO] RESULT #3: TEST [GSMA0001 - Default test - testSearchProduct] PASS [screenshots=./1608386258700/54861cf1-68fa-4a7f-a7c8-4f1f5ba1ba12/report.html | log=./1608386258700/54861cf1-68fa-4a7f-a7c8-4f1f5ba1ba12/test.log]
2020-12-19 10:58:23 Messager [INFO] RESULT #4: TEST [GSMA0002 - Default test - testSearchProduct [L0002]] FAIL [screenshots=./1608386258700/65e015b0-92ba-408f-aecf-6564ea2ea3a5/report.html | log=./1608386258700/65e015b0-92ba-408f-aecf-6564ea2ea3a5/test.log]
2020-12-19 10:58:23 Messager [INFO] RESULT #5: TEST [GSMA0003 - Default test - testSearchProduct [L0003]] FAIL [log=./1608386258700/7b5e93b1-d98a-4991-868f-a26479be8978/test.log]
2020-12-19 10:58:24 CarinaListener$ShutdownHook [WARN] Trying to quit driver 'default' on shutdown hook action!
2020-12-19 10:58:25 DriverListener [INFO] Element clicked
2020-12-19 10:58:25 Screenshot [WARN] Unable to capture screenshot due to the Exception!
2020-12-19 10:58:25 DriverListener [ERROR] no such window: target window already closed
from unknown error: web view not found
  (Session info: chrome=87.0.4280.88)
Build info: version: '3.141.59', revision: 'e82be7d358', time: '2018-11-14T08:17:03'
System info: host: 'LAPTOP-Q7ODI2IC', ip: '172.22.160.1', os.name: 'Windows 10', os.arch: 'amd64', os.version: '10.0', java.version: '11.0.8'
Driver info: org.openqa.selenium.remote.RemoteWebDriver
Capabilities {acceptInsecureCerts: true, browserName: chrome, browserVersion: 87.0.4280.88, chrome: {chromedriverVersion: 87.0.4280.88 (89e2380a3e36c..., userDataDir: C:\Users\julim\AppData\Loca...}, goog:chromeOptions: {debuggerAddress: localhost:49458}, javascriptEnabled: true, networkConnectionEnabled: false, pageLoadStrategy: normal, platform: WINDOWS, platformName: WINDOWS, proxy: Proxy(), setWindowRect: true, strictFileInteractability: false, timeouts: {implicit: 0, pageLoad: 300000, script: 30000}, unhandledPromptBehavior: dismiss and notify, webauthn:virtualAuthenticators: true, webdriver.remote.sessionid: 85cbc74105170a38fb296d31da9...}
Session ID: 85cbc74105170a38fb296d31da939214
*** Element info: {Using=class name, value=article-info-name}
2020-12-19 10:58:25 Screenshot [WARN] Unable to capture screenshot due to the Exception!
2020-12-19 10:58:25 Messager [ERROR]  TEST [GSMA0001 - Default test - testSearchProduct] FAILED at [10:58:25 2020-12-19] - no such window: target window already closed
from unknown error: web view not found
  (Session info: chrome=87.0.4280.88)
Build info: version: '3.141.59', revision: 'e82be7d358', time: '2018-11-14T08:17:03'
System info: host: 'LAPTOP-Q7ODI2IC', ip: '172.22.160.1', os.name: 'Windows 10', os.arch: 'amd64', os.version: '10.0', java.version: '11.0.8'
Driver info: org.openqa.selenium.remote.RemoteWebDriver
Capabilities {acceptInsecureCerts: true, browserName: chrome, browserVersion: 87.0.4280.88, chrome: {chromedriverVersion: 87.0.4280.88 (89e2380a3e36c..., userDataDir: C:\Users\julim\AppData\Loca...}, goog:chromeOptions: {debuggerAddress: localhost:49458}, javascriptEnabled: true, networkConnectionEnabled: false, pageLoadStrategy: normal, platform: WINDOWS, platformName: WINDOWS, proxy: Proxy(), setWindowRect: true, strictFileInteractability: false, timeouts: {implicit: 0, pageLoad: 300000, script: 30000}, unhandledPromptBehavior: dismiss and notify, webauthn:virtualAuthenticators: true, webdriver.remote.sessionid: 85cbc74105170a38fb296d31da9...}
Session ID: 85cbc74105170a38fb296d31da939214
*** Element info: {Using=class name, value=article-info-name}

java.base/jdk.internal.reflect.NativeConstructorAccessorImpl.newInstance0(Native Method)
java.base/jdk.internal.reflect.NativeConstructorAccessorImpl.newInstance(NativeConstructorAccessorImpl.java:62)
java.base/jdk.internal.reflect.DelegatingConstructorAccessorImpl.newInstance(DelegatingConstructorAccessorImpl.java:45)
java.base/java.lang.reflect.Constructor.newInstance(Constructor.java:490)
org.openqa.selenium.remote.http.W3CHttpResponseCodec.createException(W3CHttpResponseCodec.java:187)
org.openqa.selenium.remote.http.W3CHttpResponseCodec.decode(W3CHttpResponseCodec.java:122)
org.openqa.selenium.remote.http.W3CHttpResponseCodec.decode(W3CHttpResponseCodec.java:49)
org.openqa.selenium.remote.HttpCommandExecutor.execute(HttpCommandExecutor.java:158)
com.qaprosoft.carina.core.foundation.webdriver.listener.EventFiringSeleniumCommandExecutor.execute(EventFiringSeleniumCommandExecutor.java:54)
org.openqa.selenium.remote.RemoteWebDriver.execute(RemoteWebDriver.java:552)
org.openqa.selenium.remote.RemoteWebDriver.findElement(RemoteWebDriver.java:323)
org.openqa.selenium.remote.RemoteWebDriver.findElementByClassName(RemoteWebDriver.java:412)
org.openqa.selenium.By$ByClassName.findElement(By.java:389)
org.openqa.selenium.remote.RemoteWebDriver.findElement(RemoteWebDriver.java:315)
java.base/jdk.internal.reflect.NativeMethodAccessorImpl.invoke0(Native Method)
java.base/jdk.internal.reflect.NativeMethodAccessorImpl.invoke(NativeMethodAccessorImpl.java:62)
java.base/jdk.internal.reflect.DelegatingMethodAccessorImpl.invoke(DelegatingMethodAccessorImpl.java:43)
java.base/java.lang.reflect.Method.invoke(Method.java:566)
org.openqa.selenium.support.events.EventFiringWebDriver.lambda$new$1(EventFiringWebDriver.java:105)
com.sun.proxy.$Proxy19.findElement(Unknown Source)
org.openqa.selenium.support.events.EventFiringWebDriver.findElement(EventFiringWebDriver.java:194)
org.openqa.selenium.support.pagefactory.DefaultElementLocator.findElement(DefaultElementLocator.java:69)
org.openqa.selenium.support.pagefactory.internal.LocatingElementHandler.invoke(LocatingElementHandler.java:38)
com.sun.proxy.$Proxy24.getText(Unknown Source)
com.solvd.webTesting.gui.pages.SearchResultsPage.getSearchTitle(SearchResultsPage.java:19)
com.webTesting.SearchTest.testSearchProduct(SearchTest.java:32)
java.base/jdk.internal.reflect.NativeMethodAccessorImpl.invoke0(Native Method)
java.base/jdk.internal.reflect.NativeMethodAccessorImpl.invoke(NativeMethodAccessorImpl.java:62)
java.base/jdk.internal.reflect.DelegatingMethodAccessorImpl.invoke(DelegatingMethodAccessorImpl.java:43)
java.base/java.lang.reflect.Method.invoke(Method.java:566)
org.testng.internal.MethodInvocationHelper.invokeMethod(MethodInvocationHelper.java:134)
org.testng.internal.TestInvoker.invokeMethod(TestInvoker.java:597)
org.testng.internal.TestInvoker.invokeTestMethod(TestInvoker.java:173)
org.testng.internal.TestMethodWithDataProviderMethodWorker.call(TestMethodWithDataProviderMethodWorker.java:77)
org.testng.internal.TestMethodWithDataProviderMethodWorker.call(TestMethodWithDataProviderMethodWorker.java:15)
java.base/java.util.concurrent.FutureTask.run(FutureTask.java:264)
java.base/java.util.concurrent.Executors$RunnableAdapter.call(Executors.java:515)
java.base/java.util.concurrent.FutureTask.run(FutureTask.java:264)
java.base/java.util.concurrent.ThreadPoolExecutor.runWorker(ThreadPoolExecutor.java:1128)
java.base/java.util.concurrent.ThreadPoolExecutor$Worker.run(ThreadPoolExecutor.java:628)
java.base/java.lang.Thread.run(Thread.java:834)
2020-12-19 10:58:25 Messager [INFO]  TEST [GSMA0002 - Default test - testSearchProduct [L0002]] STARTED at [10:58:25 2020-12-19]
2020-12-19 10:58:25 DriverListener [ERROR] no such window: target window already closed
from unknown error: web view not found
  (Session info: chrome=87.0.4280.88)
Build info: version: '3.141.59', revision: 'e82be7d358', time: '2018-11-14T08:17:03'
System info: host: 'LAPTOP-Q7ODI2IC', ip: '172.22.160.1', os.name: 'Windows 10', os.arch: 'amd64', os.version: '10.0', java.version: '11.0.8'
Driver info: org.openqa.selenium.remote.RemoteWebDriver
Capabilities {acceptInsecureCerts: true, browserName: chrome, browserVersion: 87.0.4280.88, chrome: {chromedriverVersion: 87.0.4280.88 (89e2380a3e36c..., userDataDir: C:\Users\julim\AppData\Loca...}, goog:chromeOptions: {debuggerAddress: localhost:49458}, javascriptEnabled: true, networkConnectionEnabled: false, pageLoadStrategy: normal, platform: WINDOWS, platformName: WINDOWS, proxy: Proxy(), setWindowRect: true, strictFileInteractability: false, timeouts: {implicit: 0, pageLoad: 300000, script: 30000}, unhandledPromptBehavior: dismiss and notify, webauthn:virtualAuthenticators: true, webdriver.remote.sessionid: 85cbc74105170a38fb296d31da9...}
Session ID: 85cbc74105170a38fb296d31da939214
*** Element info: {Using=id, value=topsearch-text}
2020-12-19 10:58:25 Screenshot [WARN] Unable to capture screenshot due to the Exception!
2020-12-19 10:58:25 Messager [ERROR]  TEST [GSMA0002 - Default test - testSearchProduct [L0002]] FAILED at [10:58:25 2020-12-19] - no such window: target window already closed
from unknown error: web view not found
  (Session info: chrome=87.0.4280.88)
Build info: version: '3.141.59', revision: 'e82be7d358', time: '2018-11-14T08:17:03'
System info: host: 'LAPTOP-Q7ODI2IC', ip: '172.22.160.1', os.name: 'Windows 10', os.arch: 'amd64', os.version: '10.0', java.version: '11.0.8'
Driver info: org.openqa.selenium.remote.RemoteWebDriver
Capabilities {acceptInsecureCerts: true, browserName: chrome, browserVersion: 87.0.4280.88, chrome: {chromedriverVersion: 87.0.4280.88 (89e2380a3e36c..., userDataDir: C:\Users\julim\AppData\Loca...}, goog:chromeOptions: {debuggerAddress: localhost:49458}, javascriptEnabled: true, networkConnectionEnabled: false, pageLoadStrategy: normal, platform: WINDOWS, platformName: WINDOWS, proxy: Proxy(), setWindowRect: true, strictFileInteractability: false, timeouts: {implicit: 0, pageLoad: 300000, script: 30000}, unhandledPromptBehavior: dismiss and notify, webauthn:virtualAuthenticators: true, webdriver.remote.sessionid: 85cbc74105170a38fb296d31da9...}
Session ID: 85cbc74105170a38fb296d31da939214
*** Element info: {Using=id, value=topsearch-text}

java.base/jdk.internal.reflect.NativeConstructorAccessorImpl.newInstance0(Native Method)
java.base/jdk.internal.reflect.NativeConstructorAccessorImpl.newInstance(NativeConstructorAccessorImpl.java:62)
java.base/jdk.internal.reflect.DelegatingConstructorAccessorImpl.newInstance(DelegatingConstructorAccessorImpl.java:45)
java.base/java.lang.reflect.Constructor.newInstance(Constructor.java:490)
org.openqa.selenium.remote.http.W3CHttpResponseCodec.createException(W3CHttpResponseCodec.java:187)
org.openqa.selenium.remote.http.W3CHttpResponseCodec.decode(W3CHttpResponseCodec.java:122)
org.openqa.selenium.remote.http.W3CHttpResponseCodec.decode(W3CHttpResponseCodec.java:49)
org.openqa.selenium.remote.HttpCommandExecutor.execute(HttpCommandExecutor.java:158)
com.qaprosoft.carina.core.foundation.webdriver.listener.EventFiringSeleniumCommandExecutor.execute(EventFiringSeleniumCommandExecutor.java:54)
org.openqa.selenium.remote.RemoteWebDriver.execute(RemoteWebDriver.java:552)
org.openqa.selenium.remote.RemoteWebDriver.findElement(RemoteWebDriver.java:323)
org.openqa.selenium.remote.RemoteWebDriver.findElementById(RemoteWebDriver.java:372)
org.openqa.selenium.By$ById.findElement(By.java:188)
org.openqa.selenium.remote.RemoteWebDriver.findElement(RemoteWebDriver.java:315)
java.base/jdk.internal.reflect.NativeMethodAccessorImpl.invoke0(Native Method)
java.base/jdk.internal.reflect.NativeMethodAccessorImpl.invoke(NativeMethodAccessorImpl.java:62)
java.base/jdk.internal.reflect.DelegatingMethodAccessorImpl.invoke(DelegatingMethodAccessorImpl.java:43)
java.base/java.lang.reflect.Method.invoke(Method.java:566)
org.openqa.selenium.support.events.EventFiringWebDriver.lambda$new$1(EventFiringWebDriver.java:105)
com.sun.proxy.$Proxy19.findElement(Unknown Source)
org.openqa.selenium.support.events.EventFiringWebDriver.findElement(EventFiringWebDriver.java:194)
org.openqa.selenium.support.pagefactory.DefaultElementLocator.findElement(DefaultElementLocator.java:69)
org.openqa.selenium.support.pagefactory.internal.LocatingElementHandler.invoke(LocatingElementHandler.java:38)
com.sun.proxy.$Proxy24.click(Unknown Source)
com.solvd.webTesting.gui.components.NavigationBar.search(NavigationBar.java:25)
com.solvd.webTesting.gui.pages.HomePage.searchProduct(HomePage.java:32)
com.webTesting.SearchTest.testSearchProduct(SearchTest.java:31)
java.base/jdk.internal.reflect.NativeMethodAccessorImpl.invoke0(Native Method)
java.base/jdk.internal.reflect.NativeMethodAccessorImpl.invoke(NativeMethodAccessorImpl.java:62)
java.base/jdk.internal.reflect.DelegatingMethodAccessorImpl.invoke(DelegatingMethodAccessorImpl.java:43)
java.base/java.lang.reflect.Method.invoke(Method.java:566)
org.testng.internal.MethodInvocationHelper.invokeMethod(MethodInvocationHelper.java:134)
org.testng.internal.TestInvoker.invokeMethod(TestInvoker.java:597)
org.testng.internal.TestInvoker.invokeTestMethod(TestInvoker.java:173)
org.testng.internal.TestMethodWithDataProviderMethodWorker.call(TestMethodWithDataProviderMethodWorker.java:77)
org.testng.internal.TestMethodWithDataProviderMethodWorker.call(TestMethodWithDataProviderMethodWorker.java:15)
java.base/java.util.concurrent.FutureTask.run(FutureTask.java:264)
java.base/java.util.concurrent.Executors$RunnableAdapter.call(Executors.java:515)
java.base/java.util.concurrent.FutureTask.run(FutureTask.java:264)
java.base/java.util.concurrent.ThreadPoolExecutor.runWorker(ThreadPoolExecutor.java:1128)
java.base/java.util.concurrent.ThreadPoolExecutor$Worker.run(ThreadPoolExecutor.java:628)
java.base/java.lang.Thread.run(Thread.java:834)
2020-12-19 10:58:25 Messager [INFO]  TEST [GSMA0003 - Default test - testSearchProduct [L0003]] STARTED at [10:58:25 2020-12-19]
2020-12-19 10:58:25 DriverListener [ERROR] no such window: target window already closed
from unknown error: web view not found
  (Session info: chrome=87.0.4280.88)
Build info: version: '3.141.59', revision: 'e82be7d358', time: '2018-11-14T08:17:03'
System info: host: 'LAPTOP-Q7ODI2IC', ip: '172.22.160.1', os.name: 'Windows 10', os.arch: 'amd64', os.version: '10.0', java.version: '11.0.8'
Driver info: org.openqa.selenium.remote.RemoteWebDriver
Capabilities {acceptInsecureCerts: true, browserName: chrome, browserVersion: 87.0.4280.88, chrome: {chromedriverVersion: 87.0.4280.88 (89e2380a3e36c..., userDataDir: C:\Users\julim\AppData\Loca...}, goog:chromeOptions: {debuggerAddress: localhost:49458}, javascriptEnabled: true, networkConnectionEnabled: false, pageLoadStrategy: normal, platform: WINDOWS, platformName: WINDOWS, proxy: Proxy(), setWindowRect: true, strictFileInteractability: false, timeouts: {implicit: 0, pageLoad: 300000, script: 30000}, unhandledPromptBehavior: dismiss and notify, webauthn:virtualAuthenticators: true, webdriver.remote.sessionid: 85cbc74105170a38fb296d31da9...}
Session ID: 85cbc74105170a38fb296d31da939214
*** Element info: {Using=id, value=topsearch-text}
2020-12-19 10:58:25 Screenshot [WARN] Unable to capture screenshot due to the Exception!
2020-12-19 10:58:25 Messager [ERROR]  TEST [GSMA0003 - Default test - testSearchProduct [L0003]] FAILED at [10:58:25 2020-12-19] - no such window: target window already closed
from unknown error: web view not found
  (Session info: chrome=87.0.4280.88)
Build info: version: '3.141.59', revision: 'e82be7d358', time: '2018-11-14T08:17:03'
System info: host: 'LAPTOP-Q7ODI2IC', ip: '172.22.160.1', os.name: 'Windows 10', os.arch: 'amd64', os.version: '10.0', java.version: '11.0.8'
Driver info: org.openqa.selenium.remote.RemoteWebDriver
Capabilities {acceptInsecureCerts: true, browserName: chrome, browserVersion: 87.0.4280.88, chrome: {chromedriverVersion: 87.0.4280.88 (89e2380a3e36c..., userDataDir: C:\Users\julim\AppData\Loca...}, goog:chromeOptions: {debuggerAddress: localhost:49458}, javascriptEnabled: true, networkConnectionEnabled: false, pageLoadStrategy: normal, platform: WINDOWS, platformName: WINDOWS, proxy: Proxy(), setWindowRect: true, strictFileInteractability: false, timeouts: {implicit: 0, pageLoad: 300000, script: 30000}, unhandledPromptBehavior: dismiss and notify, webauthn:virtualAuthenticators: true, webdriver.remote.sessionid: 85cbc74105170a38fb296d31da9...}
Session ID: 85cbc74105170a38fb296d31da939214
*** Element info: {Using=id, value=topsearch-text}

java.base/jdk.internal.reflect.NativeConstructorAccessorImpl.newInstance0(Native Method)
java.base/jdk.internal.reflect.NativeConstructorAccessorImpl.newInstance(NativeConstructorAccessorImpl.java:62)
java.base/jdk.internal.reflect.DelegatingConstructorAccessorImpl.newInstance(DelegatingConstructorAccessorImpl.java:45)
java.base/java.lang.reflect.Constructor.newInstance(Constructor.java:490)
org.openqa.selenium.remote.http.W3CHttpResponseCodec.createException(W3CHttpResponseCodec.java:187)
org.openqa.selenium.remote.http.W3CHttpResponseCodec.decode(W3CHttpResponseCodec.java:122)
org.openqa.selenium.remote.http.W3CHttpResponseCodec.decode(W3CHttpResponseCodec.java:49)
org.openqa.selenium.remote.HttpCommandExecutor.execute(HttpCommandExecutor.java:158)
com.qaprosoft.carina.core.foundation.webdriver.listener.EventFiringSeleniumCommandExecutor.execute(EventFiringSeleniumCommandExecutor.java:54)
org.openqa.selenium.remote.RemoteWebDriver.execute(RemoteWebDriver.java:552)
org.openqa.selenium.remote.RemoteWebDriver.findElement(RemoteWebDriver.java:323)
org.openqa.selenium.remote.RemoteWebDriver.findElementById(RemoteWebDriver.java:372)
org.openqa.selenium.By$ById.findElement(By.java:188)
org.openqa.selenium.remote.RemoteWebDriver.findElement(RemoteWebDriver.java:315)
java.base/jdk.internal.reflect.NativeMethodAccessorImpl.invoke0(Native Method)
java.base/jdk.internal.reflect.NativeMethodAccessorImpl.invoke(NativeMethodAccessorImpl.java:62)
java.base/jdk.internal.reflect.DelegatingMethodAccessorImpl.invoke(DelegatingMethodAccessorImpl.java:43)
java.base/java.lang.reflect.Method.invoke(Method.java:566)
org.openqa.selenium.support.events.EventFiringWebDriver.lambda$new$1(EventFiringWebDriver.java:105)
com.sun.proxy.$Proxy19.findElement(Unknown Source)
org.openqa.selenium.support.events.EventFiringWebDriver.findElement(EventFiringWebDriver.java:194)
org.openqa.selenium.support.pagefactory.DefaultElementLocator.findElement(DefaultElementLocator.java:69)
org.openqa.selenium.support.pagefactory.internal.LocatingElementHandler.invoke(LocatingElementHandler.java:38)
com.sun.proxy.$Proxy24.click(Unknown Source)
com.solvd.webTesting.gui.components.NavigationBar.search(NavigationBar.java:25)
com.solvd.webTesting.gui.pages.HomePage.searchProduct(HomePage.java:32)
com.webTesting.SearchTest.testSearchProduct(SearchTest.java:31)
java.base/jdk.internal.reflect.NativeMethodAccessorImpl.invoke0(Native Method)
java.base/jdk.internal.reflect.NativeMethodAccessorImpl.invoke(NativeMethodAccessorImpl.java:62)
java.base/jdk.internal.reflect.DelegatingMethodAccessorImpl.invoke(DelegatingMethodAccessorImpl.java:43)
java.base/java.lang.reflect.Method.invoke(Method.java:566)
org.testng.internal.MethodInvocationHelper.invokeMethod(MethodInvocationHelper.java:134)
org.testng.internal.TestInvoker.invokeMethod(TestInvoker.java:597)
org.testng.internal.TestInvoker.invokeTestMethod(TestInvoker.java:173)
org.testng.internal.TestMethodWithDataProviderMethodWorker.call(TestMethodWithDataProviderMethodWorker.java:77)
org.testng.internal.TestMethodWithDataProviderMethodWorker.call(TestMethodWithDataProviderMethodWorker.java:15)
java.base/java.util.concurrent.FutureTask.run(FutureTask.java:264)
java.base/java.util.concurrent.Executors$RunnableAdapter.call(Executors.java:515)
java.base/java.util.concurrent.FutureTask.run(FutureTask.java:264)
java.base/java.util.concurrent.ThreadPoolExecutor.runWorker(ThreadPoolExecutor.java:1128)
java.base/java.util.concurrent.ThreadPoolExecutor$Worker.run(ThreadPoolExecutor.java:628)
java.base/java.lang.Thread.run(Thread.java:834)
2020-12-19 10:58:25 Messager [INFO] INFO: '**************** Test execution summary ****************'.
2020-12-19 10:58:25 Messager [INFO] RESULT #1: TEST [Default test - testSearchByBrand] PASS [screenshots=./1608386264089/59adda0f-40f7-46f5-b3bc-58a94c6251bd/report.html | log=./1608386264089/59adda0f-40f7-46f5-b3bc-58a94c6251bd/test.log]
2020-12-19 10:58:25 Messager [INFO] RESULT #2: TEST [Default test - testSearchByBrand [L0002]] PASS [screenshots=./1608386264089/f73d0fd2-98a0-42fb-8679-e34db62901ef/report.html | log=./1608386264089/f73d0fd2-98a0-42fb-8679-e34db62901ef/test.log]
2020-12-19 10:58:25 Messager [INFO] RESULT #3: TEST [GSMA0001 - Default test - testSearchProduct] FAIL [screenshots=./1608386264089/8b61d68b-d5d9-474d-818c-be59b75e8075/report.html | log=./1608386264089/8b61d68b-d5d9-474d-818c-be59b75e8075/test.log]
2020-12-19 10:58:25 Messager [INFO] RESULT #4: TEST [GSMA0002 - Default test - testSearchProduct [L0002]] FAIL [log=./1608386264089/7a7e87ca-f610-4cc2-99c1-26376bbb4f0f/test.log]
2020-12-19 10:58:25 Messager [INFO] RESULT #5: TEST [GSMA0003 - Default test - testSearchProduct [L0003]] FAIL [log=./1608386264089/3b3ea80e-dc60-4265-89f2-c8567d6c3e68/test.log]
2020-12-19 10:58:25 CarinaListener$ShutdownHook [WARN] Trying to quit driver 'default' on shutdown hook action!
2020-12-19 10:58:43 CarinaListener [INFO] 
============= Test configuration =============
url=https://www.gsmarena.com
env=DEMO
env_arg_resolver=com.qaprosoft.carina.core.foundation.utils.DefaultEnvArgResolver
browser=chrome
browser_language=en_US
selenium_host=http://localhost:4444/wd/hub
max_driver_count=3
headless=false
proxy_protocols=http,https,ftp
browsermob_proxy=false
browsermob_port=0
browsermob_disabled_mitm=false
proxy_set_to_system=false
track_known_issues=false
auto_screenshot=true
explicit_timeout=20
auto_download=false
retry_interval=5
project_report_directory=./reports/qa
max_screen_history=0
max_log_file_size=150
result_sorting=true
big_screen_width=-1
big_screen_height=-1
init_retry_count=0
init_retry_interval=1
retry_count=0
enable_l10n=true
l10n_encoding=ISO-8859-1
locale=en_US
thread_count=3
data_provider_thread_count=1
core_log_level=INFO
core_log_packages=com.qaprosoft.carina.core
artifacts_expiration_seconds=2592000
log_all_json=true
date_format=HH:mm:ss yyyy-MM-dd
time_format=HH:mm:ss
test_naming_pattern={method_name}
element_loading_strategy=BY_PRESENCE_OR_VISIBILITY
page_opening_strategy=BY_URL_AND_ELEMENT
forcibly_disable_driver_quit=false
s3_use_presign_url=false
s3_local_storage=.
appcenter_local_storage=.
add_new_localization=false
add_new_localization_encoding=utf-8
add_new_localization_property_name=new_custom_messages_
uninstall_related_apps=false
default_device_timezone=GMT
default_device_time_format=24
default_device_language=en_US
android_screen_record_bitrate=1000000
android_enable_bug_report=true
ios_screen_record_quality=MEDIUM
ios_screen_record_codec=libx264
ios_screen_record_fps=10
screen_record_duration=180
video_scale=-2:720
ignore_ssl=false
selenium_host=http://localhost:4444/wd/hub

------------- Driver capabilities -----------
================================================

2020-12-19 10:58:45 CarinaListener [INFO] CARINA_CORE_VERSION: 6.5.46
2020-12-19 10:58:45 AbstractCapabilities [INFO] Set Chrome language to: en_US
2020-12-19 10:58:51 DesktopFactory [INFO] Browser window was maximized
2020-12-19 10:58:52 Messager [INFO] INFO: url 'https://www.gsmarena.com' is being opened...
2020-12-19 10:58:54 DriverListener [INFO] INFO: url 'https://www.gsmarena.com' is opened.
2020-12-19 10:58:56 Messager [INFO]  TEST [Default test - testSearchByBrand] STARTED at [10:58:56 2020-12-19]
2020-12-19 10:58:57 DriverListener [INFO] Element clicked
2020-12-19 10:58:59 DriverListener [INFO] Element clicked
2020-12-19 10:59:00 Messager [INFO]  TEST [Default test - testSearchByBrand] PASSED at [10:59:00 2020-12-19]
2020-12-19 10:59:00 Messager [INFO]  TEST [Default test - testSearchByBrand [L0002]] STARTED at [10:59:00 2020-12-19]
2020-12-19 10:59:01 DriverListener [INFO] Element clicked
2020-12-19 10:59:03 DriverListener [INFO] Element clicked
2020-12-19 10:59:04 Messager [INFO]  TEST [Default test - testSearchByBrand [L0002]] PASSED at [10:59:04 2020-12-19]
2020-12-19 10:59:05 Messager [INFO]  TEST [GSMA0001 - Default test - testSearchProduct] STARTED at [10:59:05 2020-12-19]
2020-12-19 10:59:06 DriverListener [INFO] Element clicked
2020-12-19 10:59:07 DriverListener [INFO] Text 'iphone' typed
2020-12-19 10:59:10 DriverListener [INFO] Element clicked
2020-12-19 10:59:11 Messager [INFO]  TEST [GSMA0001 - Default test - testSearchProduct] PASSED at [10:59:11 2020-12-19]
2020-12-19 10:59:11 Messager [INFO]  TEST [GSMA0002 - Default test - testSearchProduct [L0002]] STARTED at [10:59:11 2020-12-19]
2020-12-19 10:59:12 DriverListener [INFO] Element clicked
2020-12-19 10:59:13 DriverListener [INFO] Text 'galaxy' typed
2020-12-19 10:59:16 DriverListener [INFO] Element clicked
2020-12-19 10:59:17 Messager [ERROR]  TEST [GSMA0002 - Default test - testSearchProduct [L0002]] FAILED at [10:59:17 2020-12-19] - expected [Search results for "galaxy"] but found [Search results for "iphonegalaxy"]

org.testng.Assert.fail(Assert.java:97)
org.testng.Assert.assertEqualsImpl(Assert.java:136)
org.testng.Assert.assertEquals(Assert.java:118)
org.testng.Assert.assertEquals(Assert.java:575)
org.testng.Assert.assertEquals(Assert.java:585)
com.webTesting.SearchTest.testSearchProduct(SearchTest.java:32)
java.base/jdk.internal.reflect.NativeMethodAccessorImpl.invoke0(Native Method)
java.base/jdk.internal.reflect.NativeMethodAccessorImpl.invoke(NativeMethodAccessorImpl.java:62)
java.base/jdk.internal.reflect.DelegatingMethodAccessorImpl.invoke(DelegatingMethodAccessorImpl.java:43)
java.base/java.lang.reflect.Method.invoke(Method.java:566)
org.testng.internal.MethodInvocationHelper.invokeMethod(MethodInvocationHelper.java:134)
org.testng.internal.TestInvoker.invokeMethod(TestInvoker.java:597)
org.testng.internal.TestInvoker.invokeTestMethod(TestInvoker.java:173)
org.testng.internal.TestMethodWithDataProviderMethodWorker.call(TestMethodWithDataProviderMethodWorker.java:77)
org.testng.internal.TestMethodWithDataProviderMethodWorker.call(TestMethodWithDataProviderMethodWorker.java:15)
java.base/java.util.concurrent.FutureTask.run(FutureTask.java:264)
java.base/java.util.concurrent.Executors$RunnableAdapter.call(Executors.java:515)
java.base/java.util.concurrent.FutureTask.run(FutureTask.java:264)
java.base/java.util.concurrent.ThreadPoolExecutor.runWorker(ThreadPoolExecutor.java:1128)
java.base/java.util.concurrent.ThreadPoolExecutor$Worker.run(ThreadPoolExecutor.java:628)
java.base/java.lang.Thread.run(Thread.java:834)
2020-12-19 10:59:17 Messager [INFO]  TEST [GSMA0003 - Default test - testSearchProduct [L0003]] STARTED at [10:59:17 2020-12-19]
2020-12-19 10:59:17 DriverListener [INFO] Element clicked
2020-12-19 10:59:18 DriverListener [INFO] Text 'watch' typed
2020-12-19 10:59:20 DriverListener [INFO] Element clicked
2020-12-19 10:59:21 Messager [ERROR]  TEST [GSMA0003 - Default test - testSearchProduct [L0003]] FAILED at [10:59:21 2020-12-19] - expected [Search results for "watch"] but found [Search results for "iphonegalaxywatch"]

org.testng.Assert.fail(Assert.java:97)
org.testng.Assert.assertEqualsImpl(Assert.java:136)
org.testng.Assert.assertEquals(Assert.java:118)
org.testng.Assert.assertEquals(Assert.java:575)
org.testng.Assert.assertEquals(Assert.java:585)
com.webTesting.SearchTest.testSearchProduct(SearchTest.java:32)
java.base/jdk.internal.reflect.NativeMethodAccessorImpl.invoke0(Native Method)
java.base/jdk.internal.reflect.NativeMethodAccessorImpl.invoke(NativeMethodAccessorImpl.java:62)
java.base/jdk.internal.reflect.DelegatingMethodAccessorImpl.invoke(DelegatingMethodAccessorImpl.java:43)
java.base/java.lang.reflect.Method.invoke(Method.java:566)
org.testng.internal.MethodInvocationHelper.invokeMethod(MethodInvocationHelper.java:134)
org.testng.internal.TestInvoker.invokeMethod(TestInvoker.java:597)
org.testng.internal.TestInvoker.invokeTestMethod(TestInvoker.java:173)
org.testng.internal.TestMethodWithDataProviderMethodWorker.call(TestMethodWithDataProviderMethodWorker.java:77)
org.testng.internal.TestMethodWithDataProviderMethodWorker.call(TestMethodWithDataProviderMethodWorker.java:15)
java.base/java.util.concurrent.FutureTask.run(FutureTask.java:264)
java.base/java.util.concurrent.Executors$RunnableAdapter.call(Executors.java:515)
java.base/java.util.concurrent.FutureTask.run(FutureTask.java:264)
java.base/java.util.concurrent.ThreadPoolExecutor.runWorker(ThreadPoolExecutor.java:1128)
java.base/java.util.concurrent.ThreadPoolExecutor$Worker.run(ThreadPoolExecutor.java:628)
java.base/java.lang.Thread.run(Thread.java:834)
2020-12-19 10:59:21 Messager [INFO] INFO: '**************** Test execution summary ****************'.
2020-12-19 10:59:21 Messager [INFO] RESULT #1: TEST [Default test - testSearchByBrand] PASS [screenshots=./1608386323059/b3a92c2e-745c-4274-a81b-596f526ea697/report.html | log=./1608386323059/b3a92c2e-745c-4274-a81b-596f526ea697/test.log]
2020-12-19 10:59:21 Messager [INFO] RESULT #2: TEST [Default test - testSearchByBrand [L0002]] PASS [screenshots=./1608386323059/5c254f9c-dd84-4700-80de-7a35e0f1b030/report.html | log=./1608386323059/5c254f9c-dd84-4700-80de-7a35e0f1b030/test.log]
2020-12-19 10:59:21 Messager [INFO] RESULT #3: TEST [GSMA0001 - Default test - testSearchProduct] PASS [screenshots=./1608386323059/69aaf656-126e-46ac-a5f9-757d279480ae/report.html | log=./1608386323059/69aaf656-126e-46ac-a5f9-757d279480ae/test.log]
2020-12-19 10:59:21 Messager [INFO] RESULT #4: TEST [GSMA0002 - Default test - testSearchProduct [L0002]] FAIL [screenshots=./1608386323059/26aba641-b039-4a02-a24a-bfc4182ffcf8/report.html | log=./1608386323059/26aba641-b039-4a02-a24a-bfc4182ffcf8/test.log]
2020-12-19 10:59:21 Messager [INFO] RESULT #5: TEST [GSMA0003 - Default test - testSearchProduct [L0003]] FAIL [screenshots=./1608386323059/2522f948-ece3-4dc5-a7b9-a728f284a0be/report.html | log=./1608386323059/2522f948-ece3-4dc5-a7b9-a728f284a0be/test.log]
2020-12-19 10:59:21 CarinaListener$ShutdownHook [WARN] Trying to quit driver 'default' on shutdown hook action!
2020-12-19 11:00:40 CarinaListener [INFO] 
============= Test configuration =============
url=https://www.gsmarena.com
env=DEMO
env_arg_resolver=com.qaprosoft.carina.core.foundation.utils.DefaultEnvArgResolver
browser=chrome
browser_language=en_US
selenium_host=http://localhost:4444/wd/hub
max_driver_count=3
headless=false
proxy_protocols=http,https,ftp
browsermob_proxy=false
browsermob_port=0
browsermob_disabled_mitm=false
proxy_set_to_system=false
track_known_issues=false
auto_screenshot=true
explicit_timeout=20
auto_download=false
retry_interval=5
project_report_directory=./reports/qa
max_screen_history=0
max_log_file_size=150
result_sorting=true
big_screen_width=-1
big_screen_height=-1
init_retry_count=0
init_retry_interval=1
retry_count=0
enable_l10n=true
l10n_encoding=ISO-8859-1
locale=en_US
thread_count=3
data_provider_thread_count=1
core_log_level=INFO
core_log_packages=com.qaprosoft.carina.core
artifacts_expiration_seconds=2592000
log_all_json=true
date_format=HH:mm:ss yyyy-MM-dd
time_format=HH:mm:ss
test_naming_pattern={method_name}
element_loading_strategy=BY_PRESENCE_OR_VISIBILITY
page_opening_strategy=BY_URL_AND_ELEMENT
forcibly_disable_driver_quit=false
s3_use_presign_url=false
s3_local_storage=.
appcenter_local_storage=.
add_new_localization=false
add_new_localization_encoding=utf-8
add_new_localization_property_name=new_custom_messages_
uninstall_related_apps=false
default_device_timezone=GMT
default_device_time_format=24
default_device_language=en_US
android_screen_record_bitrate=1000000
android_enable_bug_report=true
ios_screen_record_quality=MEDIUM
ios_screen_record_codec=libx264
ios_screen_record_fps=10
screen_record_duration=180
video_scale=-2:720
ignore_ssl=false
selenium_host=http://localhost:4444/wd/hub

------------- Driver capabilities -----------
================================================

2020-12-19 11:00:42 CarinaListener [INFO] CARINA_CORE_VERSION: 6.5.46
2020-12-19 11:00:42 AbstractCapabilities [INFO] Set Chrome language to: en_US
2020-12-19 11:00:48 DesktopFactory [INFO] Browser window was maximized
2020-12-19 11:00:48 Messager [INFO] INFO: url 'https://www.gsmarena.com' is being opened...
2020-12-19 11:00:58 DriverListener [INFO] INFO: url 'https://www.gsmarena.com' is opened.
2020-12-19 11:01:00 Messager [INFO]  TEST [Default test - testSearchByBrand] STARTED at [11:01:00 2020-12-19]
2020-12-19 11:01:06 DriverListener [INFO] Element clicked
2020-12-19 11:01:08 DriverListener [INFO] Element clicked
2020-12-19 11:01:09 Messager [INFO]  TEST [Default test - testSearchByBrand] PASSED at [11:01:09 2020-12-19]
2020-12-19 11:01:09 AbstractCapabilities [INFO] Set Chrome language to: en_US
2020-12-19 11:01:15 DesktopFactory [INFO] Browser window was maximized
2020-12-19 11:01:15 Messager [INFO] INFO: url 'https://www.gsmarena.com' is being opened...
2020-12-19 11:01:22 DriverListener [INFO] INFO: url 'https://www.gsmarena.com' is opened.
2020-12-19 11:01:23 Messager [INFO]  TEST [Default test - testSearchByBrand [L0002]] STARTED at [11:01:23 2020-12-19]
2020-12-19 11:01:25 DriverListener [INFO] Element clicked
2020-12-19 11:01:26 DriverListener [INFO] Element clicked
2020-12-19 11:01:28 Messager [INFO]  TEST [Default test - testSearchByBrand [L0002]] PASSED at [11:01:28 2020-12-19]
2020-12-19 11:01:29 AbstractCapabilities [INFO] Set Chrome language to: en_US
2020-12-19 11:01:34 DesktopFactory [INFO] Browser window was maximized
2020-12-19 11:01:34 Messager [INFO] INFO: url 'https://www.gsmarena.com' is being opened...
2020-12-19 11:01:43 DriverListener [INFO] INFO: url 'https://www.gsmarena.com' is opened.
2020-12-19 11:01:44 Messager [INFO]  TEST [GSMA0001 - Default test - testSearchProduct] STARTED at [11:01:44 2020-12-19]
2020-12-19 11:01:44 DriverListener [INFO] Element clicked
2020-12-19 11:01:46 DriverListener [INFO] Text 'iphone' typed
2020-12-19 11:01:49 DriverListener [INFO] Element clicked
2020-12-19 11:01:50 Messager [INFO]  TEST [GSMA0001 - Default test - testSearchProduct] PASSED at [11:01:50 2020-12-19]
2020-12-19 11:01:50 AbstractCapabilities [INFO] Set Chrome language to: en_US
2020-12-19 11:01:55 DesktopFactory [INFO] Browser window was maximized
2020-12-19 11:01:55 Messager [INFO] INFO: url 'https://www.gsmarena.com' is being opened...
2020-12-19 11:01:58 DriverListener [INFO] INFO: url 'https://www.gsmarena.com' is opened.
2020-12-19 11:01:59 Messager [INFO]  TEST [GSMA0002 - Default test - testSearchProduct [L0002]] STARTED at [11:01:59 2020-12-19]
2020-12-19 11:02:00 DriverListener [INFO] Element clicked
2020-12-19 11:02:01 DriverListener [INFO] Text 'galaxy' typed
2020-12-19 11:02:03 DriverListener [INFO] Element clicked
2020-12-19 11:02:04 Messager [INFO]  TEST [GSMA0002 - Default test - testSearchProduct [L0002]] PASSED at [11:02:04 2020-12-19]
2020-12-19 11:02:04 AbstractCapabilities [INFO] Set Chrome language to: en_US
2020-12-19 11:02:10 DesktopFactory [INFO] Browser window was maximized
2020-12-19 11:02:10 Messager [INFO] INFO: url 'https://www.gsmarena.com' is being opened...
2020-12-19 11:02:16 DriverListener [INFO] INFO: url 'https://www.gsmarena.com' is opened.
2020-12-19 11:02:17 Messager [INFO]  TEST [GSMA0003 - Default test - testSearchProduct [L0003]] STARTED at [11:02:17 2020-12-19]
2020-12-19 11:02:17 DriverListener [INFO] Element clicked
2020-12-19 11:02:19 DriverListener [INFO] Text 'watch' typed
2020-12-19 11:02:21 DriverListener [INFO] Element clicked
2020-12-19 11:02:22 Messager [INFO]  TEST [GSMA0003 - Default test - testSearchProduct [L0003]] PASSED at [11:02:22 2020-12-19]
2020-12-19 11:02:22 Messager [INFO] INFO: '**************** Test execution summary ****************'.
2020-12-19 11:02:22 Messager [INFO] RESULT #1: TEST [Default test - testSearchByBrand] PASS [screenshots=./1608386440679/6769d657-6754-4d17-aafb-6088ffe0453a/report.html | log=./1608386440679/6769d657-6754-4d17-aafb-6088ffe0453a/test.log]
2020-12-19 11:02:22 Messager [INFO] RESULT #2: TEST [Default test - testSearchByBrand [L0002]] PASS [screenshots=./1608386440679/01b84d2d-8e67-4f4f-a059-59f50f83858e/report.html | log=./1608386440679/01b84d2d-8e67-4f4f-a059-59f50f83858e/test.log]
2020-12-19 11:02:22 Messager [INFO] RESULT #3: TEST [GSMA0001 - Default test - testSearchProduct] PASS [screenshots=./1608386440679/59808bc1-959d-4e8b-a0ab-539b4795794e/report.html | log=./1608386440679/59808bc1-959d-4e8b-a0ab-539b4795794e/test.log]
2020-12-19 11:02:22 Messager [INFO] RESULT #4: TEST [GSMA0002 - Default test - testSearchProduct [L0002]] PASS [screenshots=./1608386440679/cf909a52-be9c-4638-b0ea-3e80d33e43a0/report.html | log=./1608386440679/cf909a52-be9c-4638-b0ea-3e80d33e43a0/test.log]
2020-12-19 11:02:22 Messager [INFO] RESULT #5: TEST [GSMA0003 - Default test - testSearchProduct [L0003]] PASS [screenshots=./1608386440679/c76cf840-9e3f-4cc7-82da-15f17905d7e4/report.html | log=./1608386440679/c76cf840-9e3f-4cc7-82da-15f17905d7e4/test.log]
2020-12-19 11:39:01 CarinaListener [INFO] 
============= Test configuration =============
url=https://www.gsmarena.com
env=DEMO
env_arg_resolver=com.qaprosoft.carina.core.foundation.utils.DefaultEnvArgResolver
browser=chrome
browser_language=en_US
selenium_host=http://localhost:4444/wd/hub
max_driver_count=3
headless=false
proxy_protocols=http,https,ftp
browsermob_proxy=false
browsermob_port=0
browsermob_disabled_mitm=false
proxy_set_to_system=false
track_known_issues=false
auto_screenshot=true
explicit_timeout=20
auto_download=false
retry_interval=5
project_report_directory=./reports/qa
max_screen_history=0
max_log_file_size=150
result_sorting=true
big_screen_width=-1
big_screen_height=-1
init_retry_count=0
init_retry_interval=1
retry_count=0
enable_l10n=true
l10n_encoding=ISO-8859-1
locale=en_US
thread_count=3
data_provider_thread_count=1
core_log_level=INFO
core_log_packages=com.qaprosoft.carina.core
artifacts_expiration_seconds=2592000
log_all_json=true
date_format=HH:mm:ss yyyy-MM-dd
time_format=HH:mm:ss
test_naming_pattern={method_name}
element_loading_strategy=BY_PRESENCE_OR_VISIBILITY
page_opening_strategy=BY_URL_AND_ELEMENT
forcibly_disable_driver_quit=false
s3_use_presign_url=false
s3_local_storage=.
appcenter_local_storage=.
add_new_localization=false
add_new_localization_encoding=utf-8
add_new_localization_property_name=new_custom_messages_
uninstall_related_apps=false
default_device_timezone=GMT
default_device_time_format=24
default_device_language=en_US
android_screen_record_bitrate=1000000
android_enable_bug_report=true
ios_screen_record_quality=MEDIUM
ios_screen_record_codec=libx264
ios_screen_record_fps=10
screen_record_duration=180
video_scale=-2:720
ignore_ssl=false
selenium_host=http://localhost:4444/wd/hub

------------- Driver capabilities -----------
================================================

2020-12-19 11:39:02 CarinaListener [INFO] CARINA_CORE_VERSION: 6.5.46
2020-12-19 11:39:02 AbstractCapabilities [INFO] Set Chrome language to: en_US
2020-12-19 11:39:09 DesktopFactory [INFO] Browser window was maximized
2020-12-19 11:39:09 Messager [INFO] INFO: url 'https://www.gsmarena.com' is being opened...
2020-12-19 11:39:11 DriverListener [INFO] INFO: url 'https://www.gsmarena.com' is opened.
2020-12-19 11:39:13 Messager [INFO]  TEST [Default test - testNewsTitle] STARTED at [11:39:13 2020-12-19]
2020-12-19 11:39:14 DriverListener [INFO] Element clicked
2020-12-19 11:39:15 Messager [ERROR]  TEST [Default test - testNewsTitle] FAILED at [11:39:15 2020-12-19] - no such element: Unable to locate element: {"method":"css selector","selector":".article\-info\-name"}
  (Session info: chrome=87.0.4280.88)
For documentation on this error, please visit: https://www.seleniumhq.org/exceptions/no_such_element.html
Build info: version: '3.141.59', revision: 'e82be7d358', time: '2018-11-14T08:17:03'
System info: host: 'LAPTOP-Q7ODI2IC', ip: '172.22.160.1', os.name: 'Windows 10', os.arch: 'amd64', os.version: '10.0', java.version: '11.0.8'
Driver info: org.openqa.selenium.remote.RemoteWebDriver
Capabilities {acceptInsecureCerts: true, browserName: chrome, browserVersion: 87.0.4280.88, chrome: {chromedriverVersion: 87.0.4280.88 (89e2380a3e36c..., userDataDir: C:\Users\julim\AppData\Loca...}, goog:chromeOptions: {debuggerAddress: localhost:52114}, javascriptEnabled: true, networkConnectionEnabled: false, pageLoadStrategy: normal, platform: WINDOWS, platformName: WINDOWS, proxy: Proxy(), setWindowRect: true, strictFileInteractability: false, timeouts: {implicit: 0, pageLoad: 300000, script: 30000}, unhandledPromptBehavior: dismiss and notify, webauthn:virtualAuthenticators: true, webdriver.remote.sessionid: 302ff6bcae0fde1e37a9330f32f...}
Session ID: 302ff6bcae0fde1e37a9330f32f05c31
*** Element info: {Using=class name, value=article-info-name}

java.base/jdk.internal.reflect.NativeConstructorAccessorImpl.newInstance0(Native Method)
java.base/jdk.internal.reflect.NativeConstructorAccessorImpl.newInstance(NativeConstructorAccessorImpl.java:62)
java.base/jdk.internal.reflect.DelegatingConstructorAccessorImpl.newInstance(DelegatingConstructorAccessorImpl.java:45)
java.base/java.lang.reflect.Constructor.newInstance(Constructor.java:490)
org.openqa.selenium.remote.http.W3CHttpResponseCodec.createException(W3CHttpResponseCodec.java:187)
org.openqa.selenium.remote.http.W3CHttpResponseCodec.decode(W3CHttpResponseCodec.java:122)
org.openqa.selenium.remote.http.W3CHttpResponseCodec.decode(W3CHttpResponseCodec.java:49)
org.openqa.selenium.remote.HttpCommandExecutor.execute(HttpCommandExecutor.java:158)
com.qaprosoft.carina.core.foundation.webdriver.listener.EventFiringSeleniumCommandExecutor.execute(EventFiringSeleniumCommandExecutor.java:54)
org.openqa.selenium.remote.RemoteWebDriver.execute(RemoteWebDriver.java:552)
org.openqa.selenium.remote.RemoteWebDriver.findElement(RemoteWebDriver.java:323)
org.openqa.selenium.remote.RemoteWebDriver.findElementByClassName(RemoteWebDriver.java:412)
org.openqa.selenium.By$ByClassName.findElement(By.java:389)
org.openqa.selenium.remote.RemoteWebDriver.findElement(RemoteWebDriver.java:315)
java.base/jdk.internal.reflect.NativeMethodAccessorImpl.invoke0(Native Method)
java.base/jdk.internal.reflect.NativeMethodAccessorImpl.invoke(NativeMethodAccessorImpl.java:62)
java.base/jdk.internal.reflect.DelegatingMethodAccessorImpl.invoke(DelegatingMethodAccessorImpl.java:43)
java.base/java.lang.reflect.Method.invoke(Method.java:566)
org.openqa.selenium.support.events.EventFiringWebDriver.lambda$new$1(EventFiringWebDriver.java:105)
com.sun.proxy.$Proxy17.findElement(Unknown Source)
org.openqa.selenium.support.events.EventFiringWebDriver.findElement(EventFiringWebDriver.java:194)
org.openqa.selenium.support.pagefactory.DefaultElementLocator.findElement(DefaultElementLocator.java:69)
org.openqa.selenium.support.pagefactory.internal.LocatingElementHandler.invoke(LocatingElementHandler.java:38)
com.sun.proxy.$Proxy22.getText(Unknown Source)
com.solvd.webTesting.gui.pages.NewsPage.getNewsTitle(NewsPage.java:19)
com.webTesting.SearchTest.testNewsTitle(SearchTest.java:61)
java.base/jdk.internal.reflect.NativeMethodAccessorImpl.invoke0(Native Method)
java.base/jdk.internal.reflect.NativeMethodAccessorImpl.invoke(NativeMethodAccessorImpl.java:62)
java.base/jdk.internal.reflect.DelegatingMethodAccessorImpl.invoke(DelegatingMethodAccessorImpl.java:43)
java.base/java.lang.reflect.Method.invoke(Method.java:566)
org.testng.internal.MethodInvocationHelper.invokeMethod(MethodInvocationHelper.java:134)
org.testng.internal.TestInvoker.invokeMethod(TestInvoker.java:597)
org.testng.internal.TestInvoker.invokeTestMethod(TestInvoker.java:173)
org.testng.internal.MethodRunner.runInSequence(MethodRunner.java:46)
org.testng.internal.TestInvoker$MethodInvocationAgent.invoke(TestInvoker.java:816)
org.testng.internal.TestInvoker.invokeTestMethods(TestInvoker.java:146)
org.testng.internal.TestMethodWorker.invokeTestMethods(TestMethodWorker.java:146)
org.testng.internal.TestMethodWorker.run(TestMethodWorker.java:128)
java.base/java.util.ArrayList.forEach(ArrayList.java:1541)
org.testng.TestRunner.privateRun(TestRunner.java:766)
org.testng.TestRunner.run(TestRunner.java:587)
org.testng.SuiteRunner.runTest(SuiteRunner.java:384)
org.testng.SuiteRunner.runSequentially(SuiteRunner.java:378)
org.testng.SuiteRunner.privateRun(SuiteRunner.java:337)
org.testng.SuiteRunner.run(SuiteRunner.java:286)
org.testng.SuiteRunnerWorker.runSuite(SuiteRunnerWorker.java:53)
org.testng.SuiteRunnerWorker.run(SuiteRunnerWorker.java:96)
org.testng.TestNG.runSuitesSequentially(TestNG.java:1187)
org.testng.TestNG.runSuitesLocally(TestNG.java:1109)
org.testng.TestNG.runSuites(TestNG.java:1039)
org.testng.TestNG.run(TestNG.java:1007)
org.testng.remote.AbstractRemoteTestNG.run(AbstractRemoteTestNG.java:115)
org.testng.remote.RemoteTestNG.initAndRun(RemoteTestNG.java:251)
org.testng.remote.RemoteTestNG.main(RemoteTestNG.java:77)
2020-12-19 11:39:15 Messager [INFO] INFO: '**************** Test execution summary ****************'.
2020-12-19 11:39:15 Messager [INFO] RESULT #1: TEST [Default test - testNewsTitle] FAIL [screenshots=./1608388741192/1967500a-50ed-4041-a4e3-4ef03369e6b7/report.html | log=./1608388741192/1967500a-50ed-4041-a4e3-4ef03369e6b7/test.log]
2020-12-19 11:40:40 CarinaListener [INFO] 
============= Test configuration =============
url=https://www.gsmarena.com
env=DEMO
env_arg_resolver=com.qaprosoft.carina.core.foundation.utils.DefaultEnvArgResolver
browser=chrome
browser_language=en_US
selenium_host=http://localhost:4444/wd/hub
max_driver_count=3
headless=false
proxy_protocols=http,https,ftp
browsermob_proxy=false
browsermob_port=0
browsermob_disabled_mitm=false
proxy_set_to_system=false
track_known_issues=false
auto_screenshot=true
explicit_timeout=20
auto_download=false
retry_interval=5
project_report_directory=./reports/qa
max_screen_history=0
max_log_file_size=150
result_sorting=true
big_screen_width=-1
big_screen_height=-1
init_retry_count=0
init_retry_interval=1
retry_count=0
enable_l10n=true
l10n_encoding=ISO-8859-1
locale=en_US
thread_count=3
data_provider_thread_count=1
core_log_level=INFO
core_log_packages=com.qaprosoft.carina.core
artifacts_expiration_seconds=2592000
log_all_json=true
date_format=HH:mm:ss yyyy-MM-dd
time_format=HH:mm:ss
test_naming_pattern={method_name}
element_loading_strategy=BY_PRESENCE_OR_VISIBILITY
page_opening_strategy=BY_URL_AND_ELEMENT
forcibly_disable_driver_quit=false
s3_use_presign_url=false
s3_local_storage=.
appcenter_local_storage=.
add_new_localization=false
add_new_localization_encoding=utf-8
add_new_localization_property_name=new_custom_messages_
uninstall_related_apps=false
default_device_timezone=GMT
default_device_time_format=24
default_device_language=en_US
android_screen_record_bitrate=1000000
android_enable_bug_report=true
ios_screen_record_quality=MEDIUM
ios_screen_record_codec=libx264
ios_screen_record_fps=10
screen_record_duration=180
video_scale=-2:720
ignore_ssl=false
selenium_host=http://localhost:4444/wd/hub

------------- Driver capabilities -----------
================================================

2020-12-19 11:40:41 CarinaListener [INFO] CARINA_CORE_VERSION: 6.5.46
2020-12-19 11:40:42 AbstractCapabilities [INFO] Set Chrome language to: en_US
2020-12-19 11:40:48 DesktopFactory [INFO] Browser window was maximized
2020-12-19 11:40:48 Messager [INFO] INFO: url 'https://www.gsmarena.com' is being opened...
2020-12-19 11:40:50 DriverListener [INFO] INFO: url 'https://www.gsmarena.com' is opened.
2020-12-19 11:40:52 Messager [INFO]  TEST [Default test - testNewsTitle] STARTED at [11:40:52 2020-12-19]
2020-12-19 11:40:59 DriverListener [INFO] Element clicked
2020-12-19 11:41:01 Messager [INFO]  TEST [Default test - testNewsTitle] PASSED at [11:41:01 2020-12-19]
2020-12-19 11:41:01 Messager [INFO] INFO: '**************** Test execution summary ****************'.
2020-12-19 11:41:01 Messager [INFO] RESULT #1: TEST [Default test - testNewsTitle] PASS [screenshots=./1608388840261/cceb905e-7638-4b12-a2ee-6f7a6b65f1f6/report.html | log=./1608388840261/cceb905e-7638-4b12-a2ee-6f7a6b65f1f6/test.log]
2020-12-19 12:06:15 CarinaListener [INFO] 
============= Test configuration =============
url=https://www.gsmarena.com
env=DEMO
env_arg_resolver=com.qaprosoft.carina.core.foundation.utils.DefaultEnvArgResolver
browser=chrome
browser_language=en_US
selenium_host=http://localhost:4444/wd/hub
max_driver_count=3
headless=false
proxy_protocols=http,https,ftp
browsermob_proxy=false
browsermob_port=0
browsermob_disabled_mitm=false
proxy_set_to_system=false
track_known_issues=false
auto_screenshot=true
explicit_timeout=20
auto_download=false
retry_interval=5
project_report_directory=./reports/qa
max_screen_history=0
max_log_file_size=150
result_sorting=true
big_screen_width=-1
big_screen_height=-1
init_retry_count=0
init_retry_interval=1
retry_count=0
enable_l10n=true
l10n_encoding=ISO-8859-1
locale=en_US
thread_count=3
data_provider_thread_count=1
core_log_level=INFO
core_log_packages=com.qaprosoft.carina.core
artifacts_expiration_seconds=2592000
log_all_json=true
date_format=HH:mm:ss yyyy-MM-dd
time_format=HH:mm:ss
test_naming_pattern={method_name}
element_loading_strategy=BY_PRESENCE_OR_VISIBILITY
page_opening_strategy=BY_URL_AND_ELEMENT
forcibly_disable_driver_quit=false
s3_use_presign_url=false
s3_local_storage=.
appcenter_local_storage=.
add_new_localization=false
add_new_localization_encoding=utf-8
add_new_localization_property_name=new_custom_messages_
uninstall_related_apps=false
default_device_timezone=GMT
default_device_time_format=24
default_device_language=en_US
android_screen_record_bitrate=1000000
android_enable_bug_report=true
ios_screen_record_quality=MEDIUM
ios_screen_record_codec=libx264
ios_screen_record_fps=10
screen_record_duration=180
video_scale=-2:720
ignore_ssl=false
selenium_host=http://localhost:4444/wd/hub

------------- Driver capabilities -----------
================================================

2020-12-19 12:06:15 CarinaListener [INFO] 
============= Test configuration =============
url=https://www.gsmarena.com
env=DEMO
env_arg_resolver=com.qaprosoft.carina.core.foundation.utils.DefaultEnvArgResolver
browser=chrome
browser_language=en_US
selenium_host=http://localhost:4444/wd/hub
max_driver_count=3
headless=false
proxy_protocols=http,https,ftp
browsermob_proxy=false
browsermob_port=0
browsermob_disabled_mitm=false
proxy_set_to_system=false
track_known_issues=false
auto_screenshot=true
explicit_timeout=20
auto_download=false
retry_interval=5
project_report_directory=./reports/qa
max_screen_history=0
max_log_file_size=150
result_sorting=true
big_screen_width=-1
big_screen_height=-1
init_retry_count=0
init_retry_interval=1
retry_count=0
enable_l10n=true
l10n_encoding=ISO-8859-1
locale=en_US
thread_count=3
data_provider_thread_count=1
core_log_level=INFO
core_log_packages=com.qaprosoft.carina.core
artifacts_expiration_seconds=2592000
log_all_json=true
date_format=HH:mm:ss yyyy-MM-dd
time_format=HH:mm:ss
test_naming_pattern={method_name}
element_loading_strategy=BY_PRESENCE_OR_VISIBILITY
page_opening_strategy=BY_URL_AND_ELEMENT
forcibly_disable_driver_quit=false
s3_use_presign_url=false
s3_local_storage=.
appcenter_local_storage=.
add_new_localization=false
add_new_localization_encoding=utf-8
add_new_localization_property_name=new_custom_messages_
uninstall_related_apps=false
default_device_timezone=GMT
default_device_time_format=24
default_device_language=en_US
android_screen_record_bitrate=1000000
android_enable_bug_report=true
ios_screen_record_quality=MEDIUM
ios_screen_record_codec=libx264
ios_screen_record_fps=10
screen_record_duration=180
video_scale=-2:720
ignore_ssl=false
selenium_host=http://localhost:4444/wd/hub

------------- Driver capabilities -----------
================================================

2020-12-19 12:06:17 CarinaListener [INFO] CARINA_CORE_VERSION: 6.5.46
2020-12-19 12:06:17 AbstractCapabilities [INFO] Set Chrome language to: en_US
2020-12-19 12:06:18 CarinaListener [INFO] CARINA_CORE_VERSION: 6.5.46
2020-12-19 12:06:18 AbstractCapabilities [INFO] Set Chrome language to: en_US
2020-12-19 12:06:24 DesktopFactory [INFO] Browser window was maximized
2020-12-19 12:06:24 Messager [INFO] INFO: url 'https://www.gsmarena.com' is being opened...
2020-12-19 12:06:24 DesktopFactory [INFO] Browser window was maximized
2020-12-19 12:06:25 Messager [INFO] INFO: url 'https://www.gsmarena.com' is being opened...
2020-12-19 12:06:25 DriverListener [ERROR] FAIL: url 'https://www.gsmarena.com' is not opened!
2020-12-19 12:06:27 DriverListener [INFO] INFO: url 'https://www.gsmarena.com' is opened.
2020-12-19 12:06:27 Screenshot [WARN] Unable to capture screenshot due to NoSuchWindowException!
2020-12-19 12:06:27 Messager [INFO]  TEST [Default test - testPostComment] STARTED at [12:06:27 2020-12-19]
2020-12-19 12:06:27 DriverListener [ERROR] no such window: target window already closed
from unknown error: web view not found
  (Session info: chrome=87.0.4280.88)
Build info: version: '3.141.59', revision: 'e82be7d358', time: '2018-11-14T08:17:03'
System info: host: 'LAPTOP-Q7ODI2IC', ip: '172.22.160.1', os.name: 'Windows 10', os.arch: 'amd64', os.version: '10.0', java.version: '11.0.8'
Driver info: org.openqa.selenium.remote.RemoteWebDriver
Capabilities {acceptInsecureCerts: true, browserName: chrome, browserVersion: 87.0.4280.88, chrome: {chromedriverVersion: 87.0.4280.88 (89e2380a3e36c..., userDataDir: C:\Users\julim\AppData\Loca...}, goog:chromeOptions: {debuggerAddress: localhost:64888}, javascriptEnabled: true, networkConnectionEnabled: false, pageLoadStrategy: normal, platform: WINDOWS, platformName: WINDOWS, proxy: Proxy(), setWindowRect: true, strictFileInteractability: false, timeouts: {implicit: 0, pageLoad: 300000, script: 30000}, unhandledPromptBehavior: dismiss and notify, webauthn:virtualAuthenticators: true, webdriver.remote.sessionid: 945c2425632a850849ab26e745c...}
Session ID: 945c2425632a850849ab26e745ce275b
*** Element info: {Using=link text, value=News}
2020-12-19 12:06:27 Screenshot [WARN] Unable to capture screenshot due to the Exception!
2020-12-19 12:06:27 Screenshot [WARN] Unable to capture screenshot due to the Exception!
2020-12-19 12:06:27 Messager [ERROR]  TEST [Default test - testPostComment] FAILED at [12:06:27 2020-12-19] - no such window: target window already closed
from unknown error: web view not found
  (Session info: chrome=87.0.4280.88)
Build info: version: '3.141.59', revision: 'e82be7d358', time: '2018-11-14T08:17:03'
System info: host: 'LAPTOP-Q7ODI2IC', ip: '172.22.160.1', os.name: 'Windows 10', os.arch: 'amd64', os.version: '10.0', java.version: '11.0.8'
Driver info: org.openqa.selenium.remote.RemoteWebDriver
Capabilities {acceptInsecureCerts: true, browserName: chrome, browserVersion: 87.0.4280.88, chrome: {chromedriverVersion: 87.0.4280.88 (89e2380a3e36c..., userDataDir: C:\Users\julim\AppData\Loca...}, goog:chromeOptions: {debuggerAddress: localhost:64888}, javascriptEnabled: true, networkConnectionEnabled: false, pageLoadStrategy: normal, platform: WINDOWS, platformName: WINDOWS, proxy: Proxy(), setWindowRect: true, strictFileInteractability: false, timeouts: {implicit: 0, pageLoad: 300000, script: 30000}, unhandledPromptBehavior: dismiss and notify, webauthn:virtualAuthenticators: true, webdriver.remote.sessionid: 945c2425632a850849ab26e745c...}
Session ID: 945c2425632a850849ab26e745ce275b
*** Element info: {Using=link text, value=News}

java.base/jdk.internal.reflect.NativeConstructorAccessorImpl.newInstance0(Native Method)
java.base/jdk.internal.reflect.NativeConstructorAccessorImpl.newInstance(NativeConstructorAccessorImpl.java:62)
java.base/jdk.internal.reflect.DelegatingConstructorAccessorImpl.newInstance(DelegatingConstructorAccessorImpl.java:45)
java.base/java.lang.reflect.Constructor.newInstance(Constructor.java:490)
org.openqa.selenium.remote.http.W3CHttpResponseCodec.createException(W3CHttpResponseCodec.java:187)
org.openqa.selenium.remote.http.W3CHttpResponseCodec.decode(W3CHttpResponseCodec.java:122)
org.openqa.selenium.remote.http.W3CHttpResponseCodec.decode(W3CHttpResponseCodec.java:49)
org.openqa.selenium.remote.HttpCommandExecutor.execute(HttpCommandExecutor.java:158)
com.qaprosoft.carina.core.foundation.webdriver.listener.EventFiringSeleniumCommandExecutor.execute(EventFiringSeleniumCommandExecutor.java:54)
org.openqa.selenium.remote.RemoteWebDriver.execute(RemoteWebDriver.java:552)
org.openqa.selenium.remote.RemoteWebDriver.findElement(RemoteWebDriver.java:323)
org.openqa.selenium.remote.RemoteWebDriver.findElementByLinkText(RemoteWebDriver.java:380)
org.openqa.selenium.By$ByLinkText.findElement(By.java:220)
org.openqa.selenium.remote.RemoteWebDriver.findElement(RemoteWebDriver.java:315)
java.base/jdk.internal.reflect.NativeMethodAccessorImpl.invoke0(Native Method)
java.base/jdk.internal.reflect.NativeMethodAccessorImpl.invoke(NativeMethodAccessorImpl.java:62)
java.base/jdk.internal.reflect.DelegatingMethodAccessorImpl.invoke(DelegatingMethodAccessorImpl.java:43)
java.base/java.lang.reflect.Method.invoke(Method.java:566)
org.openqa.selenium.support.events.EventFiringWebDriver.lambda$new$1(EventFiringWebDriver.java:105)
com.sun.proxy.$Proxy17.findElement(Unknown Source)
org.openqa.selenium.support.events.EventFiringWebDriver.findElement(EventFiringWebDriver.java:194)
org.openqa.selenium.support.pagefactory.DefaultElementLocator.findElement(DefaultElementLocator.java:69)
org.openqa.selenium.support.pagefactory.internal.LocatingElementHandler.invoke(LocatingElementHandler.java:38)
com.sun.proxy.$Proxy22.click(Unknown Source)
com.solvd.webTesting.gui.components.FooterMenu.openNewsPage(FooterMenu.java:23)
com.webTesting.services.PhonePageServices.openNewsPage(PhonePageServices.java:19)
com.webTesting.SearchTest.testPostComment(SearchTest.java:70)
java.base/jdk.internal.reflect.NativeMethodAccessorImpl.invoke0(Native Method)
java.base/jdk.internal.reflect.NativeMethodAccessorImpl.invoke(NativeMethodAccessorImpl.java:62)
java.base/jdk.internal.reflect.DelegatingMethodAccessorImpl.invoke(DelegatingMethodAccessorImpl.java:43)
java.base/java.lang.reflect.Method.invoke(Method.java:566)
org.testng.internal.MethodInvocationHelper.invokeMethod(MethodInvocationHelper.java:134)
org.testng.internal.TestInvoker.invokeMethod(TestInvoker.java:597)
org.testng.internal.TestInvoker.invokeTestMethod(TestInvoker.java:173)
org.testng.internal.MethodRunner.runInSequence(MethodRunner.java:46)
org.testng.internal.TestInvoker$MethodInvocationAgent.invoke(TestInvoker.java:816)
org.testng.internal.TestInvoker.invokeTestMethods(TestInvoker.java:146)
org.testng.internal.TestMethodWorker.invokeTestMethods(TestMethodWorker.java:146)
org.testng.internal.TestMethodWorker.run(TestMethodWorker.java:128)
java.base/java.util.ArrayList.forEach(ArrayList.java:1541)
org.testng.TestRunner.privateRun(TestRunner.java:766)
org.testng.TestRunner.run(TestRunner.java:587)
org.testng.SuiteRunner.runTest(SuiteRunner.java:384)
org.testng.SuiteRunner.runSequentially(SuiteRunner.java:378)
org.testng.SuiteRunner.privateRun(SuiteRunner.java:337)
org.testng.SuiteRunner.run(SuiteRunner.java:286)
org.testng.SuiteRunnerWorker.runSuite(SuiteRunnerWorker.java:53)
org.testng.SuiteRunnerWorker.run(SuiteRunnerWorker.java:96)
org.testng.TestNG.runSuitesSequentially(TestNG.java:1187)
org.testng.TestNG.runSuitesLocally(TestNG.java:1109)
org.testng.TestNG.runSuites(TestNG.java:1039)
org.testng.TestNG.run(TestNG.java:1007)
org.testng.remote.AbstractRemoteTestNG.run(AbstractRemoteTestNG.java:115)
org.testng.remote.RemoteTestNG.initAndRun(RemoteTestNG.java:251)
org.testng.remote.RemoteTestNG.main(RemoteTestNG.java:77)
2020-12-19 12:06:27 Messager [INFO] INFO: '**************** Test execution summary ****************'.
2020-12-19 12:06:27 Messager [INFO] RESULT #1: TEST [Default test - testPostComment] FAIL [log=./1608390375576/4ca2c3a3-dc80-47c0-81aa-3bf44216f925/test.log]
2020-12-19 12:06:38 CarinaListener [INFO] 
============= Test configuration =============
url=https://www.gsmarena.com
env=DEMO
env_arg_resolver=com.qaprosoft.carina.core.foundation.utils.DefaultEnvArgResolver
browser=chrome
browser_language=en_US
selenium_host=http://localhost:4444/wd/hub
max_driver_count=3
headless=false
proxy_protocols=http,https,ftp
browsermob_proxy=false
browsermob_port=0
browsermob_disabled_mitm=false
proxy_set_to_system=false
track_known_issues=false
auto_screenshot=true
explicit_timeout=20
auto_download=false
retry_interval=5
project_report_directory=./reports/qa
max_screen_history=0
max_log_file_size=150
result_sorting=true
big_screen_width=-1
big_screen_height=-1
init_retry_count=0
init_retry_interval=1
retry_count=0
enable_l10n=true
l10n_encoding=ISO-8859-1
locale=en_US
thread_count=3
data_provider_thread_count=1
core_log_level=INFO
core_log_packages=com.qaprosoft.carina.core
artifacts_expiration_seconds=2592000
log_all_json=true
date_format=HH:mm:ss yyyy-MM-dd
time_format=HH:mm:ss
test_naming_pattern={method_name}
element_loading_strategy=BY_PRESENCE_OR_VISIBILITY
page_opening_strategy=BY_URL_AND_ELEMENT
forcibly_disable_driver_quit=false
s3_use_presign_url=false
s3_local_storage=.
appcenter_local_storage=.
add_new_localization=false
add_new_localization_encoding=utf-8
add_new_localization_property_name=new_custom_messages_
uninstall_related_apps=false
default_device_timezone=GMT
default_device_time_format=24
default_device_language=en_US
android_screen_record_bitrate=1000000
android_enable_bug_report=true
ios_screen_record_quality=MEDIUM
ios_screen_record_codec=libx264
ios_screen_record_fps=10
screen_record_duration=180
video_scale=-2:720
ignore_ssl=false
selenium_host=http://localhost:4444/wd/hub

------------- Driver capabilities -----------
================================================

2020-12-19 12:06:40 CarinaListener [INFO] CARINA_CORE_VERSION: 6.5.46
2020-12-19 12:06:40 AbstractCapabilities [INFO] Set Chrome language to: en_US
2020-12-19 12:06:53 CarinaListener [INFO] 
============= Test configuration =============
url=https://www.gsmarena.com
env=DEMO
env_arg_resolver=com.qaprosoft.carina.core.foundation.utils.DefaultEnvArgResolver
browser=chrome
browser_language=en_US
selenium_host=http://localhost:4444/wd/hub
max_driver_count=3
headless=false
proxy_protocols=http,https,ftp
browsermob_proxy=false
browsermob_port=0
browsermob_disabled_mitm=false
proxy_set_to_system=false
track_known_issues=false
auto_screenshot=true
explicit_timeout=20
auto_download=false
retry_interval=5
project_report_directory=./reports/qa
max_screen_history=0
max_log_file_size=150
result_sorting=true
big_screen_width=-1
big_screen_height=-1
init_retry_count=0
init_retry_interval=1
retry_count=0
enable_l10n=true
l10n_encoding=ISO-8859-1
locale=en_US
thread_count=3
data_provider_thread_count=1
core_log_level=INFO
core_log_packages=com.qaprosoft.carina.core
artifacts_expiration_seconds=2592000
log_all_json=true
date_format=HH:mm:ss yyyy-MM-dd
time_format=HH:mm:ss
test_naming_pattern={method_name}
element_loading_strategy=BY_PRESENCE_OR_VISIBILITY
page_opening_strategy=BY_URL_AND_ELEMENT
forcibly_disable_driver_quit=false
s3_use_presign_url=false
s3_local_storage=.
appcenter_local_storage=.
add_new_localization=false
add_new_localization_encoding=utf-8
add_new_localization_property_name=new_custom_messages_
uninstall_related_apps=false
default_device_timezone=GMT
default_device_time_format=24
default_device_language=en_US
android_screen_record_bitrate=1000000
android_enable_bug_report=true
ios_screen_record_quality=MEDIUM
ios_screen_record_codec=libx264
ios_screen_record_fps=10
screen_record_duration=180
video_scale=-2:720
ignore_ssl=false
selenium_host=http://localhost:4444/wd/hub

------------- Driver capabilities -----------
================================================

2020-12-19 12:06:55 CarinaListener [INFO] CARINA_CORE_VERSION: 6.5.46
2020-12-19 12:06:55 AbstractCapabilities [INFO] Set Chrome language to: en_US
2020-12-19 12:07:01 DesktopFactory [INFO] Browser window was maximized
2020-12-19 12:07:01 Messager [INFO] INFO: url 'https://www.gsmarena.com' is being opened...
2020-12-19 12:07:09 DriverListener [INFO] INFO: url 'https://www.gsmarena.com' is opened.
2020-12-19 12:07:11 Messager [INFO]  TEST [Default test - testPostComment] STARTED at [12:07:11 2020-12-19]
2020-12-19 12:07:16 DriverListener [INFO] Element clicked
2020-12-19 12:07:17 DriverListener [INFO] Element clicked
2020-12-19 12:07:19 DriverListener [ERROR] element not interactable
  (Session info: chrome=87.0.4280.88)
Build info: version: '3.141.59', revision: 'e82be7d358', time: '2018-11-14T08:17:03'
System info: host: 'LAPTOP-Q7ODI2IC', ip: '172.22.160.1', os.name: 'Windows 10', os.arch: 'amd64', os.version: '10.0', java.version: '11.0.8'
Driver info: org.openqa.selenium.remote.RemoteWebDriver
Capabilities {acceptInsecureCerts: true, browserName: chrome, browserVersion: 87.0.4280.88, chrome: {chromedriverVersion: 87.0.4280.88 (89e2380a3e36c..., userDataDir: C:\Users\julim\AppData\Loca...}, goog:chromeOptions: {debuggerAddress: localhost:64980}, javascriptEnabled: true, networkConnectionEnabled: false, pageLoadStrategy: normal, platform: WINDOWS, platformName: WINDOWS, proxy: Proxy(), setWindowRect: true, strictFileInteractability: false, timeouts: {implicit: 0, pageLoad: 300000, script: 30000}, unhandledPromptBehavior: dismiss and notify, webauthn:virtualAuthenticators: true, webdriver.remote.sessionid: 9fe5a598d747354b4992a138cf2...}
Session ID: 9fe5a598d747354b4992a138cf2a7079
2020-12-19 12:07:28 Messager [ERROR]  TEST [Default test - testPostComment] FAILED at [12:07:28 2020-12-19] - element not interactable
  (Session info: chrome=87.0.4280.88)
Build info: version: '3.141.59', revision: 'e82be7d358', time: '2018-11-14T08:17:03'
System info: host: 'LAPTOP-Q7ODI2IC', ip: '172.22.160.1', os.name: 'Windows 10', os.arch: 'amd64', os.version: '10.0', java.version: '11.0.8'
Driver info: org.openqa.selenium.remote.RemoteWebDriver
Capabilities {acceptInsecureCerts: true, browserName: chrome, browserVersion: 87.0.4280.88, chrome: {chromedriverVersion: 87.0.4280.88 (89e2380a3e36c..., userDataDir: C:\Users\julim\AppData\Loca...}, goog:chromeOptions: {debuggerAddress: localhost:64980}, javascriptEnabled: true, networkConnectionEnabled: false, pageLoadStrategy: normal, platform: WINDOWS, platformName: WINDOWS, proxy: Proxy(), setWindowRect: true, strictFileInteractability: false, timeouts: {implicit: 0, pageLoad: 300000, script: 30000}, unhandledPromptBehavior: dismiss and notify, webauthn:virtualAuthenticators: true, webdriver.remote.sessionid: 9fe5a598d747354b4992a138cf2...}
Session ID: 9fe5a598d747354b4992a138cf2a7079

java.base/jdk.internal.reflect.NativeConstructorAccessorImpl.newInstance0(Native Method)
java.base/jdk.internal.reflect.NativeConstructorAccessorImpl.newInstance(NativeConstructorAccessorImpl.java:62)
java.base/jdk.internal.reflect.DelegatingConstructorAccessorImpl.newInstance(DelegatingConstructorAccessorImpl.java:45)
java.base/java.lang.reflect.Constructor.newInstance(Constructor.java:490)
org.openqa.selenium.remote.http.W3CHttpResponseCodec.createException(W3CHttpResponseCodec.java:187)
org.openqa.selenium.remote.http.W3CHttpResponseCodec.decode(W3CHttpResponseCodec.java:122)
org.openqa.selenium.remote.http.W3CHttpResponseCodec.decode(W3CHttpResponseCodec.java:49)
org.openqa.selenium.remote.HttpCommandExecutor.execute(HttpCommandExecutor.java:158)
com.qaprosoft.carina.core.foundation.webdriver.listener.EventFiringSeleniumCommandExecutor.execute(EventFiringSeleniumCommandExecutor.java:54)
org.openqa.selenium.remote.RemoteWebDriver.execute(RemoteWebDriver.java:552)
org.openqa.selenium.remote.RemoteWebElement.execute(RemoteWebElement.java:285)
org.openqa.selenium.remote.RemoteWebElement.click(RemoteWebElement.java:84)
java.base/jdk.internal.reflect.NativeMethodAccessorImpl.invoke0(Native Method)
java.base/jdk.internal.reflect.NativeMethodAccessorImpl.invoke(NativeMethodAccessorImpl.java:62)
java.base/jdk.internal.reflect.DelegatingMethodAccessorImpl.invoke(DelegatingMethodAccessorImpl.java:43)
java.base/java.lang.reflect.Method.invoke(Method.java:566)
org.openqa.selenium.support.events.EventFiringWebDriver$EventFiringWebElement.lambda$new$0(EventFiringWebDriver.java:404)
com.sun.proxy.$Proxy24.click(Unknown Source)
org.openqa.selenium.support.events.EventFiringWebDriver$EventFiringWebElement.click(EventFiringWebDriver.java:417)
java.base/jdk.internal.reflect.NativeMethodAccessorImpl.invoke0(Native Method)
java.base/jdk.internal.reflect.NativeMethodAccessorImpl.invoke(NativeMethodAccessorImpl.java:62)
java.base/jdk.internal.reflect.DelegatingMethodAccessorImpl.invoke(DelegatingMethodAccessorImpl.java:43)
java.base/java.lang.reflect.Method.invoke(Method.java:566)
org.openqa.selenium.support.pagefactory.internal.LocatingElementHandler.invoke(LocatingElementHandler.java:51)
com.sun.proxy.$Proxy22.click(Unknown Source)
com.solvd.webTesting.gui.pages.NewsDetailPage.clickPostCommentButton(NewsDetailPage.java:19)
com.webTesting.SearchTest.testPostComment(SearchTest.java:72)
java.base/jdk.internal.reflect.NativeMethodAccessorImpl.invoke0(Native Method)
java.base/jdk.internal.reflect.NativeMethodAccessorImpl.invoke(NativeMethodAccessorImpl.java:62)
java.base/jdk.internal.reflect.DelegatingMethodAccessorImpl.invoke(DelegatingMethodAccessorImpl.java:43)
java.base/java.lang.reflect.Method.invoke(Method.java:566)
org.testng.internal.MethodInvocationHelper.invokeMethod(MethodInvocationHelper.java:134)
org.testng.internal.TestInvoker.invokeMethod(TestInvoker.java:597)
org.testng.internal.TestInvoker.invokeTestMethod(TestInvoker.java:173)
org.testng.internal.MethodRunner.runInSequence(MethodRunner.java:46)
org.testng.internal.TestInvoker$MethodInvocationAgent.invoke(TestInvoker.java:816)
org.testng.internal.TestInvoker.invokeTestMethods(TestInvoker.java:146)
org.testng.internal.TestMethodWorker.invokeTestMethods(TestMethodWorker.java:146)
org.testng.internal.TestMethodWorker.run(TestMethodWorker.java:128)
java.base/java.util.ArrayList.forEach(ArrayList.java:1541)
org.testng.TestRunner.privateRun(TestRunner.java:766)
org.testng.TestRunner.run(TestRunner.java:587)
org.testng.SuiteRunner.runTest(SuiteRunner.java:384)
org.testng.SuiteRunner.runSequentially(SuiteRunner.java:378)
org.testng.SuiteRunner.privateRun(SuiteRunner.java:337)
org.testng.SuiteRunner.run(SuiteRunner.java:286)
org.testng.SuiteRunnerWorker.runSuite(SuiteRunnerWorker.java:53)
org.testng.SuiteRunnerWorker.run(SuiteRunnerWorker.java:96)
org.testng.TestNG.runSuitesSequentially(TestNG.java:1187)
org.testng.TestNG.runSuitesLocally(TestNG.java:1109)
org.testng.TestNG.runSuites(TestNG.java:1039)
org.testng.TestNG.run(TestNG.java:1007)
org.testng.remote.AbstractRemoteTestNG.run(AbstractRemoteTestNG.java:115)
org.testng.remote.RemoteTestNG.initAndRun(RemoteTestNG.java:251)
org.testng.remote.RemoteTestNG.main(RemoteTestNG.java:77)
2020-12-19 12:07:28 Messager [INFO] INFO: '**************** Test execution summary ****************'.
2020-12-19 12:07:28 Messager [INFO] RESULT #1: TEST [Default test - testPostComment] FAIL [screenshots=./1608390413340/04f329c6-6a5d-426c-9c7e-4d09809c1da0/report.html | log=./1608390413340/04f329c6-6a5d-426c-9c7e-4d09809c1da0/test.log]
2020-12-19 12:11:06 CarinaListener [INFO] 
============= Test configuration =============
url=https://www.gsmarena.com
env=DEMO
env_arg_resolver=com.qaprosoft.carina.core.foundation.utils.DefaultEnvArgResolver
browser=chrome
browser_language=en_US
selenium_host=http://localhost:4444/wd/hub
max_driver_count=3
headless=false
proxy_protocols=http,https,ftp
browsermob_proxy=false
browsermob_port=0
browsermob_disabled_mitm=false
proxy_set_to_system=false
track_known_issues=false
auto_screenshot=true
explicit_timeout=20
auto_download=false
retry_interval=5
project_report_directory=./reports/qa
max_screen_history=0
max_log_file_size=150
result_sorting=true
big_screen_width=-1
big_screen_height=-1
init_retry_count=0
init_retry_interval=1
retry_count=0
enable_l10n=true
l10n_encoding=ISO-8859-1
locale=en_US
thread_count=3
data_provider_thread_count=1
core_log_level=INFO
core_log_packages=com.qaprosoft.carina.core
artifacts_expiration_seconds=2592000
log_all_json=true
date_format=HH:mm:ss yyyy-MM-dd
time_format=HH:mm:ss
test_naming_pattern={method_name}
element_loading_strategy=BY_PRESENCE_OR_VISIBILITY
page_opening_strategy=BY_URL_AND_ELEMENT
forcibly_disable_driver_quit=false
s3_use_presign_url=false
s3_local_storage=.
appcenter_local_storage=.
add_new_localization=false
add_new_localization_encoding=utf-8
add_new_localization_property_name=new_custom_messages_
uninstall_related_apps=false
default_device_timezone=GMT
default_device_time_format=24
default_device_language=en_US
android_screen_record_bitrate=1000000
android_enable_bug_report=true
ios_screen_record_quality=MEDIUM
ios_screen_record_codec=libx264
ios_screen_record_fps=10
screen_record_duration=180
video_scale=-2:720
ignore_ssl=false
selenium_host=http://localhost:4444/wd/hub

------------- Driver capabilities -----------
================================================

2020-12-19 12:11:08 CarinaListener [INFO] CARINA_CORE_VERSION: 6.5.46
2020-12-19 12:11:08 AbstractCapabilities [INFO] Set Chrome language to: en_US
2020-12-19 12:11:15 DesktopFactory [INFO] Browser window was maximized
2020-12-19 12:11:15 Messager [INFO] INFO: url 'https://www.gsmarena.com' is being opened...
2020-12-19 12:11:17 DriverListener [INFO] INFO: url 'https://www.gsmarena.com' is opened.
2020-12-19 12:11:19 Messager [INFO]  TEST [Default test - testPostComment] STARTED at [12:11:19 2020-12-19]
2020-12-19 12:11:24 DriverListener [INFO] Element clicked
2020-12-19 12:11:25 DriverListener [INFO] Element clicked
2020-12-19 12:11:27 DriverListener [INFO] Element clicked
2020-12-19 12:11:28 DriverListener [INFO] Text 'Great News' typed
2020-12-19 12:11:29 Messager [ERROR]  TEST [Default test - testPostComment] FAILED at [12:11:29 2020-12-19] - no such element: Unable to locate element: {"method":"css selector","selector":".button\ float\-right"}
  (Session info: chrome=87.0.4280.88)
For documentation on this error, please visit: https://www.seleniumhq.org/exceptions/no_such_element.html
Build info: version: '3.141.59', revision: 'e82be7d358', time: '2018-11-14T08:17:03'
System info: host: 'LAPTOP-Q7ODI2IC', ip: '172.22.160.1', os.name: 'Windows 10', os.arch: 'amd64', os.version: '10.0', java.version: '11.0.8'
Driver info: org.openqa.selenium.remote.RemoteWebDriver
Capabilities {acceptInsecureCerts: true, browserName: chrome, browserVersion: 87.0.4280.88, chrome: {chromedriverVersion: 87.0.4280.88 (89e2380a3e36c..., userDataDir: C:\Users\julim\AppData\Loca...}, goog:chromeOptions: {debuggerAddress: localhost:65366}, javascriptEnabled: true, networkConnectionEnabled: false, pageLoadStrategy: normal, platform: WINDOWS, platformName: WINDOWS, proxy: Proxy(), setWindowRect: true, strictFileInteractability: false, timeouts: {implicit: 0, pageLoad: 300000, script: 30000}, unhandledPromptBehavior: dismiss and notify, webauthn:virtualAuthenticators: true, webdriver.remote.sessionid: 607952fbdda76d9cdec41534ce5...}
Session ID: 607952fbdda76d9cdec41534ce5242ed
*** Element info: {Using=class name, value=button float-right}

java.base/jdk.internal.reflect.NativeConstructorAccessorImpl.newInstance0(Native Method)
java.base/jdk.internal.reflect.NativeConstructorAccessorImpl.newInstance(NativeConstructorAccessorImpl.java:62)
java.base/jdk.internal.reflect.DelegatingConstructorAccessorImpl.newInstance(DelegatingConstructorAccessorImpl.java:45)
java.base/java.lang.reflect.Constructor.newInstance(Constructor.java:490)
org.openqa.selenium.remote.http.W3CHttpResponseCodec.createException(W3CHttpResponseCodec.java:187)
org.openqa.selenium.remote.http.W3CHttpResponseCodec.decode(W3CHttpResponseCodec.java:122)
org.openqa.selenium.remote.http.W3CHttpResponseCodec.decode(W3CHttpResponseCodec.java:49)
org.openqa.selenium.remote.HttpCommandExecutor.execute(HttpCommandExecutor.java:158)
com.qaprosoft.carina.core.foundation.webdriver.listener.EventFiringSeleniumCommandExecutor.execute(EventFiringSeleniumCommandExecutor.java:54)
org.openqa.selenium.remote.RemoteWebDriver.execute(RemoteWebDriver.java:552)
org.openqa.selenium.remote.RemoteWebDriver.findElement(RemoteWebDriver.java:323)
org.openqa.selenium.remote.RemoteWebDriver.findElementByClassName(RemoteWebDriver.java:412)
org.openqa.selenium.By$ByClassName.findElement(By.java:389)
org.openqa.selenium.remote.RemoteWebDriver.findElement(RemoteWebDriver.java:315)
java.base/jdk.internal.reflect.NativeMethodAccessorImpl.invoke0(Native Method)
java.base/jdk.internal.reflect.NativeMethodAccessorImpl.invoke(NativeMethodAccessorImpl.java:62)
java.base/jdk.internal.reflect.DelegatingMethodAccessorImpl.invoke(DelegatingMethodAccessorImpl.java:43)
java.base/java.lang.reflect.Method.invoke(Method.java:566)
org.openqa.selenium.support.events.EventFiringWebDriver.lambda$new$1(EventFiringWebDriver.java:105)
com.sun.proxy.$Proxy17.findElement(Unknown Source)
org.openqa.selenium.support.events.EventFiringWebDriver.findElement(EventFiringWebDriver.java:194)
org.openqa.selenium.support.pagefactory.DefaultElementLocator.findElement(DefaultElementLocator.java:69)
org.openqa.selenium.support.pagefactory.internal.LocatingElementHandler.invoke(LocatingElementHandler.java:38)
com.sun.proxy.$Proxy22.click(Unknown Source)
com.solvd.webTesting.gui.pages.PostCommentPage.postComment(PostCommentPage.java:23)
com.webTesting.SearchTest.testPostComment(SearchTest.java:73)
java.base/jdk.internal.reflect.NativeMethodAccessorImpl.invoke0(Native Method)
java.base/jdk.internal.reflect.NativeMethodAccessorImpl.invoke(NativeMethodAccessorImpl.java:62)
java.base/jdk.internal.reflect.DelegatingMethodAccessorImpl.invoke(DelegatingMethodAccessorImpl.java:43)
java.base/java.lang.reflect.Method.invoke(Method.java:566)
org.testng.internal.MethodInvocationHelper.invokeMethod(MethodInvocationHelper.java:134)
org.testng.internal.TestInvoker.invokeMethod(TestInvoker.java:597)
org.testng.internal.TestInvoker.invokeTestMethod(TestInvoker.java:173)
org.testng.internal.MethodRunner.runInSequence(MethodRunner.java:46)
org.testng.internal.TestInvoker$MethodInvocationAgent.invoke(TestInvoker.java:816)
org.testng.internal.TestInvoker.invokeTestMethods(TestInvoker.java:146)
org.testng.internal.TestMethodWorker.invokeTestMethods(TestMethodWorker.java:146)
org.testng.internal.TestMethodWorker.run(TestMethodWorker.java:128)
java.base/java.util.ArrayList.forEach(ArrayList.java:1541)
org.testng.TestRunner.privateRun(TestRunner.java:766)
org.testng.TestRunner.run(TestRunner.java:587)
org.testng.SuiteRunner.runTest(SuiteRunner.java:384)
org.testng.SuiteRunner.runSequentially(SuiteRunner.java:378)
org.testng.SuiteRunner.privateRun(SuiteRunner.java:337)
org.testng.SuiteRunner.run(SuiteRunner.java:286)
org.testng.SuiteRunnerWorker.runSuite(SuiteRunnerWorker.java:53)
org.testng.SuiteRunnerWorker.run(SuiteRunnerWorker.java:96)
org.testng.TestNG.runSuitesSequentially(TestNG.java:1187)
org.testng.TestNG.runSuitesLocally(TestNG.java:1109)
org.testng.TestNG.runSuites(TestNG.java:1039)
org.testng.TestNG.run(TestNG.java:1007)
org.testng.remote.AbstractRemoteTestNG.run(AbstractRemoteTestNG.java:115)
org.testng.remote.RemoteTestNG.initAndRun(RemoteTestNG.java:251)
org.testng.remote.RemoteTestNG.main(RemoteTestNG.java:77)
2020-12-19 12:11:29 Messager [INFO] INFO: '**************** Test execution summary ****************'.
2020-12-19 12:11:29 Messager [INFO] RESULT #1: TEST [Default test - testPostComment] FAIL [screenshots=./1608390666897/55d61d1b-0362-4d51-90e2-f460bb027e1b/report.html | log=./1608390666897/55d61d1b-0362-4d51-90e2-f460bb027e1b/test.log]
2020-12-19 12:12:17 CarinaListener [INFO] 
============= Test configuration =============
url=https://www.gsmarena.com
env=DEMO
env_arg_resolver=com.qaprosoft.carina.core.foundation.utils.DefaultEnvArgResolver
browser=chrome
browser_language=en_US
selenium_host=http://localhost:4444/wd/hub
max_driver_count=3
headless=false
proxy_protocols=http,https,ftp
browsermob_proxy=false
browsermob_port=0
browsermob_disabled_mitm=false
proxy_set_to_system=false
track_known_issues=false
auto_screenshot=true
explicit_timeout=20
auto_download=false
retry_interval=5
project_report_directory=./reports/qa
max_screen_history=0
max_log_file_size=150
result_sorting=true
big_screen_width=-1
big_screen_height=-1
init_retry_count=0
init_retry_interval=1
retry_count=0
enable_l10n=true
l10n_encoding=ISO-8859-1
locale=en_US
thread_count=3
data_provider_thread_count=1
core_log_level=INFO
core_log_packages=com.qaprosoft.carina.core
artifacts_expiration_seconds=2592000
log_all_json=true
date_format=HH:mm:ss yyyy-MM-dd
time_format=HH:mm:ss
test_naming_pattern={method_name}
element_loading_strategy=BY_PRESENCE_OR_VISIBILITY
page_opening_strategy=BY_URL_AND_ELEMENT
forcibly_disable_driver_quit=false
s3_use_presign_url=false
s3_local_storage=.
appcenter_local_storage=.
add_new_localization=false
add_new_localization_encoding=utf-8
add_new_localization_property_name=new_custom_messages_
uninstall_related_apps=false
default_device_timezone=GMT
default_device_time_format=24
default_device_language=en_US
android_screen_record_bitrate=1000000
android_enable_bug_report=true
ios_screen_record_quality=MEDIUM
ios_screen_record_codec=libx264
ios_screen_record_fps=10
screen_record_duration=180
video_scale=-2:720
ignore_ssl=false
selenium_host=http://localhost:4444/wd/hub

------------- Driver capabilities -----------
================================================

2020-12-19 12:12:19 CarinaListener [INFO] CARINA_CORE_VERSION: 6.5.46
2020-12-19 12:12:19 AbstractCapabilities [INFO] Set Chrome language to: en_US
2020-12-19 12:12:25 DesktopFactory [INFO] Browser window was maximized
2020-12-19 12:12:25 Messager [INFO] INFO: url 'https://www.gsmarena.com' is being opened...
2020-12-19 12:12:27 DriverListener [INFO] INFO: url 'https://www.gsmarena.com' is opened.
2020-12-19 12:12:28 Messager [INFO]  TEST [Default test - testPostComment] STARTED at [12:12:28 2020-12-19]
2020-12-19 12:12:35 DriverListener [INFO] Element clicked
2020-12-19 12:12:37 DriverListener [INFO] Element clicked
2020-12-19 12:12:38 DriverListener [INFO] Element clicked
2020-12-19 12:12:39 DriverListener [INFO] Text 'Great News' typed
2020-12-19 12:12:40 Messager [ERROR]  TEST [Default test - testPostComment] FAILED at [12:12:40 2020-12-19] - no such element: Unable to locate element: {"method":"css selector","selector":".nick\-submit"}
  (Session info: chrome=87.0.4280.88)
For documentation on this error, please visit: https://www.seleniumhq.org/exceptions/no_such_element.html
Build info: version: '3.141.59', revision: 'e82be7d358', time: '2018-11-14T08:17:03'
System info: host: 'LAPTOP-Q7ODI2IC', ip: '172.22.160.1', os.name: 'Windows 10', os.arch: 'amd64', os.version: '10.0', java.version: '11.0.8'
Driver info: org.openqa.selenium.remote.RemoteWebDriver
Capabilities {acceptInsecureCerts: true, browserName: chrome, browserVersion: 87.0.4280.88, chrome: {chromedriverVersion: 87.0.4280.88 (89e2380a3e36c..., userDataDir: C:\Users\julim\AppData\Loca...}, goog:chromeOptions: {debuggerAddress: localhost:49181}, javascriptEnabled: true, networkConnectionEnabled: false, pageLoadStrategy: normal, platform: WINDOWS, platformName: WINDOWS, proxy: Proxy(), setWindowRect: true, strictFileInteractability: false, timeouts: {implicit: 0, pageLoad: 300000, script: 30000}, unhandledPromptBehavior: dismiss and notify, webauthn:virtualAuthenticators: true, webdriver.remote.sessionid: cb0ca85828fa6ad573ab3212fbe...}
Session ID: cb0ca85828fa6ad573ab3212fbe952c1
*** Element info: {Using=class name, value=nick-submit}

java.base/jdk.internal.reflect.NativeConstructorAccessorImpl.newInstance0(Native Method)
java.base/jdk.internal.reflect.NativeConstructorAccessorImpl.newInstance(NativeConstructorAccessorImpl.java:62)
java.base/jdk.internal.reflect.DelegatingConstructorAccessorImpl.newInstance(DelegatingConstructorAccessorImpl.java:45)
java.base/java.lang.reflect.Constructor.newInstance(Constructor.java:490)
org.openqa.selenium.remote.http.W3CHttpResponseCodec.createException(W3CHttpResponseCodec.java:187)
org.openqa.selenium.remote.http.W3CHttpResponseCodec.decode(W3CHttpResponseCodec.java:122)
org.openqa.selenium.remote.http.W3CHttpResponseCodec.decode(W3CHttpResponseCodec.java:49)
org.openqa.selenium.remote.HttpCommandExecutor.execute(HttpCommandExecutor.java:158)
com.qaprosoft.carina.core.foundation.webdriver.listener.EventFiringSeleniumCommandExecutor.execute(EventFiringSeleniumCommandExecutor.java:54)
org.openqa.selenium.remote.RemoteWebDriver.execute(RemoteWebDriver.java:552)
org.openqa.selenium.remote.RemoteWebDriver.findElement(RemoteWebDriver.java:323)
org.openqa.selenium.remote.RemoteWebDriver.findElementByClassName(RemoteWebDriver.java:412)
org.openqa.selenium.By$ByClassName.findElement(By.java:389)
org.openqa.selenium.remote.RemoteWebDriver.findElement(RemoteWebDriver.java:315)
java.base/jdk.internal.reflect.NativeMethodAccessorImpl.invoke0(Native Method)
java.base/jdk.internal.reflect.NativeMethodAccessorImpl.invoke(NativeMethodAccessorImpl.java:62)
java.base/jdk.internal.reflect.DelegatingMethodAccessorImpl.invoke(DelegatingMethodAccessorImpl.java:43)
java.base/java.lang.reflect.Method.invoke(Method.java:566)
org.openqa.selenium.support.events.EventFiringWebDriver.lambda$new$1(EventFiringWebDriver.java:105)
com.sun.proxy.$Proxy17.findElement(Unknown Source)
org.openqa.selenium.support.events.EventFiringWebDriver.findElement(EventFiringWebDriver.java:194)
org.openqa.selenium.support.pagefactory.DefaultElementLocator.findElement(DefaultElementLocator.java:69)
org.openqa.selenium.support.pagefactory.internal.LocatingElementHandler.invoke(LocatingElementHandler.java:38)
com.sun.proxy.$Proxy22.click(Unknown Source)
com.solvd.webTesting.gui.pages.PostCommentPage.postComment(PostCommentPage.java:23)
com.webTesting.SearchTest.testPostComment(SearchTest.java:73)
java.base/jdk.internal.reflect.NativeMethodAccessorImpl.invoke0(Native Method)
java.base/jdk.internal.reflect.NativeMethodAccessorImpl.invoke(NativeMethodAccessorImpl.java:62)
java.base/jdk.internal.reflect.DelegatingMethodAccessorImpl.invoke(DelegatingMethodAccessorImpl.java:43)
java.base/java.lang.reflect.Method.invoke(Method.java:566)
org.testng.internal.MethodInvocationHelper.invokeMethod(MethodInvocationHelper.java:134)
org.testng.internal.TestInvoker.invokeMethod(TestInvoker.java:597)
org.testng.internal.TestInvoker.invokeTestMethod(TestInvoker.java:173)
org.testng.internal.MethodRunner.runInSequence(MethodRunner.java:46)
org.testng.internal.TestInvoker$MethodInvocationAgent.invoke(TestInvoker.java:816)
org.testng.internal.TestInvoker.invokeTestMethods(TestInvoker.java:146)
org.testng.internal.TestMethodWorker.invokeTestMethods(TestMethodWorker.java:146)
org.testng.internal.TestMethodWorker.run(TestMethodWorker.java:128)
java.base/java.util.ArrayList.forEach(ArrayList.java:1541)
org.testng.TestRunner.privateRun(TestRunner.java:766)
org.testng.TestRunner.run(TestRunner.java:587)
org.testng.SuiteRunner.runTest(SuiteRunner.java:384)
org.testng.SuiteRunner.runSequentially(SuiteRunner.java:378)
org.testng.SuiteRunner.privateRun(SuiteRunner.java:337)
org.testng.SuiteRunner.run(SuiteRunner.java:286)
org.testng.SuiteRunnerWorker.runSuite(SuiteRunnerWorker.java:53)
org.testng.SuiteRunnerWorker.run(SuiteRunnerWorker.java:96)
org.testng.TestNG.runSuitesSequentially(TestNG.java:1187)
org.testng.TestNG.runSuitesLocally(TestNG.java:1109)
org.testng.TestNG.runSuites(TestNG.java:1039)
org.testng.TestNG.run(TestNG.java:1007)
org.testng.remote.AbstractRemoteTestNG.run(AbstractRemoteTestNG.java:115)
org.testng.remote.RemoteTestNG.initAndRun(RemoteTestNG.java:251)
org.testng.remote.RemoteTestNG.main(RemoteTestNG.java:77)
2020-12-19 12:12:40 Messager [INFO] INFO: '**************** Test execution summary ****************'.
2020-12-19 12:12:40 Messager [INFO] RESULT #1: TEST [Default test - testPostComment] FAIL [screenshots=./1608390737568/ac203e1c-5c8d-4f8f-a51f-a7b24feaefcc/report.html | log=./1608390737568/ac203e1c-5c8d-4f8f-a51f-a7b24feaefcc/test.log]
2020-12-19 12:13:32 CarinaListener [INFO] 
============= Test configuration =============
url=https://www.gsmarena.com
env=DEMO
env_arg_resolver=com.qaprosoft.carina.core.foundation.utils.DefaultEnvArgResolver
browser=chrome
browser_language=en_US
selenium_host=http://localhost:4444/wd/hub
max_driver_count=3
headless=false
proxy_protocols=http,https,ftp
browsermob_proxy=false
browsermob_port=0
browsermob_disabled_mitm=false
proxy_set_to_system=false
track_known_issues=false
auto_screenshot=true
explicit_timeout=20
auto_download=false
retry_interval=5
project_report_directory=./reports/qa
max_screen_history=0
max_log_file_size=150
result_sorting=true
big_screen_width=-1
big_screen_height=-1
init_retry_count=0
init_retry_interval=1
retry_count=0
enable_l10n=true
l10n_encoding=ISO-8859-1
locale=en_US
thread_count=3
data_provider_thread_count=1
core_log_level=INFO
core_log_packages=com.qaprosoft.carina.core
artifacts_expiration_seconds=2592000
log_all_json=true
date_format=HH:mm:ss yyyy-MM-dd
time_format=HH:mm:ss
test_naming_pattern={method_name}
element_loading_strategy=BY_PRESENCE_OR_VISIBILITY
page_opening_strategy=BY_URL_AND_ELEMENT
forcibly_disable_driver_quit=false
s3_use_presign_url=false
s3_local_storage=.
appcenter_local_storage=.
add_new_localization=false
add_new_localization_encoding=utf-8
add_new_localization_property_name=new_custom_messages_
uninstall_related_apps=false
default_device_timezone=GMT
default_device_time_format=24
default_device_language=en_US
android_screen_record_bitrate=1000000
android_enable_bug_report=true
ios_screen_record_quality=MEDIUM
ios_screen_record_codec=libx264
ios_screen_record_fps=10
screen_record_duration=180
video_scale=-2:720
ignore_ssl=false
selenium_host=http://localhost:4444/wd/hub

------------- Driver capabilities -----------
================================================

2020-12-19 12:13:34 CarinaListener [INFO] CARINA_CORE_VERSION: 6.5.46
2020-12-19 12:13:34 AbstractCapabilities [INFO] Set Chrome language to: en_US
2020-12-19 12:13:40 DesktopFactory [INFO] Browser window was maximized
2020-12-19 12:13:40 Messager [INFO] INFO: url 'https://www.gsmarena.com' is being opened...
2020-12-19 12:13:49 DriverListener [INFO] INFO: url 'https://www.gsmarena.com' is opened.
2020-12-19 12:13:50 Messager [INFO]  TEST [Default test - testPostComment] STARTED at [12:13:50 2020-12-19]
2020-12-19 12:13:51 DriverListener [INFO] Element clicked
2020-12-19 12:13:51 Messager [ERROR]  TEST [Default test - testPostComment] FAILED at [12:13:51 2020-12-19] - no such element: Unable to locate element: {"method":"xpath","selector":"//*[@id="news"]/div/div[1]"}
  (Session info: chrome=87.0.4280.88)
For documentation on this error, please visit: https://www.seleniumhq.org/exceptions/no_such_element.html
Build info: version: '3.141.59', revision: 'e82be7d358', time: '2018-11-14T08:17:03'
System info: host: 'LAPTOP-Q7ODI2IC', ip: '172.22.160.1', os.name: 'Windows 10', os.arch: 'amd64', os.version: '10.0', java.version: '11.0.8'
Driver info: org.openqa.selenium.remote.RemoteWebDriver
Capabilities {acceptInsecureCerts: true, browserName: chrome, browserVersion: 87.0.4280.88, chrome: {chromedriverVersion: 87.0.4280.88 (89e2380a3e36c..., userDataDir: C:\Users\julim\AppData\Loca...}, goog:chromeOptions: {debuggerAddress: localhost:49391}, javascriptEnabled: true, networkConnectionEnabled: false, pageLoadStrategy: normal, platform: WINDOWS, platformName: WINDOWS, proxy: Proxy(), setWindowRect: true, strictFileInteractability: false, timeouts: {implicit: 0, pageLoad: 300000, script: 30000}, unhandledPromptBehavior: dismiss and notify, webauthn:virtualAuthenticators: true, webdriver.remote.sessionid: 3234a0b5f5dd70e4caec34ad78e...}
Session ID: 3234a0b5f5dd70e4caec34ad78e7867e
*** Element info: {Using=xpath, value=//*[@id="news"]/div/div[1]}

java.base/jdk.internal.reflect.NativeConstructorAccessorImpl.newInstance0(Native Method)
java.base/jdk.internal.reflect.NativeConstructorAccessorImpl.newInstance(NativeConstructorAccessorImpl.java:62)
java.base/jdk.internal.reflect.DelegatingConstructorAccessorImpl.newInstance(DelegatingConstructorAccessorImpl.java:45)
java.base/java.lang.reflect.Constructor.newInstance(Constructor.java:490)
org.openqa.selenium.remote.http.W3CHttpResponseCodec.createException(W3CHttpResponseCodec.java:187)
org.openqa.selenium.remote.http.W3CHttpResponseCodec.decode(W3CHttpResponseCodec.java:122)
org.openqa.selenium.remote.http.W3CHttpResponseCodec.decode(W3CHttpResponseCodec.java:49)
org.openqa.selenium.remote.HttpCommandExecutor.execute(HttpCommandExecutor.java:158)
com.qaprosoft.carina.core.foundation.webdriver.listener.EventFiringSeleniumCommandExecutor.execute(EventFiringSeleniumCommandExecutor.java:54)
org.openqa.selenium.remote.RemoteWebDriver.execute(RemoteWebDriver.java:552)
org.openqa.selenium.remote.RemoteWebDriver.findElement(RemoteWebDriver.java:323)
org.openqa.selenium.remote.RemoteWebDriver.findElementByXPath(RemoteWebDriver.java:428)
org.openqa.selenium.By$ByXPath.findElement(By.java:353)
org.openqa.selenium.remote.RemoteWebDriver.findElement(RemoteWebDriver.java:315)
java.base/jdk.internal.reflect.NativeMethodAccessorImpl.invoke0(Native Method)
java.base/jdk.internal.reflect.NativeMethodAccessorImpl.invoke(NativeMethodAccessorImpl.java:62)
java.base/jdk.internal.reflect.DelegatingMethodAccessorImpl.invoke(DelegatingMethodAccessorImpl.java:43)
java.base/java.lang.reflect.Method.invoke(Method.java:566)
org.openqa.selenium.support.events.EventFiringWebDriver.lambda$new$1(EventFiringWebDriver.java:105)
com.sun.proxy.$Proxy17.findElement(Unknown Source)
org.openqa.selenium.support.events.EventFiringWebDriver.findElement(EventFiringWebDriver.java:194)
org.openqa.selenium.support.pagefactory.DefaultElementLocator.findElement(DefaultElementLocator.java:69)
org.openqa.selenium.support.pagefactory.internal.LocatingElementHandler.invoke(LocatingElementHandler.java:38)
com.sun.proxy.$Proxy22.click(Unknown Source)
com.solvd.webTesting.gui.pages.NewsPage.clickOnFirstNews(NewsPage.java:26)
com.webTesting.SearchTest.testPostComment(SearchTest.java:71)
java.base/jdk.internal.reflect.NativeMethodAccessorImpl.invoke0(Native Method)
java.base/jdk.internal.reflect.NativeMethodAccessorImpl.invoke(NativeMethodAccessorImpl.java:62)
java.base/jdk.internal.reflect.DelegatingMethodAccessorImpl.invoke(DelegatingMethodAccessorImpl.java:43)
java.base/java.lang.reflect.Method.invoke(Method.java:566)
org.testng.internal.MethodInvocationHelper.invokeMethod(MethodInvocationHelper.java:134)
org.testng.internal.TestInvoker.invokeMethod(TestInvoker.java:597)
org.testng.internal.TestInvoker.invokeTestMethod(TestInvoker.java:173)
org.testng.internal.MethodRunner.runInSequence(MethodRunner.java:46)
org.testng.internal.TestInvoker$MethodInvocationAgent.invoke(TestInvoker.java:816)
org.testng.internal.TestInvoker.invokeTestMethods(TestInvoker.java:146)
org.testng.internal.TestMethodWorker.invokeTestMethods(TestMethodWorker.java:146)
org.testng.internal.TestMethodWorker.run(TestMethodWorker.java:128)
java.base/java.util.ArrayList.forEach(ArrayList.java:1541)
org.testng.TestRunner.privateRun(TestRunner.java:766)
org.testng.TestRunner.run(TestRunner.java:587)
org.testng.SuiteRunner.runTest(SuiteRunner.java:384)
org.testng.SuiteRunner.runSequentially(SuiteRunner.java:378)
org.testng.SuiteRunner.privateRun(SuiteRunner.java:337)
org.testng.SuiteRunner.run(SuiteRunner.java:286)
org.testng.SuiteRunnerWorker.runSuite(SuiteRunnerWorker.java:53)
org.testng.SuiteRunnerWorker.run(SuiteRunnerWorker.java:96)
org.testng.TestNG.runSuitesSequentially(TestNG.java:1187)
org.testng.TestNG.runSuitesLocally(TestNG.java:1109)
org.testng.TestNG.runSuites(TestNG.java:1039)
org.testng.TestNG.run(TestNG.java:1007)
org.testng.remote.AbstractRemoteTestNG.run(AbstractRemoteTestNG.java:115)
org.testng.remote.RemoteTestNG.initAndRun(RemoteTestNG.java:251)
org.testng.remote.RemoteTestNG.main(RemoteTestNG.java:77)
2020-12-19 12:13:52 Messager [INFO] INFO: '**************** Test execution summary ****************'.
2020-12-19 12:13:52 Messager [INFO] RESULT #1: TEST [Default test - testPostComment] FAIL [screenshots=./1608390813013/654debdc-4c0e-4803-a677-3218af2146e5/report.html | log=./1608390813013/654debdc-4c0e-4803-a677-3218af2146e5/test.log]
2020-12-19 12:14:04 CarinaListener [INFO] 
============= Test configuration =============
url=https://www.gsmarena.com
env=DEMO
env_arg_resolver=com.qaprosoft.carina.core.foundation.utils.DefaultEnvArgResolver
browser=chrome
browser_language=en_US
selenium_host=http://localhost:4444/wd/hub
max_driver_count=3
headless=false
proxy_protocols=http,https,ftp
browsermob_proxy=false
browsermob_port=0
browsermob_disabled_mitm=false
proxy_set_to_system=false
track_known_issues=false
auto_screenshot=true
explicit_timeout=20
auto_download=false
retry_interval=5
project_report_directory=./reports/qa
max_screen_history=0
max_log_file_size=150
result_sorting=true
big_screen_width=-1
big_screen_height=-1
init_retry_count=0
init_retry_interval=1
retry_count=0
enable_l10n=true
l10n_encoding=ISO-8859-1
locale=en_US
thread_count=3
data_provider_thread_count=1
core_log_level=INFO
core_log_packages=com.qaprosoft.carina.core
artifacts_expiration_seconds=2592000
log_all_json=true
date_format=HH:mm:ss yyyy-MM-dd
time_format=HH:mm:ss
test_naming_pattern={method_name}
element_loading_strategy=BY_PRESENCE_OR_VISIBILITY
page_opening_strategy=BY_URL_AND_ELEMENT
forcibly_disable_driver_quit=false
s3_use_presign_url=false
s3_local_storage=.
appcenter_local_storage=.
add_new_localization=false
add_new_localization_encoding=utf-8
add_new_localization_property_name=new_custom_messages_
uninstall_related_apps=false
default_device_timezone=GMT
default_device_time_format=24
default_device_language=en_US
android_screen_record_bitrate=1000000
android_enable_bug_report=true
ios_screen_record_quality=MEDIUM
ios_screen_record_codec=libx264
ios_screen_record_fps=10
screen_record_duration=180
video_scale=-2:720
ignore_ssl=false
selenium_host=http://localhost:4444/wd/hub

------------- Driver capabilities -----------
================================================

2020-12-19 12:14:06 CarinaListener [INFO] CARINA_CORE_VERSION: 6.5.46
2020-12-19 12:14:06 AbstractCapabilities [INFO] Set Chrome language to: en_US
2020-12-19 12:14:12 DesktopFactory [INFO] Browser window was maximized
2020-12-19 12:14:12 Messager [INFO] INFO: url 'https://www.gsmarena.com' is being opened...
2020-12-19 12:14:14 DriverListener [INFO] INFO: url 'https://www.gsmarena.com' is opened.
2020-12-19 12:14:15 Messager [INFO]  TEST [Default test - testPostComment] STARTED at [12:14:15 2020-12-19]
2020-12-19 12:14:23 DriverListener [INFO] Element clicked
2020-12-19 12:14:25 DriverListener [INFO] Element clicked
2020-12-19 12:14:26 DriverListener [INFO] Element clicked
2020-12-19 12:14:27 DriverListener [INFO] Text 'Great News' typed
2020-12-19 12:14:28 DriverListener [ERROR] element not interactable
  (Session info: chrome=87.0.4280.88)
Build info: version: '3.141.59', revision: 'e82be7d358', time: '2018-11-14T08:17:03'
System info: host: 'LAPTOP-Q7ODI2IC', ip: '172.22.160.1', os.name: 'Windows 10', os.arch: 'amd64', os.version: '10.0', java.version: '11.0.8'
Driver info: org.openqa.selenium.remote.RemoteWebDriver
Capabilities {acceptInsecureCerts: true, browserName: chrome, browserVersion: 87.0.4280.88, chrome: {chromedriverVersion: 87.0.4280.88 (89e2380a3e36c..., userDataDir: C:\Users\julim\AppData\Loca...}, goog:chromeOptions: {debuggerAddress: localhost:49588}, javascriptEnabled: true, networkConnectionEnabled: false, pageLoadStrategy: normal, platform: WINDOWS, platformName: WINDOWS, proxy: Proxy(), setWindowRect: true, strictFileInteractability: false, timeouts: {implicit: 0, pageLoad: 300000, script: 30000}, unhandledPromptBehavior: dismiss and notify, webauthn:virtualAuthenticators: true, webdriver.remote.sessionid: 5cb7af749492ff6c9bbd2f31ba3...}
Session ID: 5cb7af749492ff6c9bbd2f31ba35c074
2020-12-19 12:14:33 Messager [ERROR]  TEST [Default test - testPostComment] FAILED at [12:14:33 2020-12-19] - element not interactable
  (Session info: chrome=87.0.4280.88)
Build info: version: '3.141.59', revision: 'e82be7d358', time: '2018-11-14T08:17:03'
System info: host: 'LAPTOP-Q7ODI2IC', ip: '172.22.160.1', os.name: 'Windows 10', os.arch: 'amd64', os.version: '10.0', java.version: '11.0.8'
Driver info: org.openqa.selenium.remote.RemoteWebDriver
Capabilities {acceptInsecureCerts: true, browserName: chrome, browserVersion: 87.0.4280.88, chrome: {chromedriverVersion: 87.0.4280.88 (89e2380a3e36c..., userDataDir: C:\Users\julim\AppData\Loca...}, goog:chromeOptions: {debuggerAddress: localhost:49588}, javascriptEnabled: true, networkConnectionEnabled: false, pageLoadStrategy: normal, platform: WINDOWS, platformName: WINDOWS, proxy: Proxy(), setWindowRect: true, strictFileInteractability: false, timeouts: {implicit: 0, pageLoad: 300000, script: 30000}, unhandledPromptBehavior: dismiss and notify, webauthn:virtualAuthenticators: true, webdriver.remote.sessionid: 5cb7af749492ff6c9bbd2f31ba3...}
Session ID: 5cb7af749492ff6c9bbd2f31ba35c074

java.base/jdk.internal.reflect.NativeConstructorAccessorImpl.newInstance0(Native Method)
java.base/jdk.internal.reflect.NativeConstructorAccessorImpl.newInstance(NativeConstructorAccessorImpl.java:62)
java.base/jdk.internal.reflect.DelegatingConstructorAccessorImpl.newInstance(DelegatingConstructorAccessorImpl.java:45)
java.base/java.lang.reflect.Constructor.newInstance(Constructor.java:490)
org.openqa.selenium.remote.http.W3CHttpResponseCodec.createException(W3CHttpResponseCodec.java:187)
org.openqa.selenium.remote.http.W3CHttpResponseCodec.decode(W3CHttpResponseCodec.java:122)
org.openqa.selenium.remote.http.W3CHttpResponseCodec.decode(W3CHttpResponseCodec.java:49)
org.openqa.selenium.remote.HttpCommandExecutor.execute(HttpCommandExecutor.java:158)
com.qaprosoft.carina.core.foundation.webdriver.listener.EventFiringSeleniumCommandExecutor.execute(EventFiringSeleniumCommandExecutor.java:54)
org.openqa.selenium.remote.RemoteWebDriver.execute(RemoteWebDriver.java:552)
org.openqa.selenium.remote.RemoteWebElement.execute(RemoteWebElement.java:285)
org.openqa.selenium.remote.RemoteWebElement.click(RemoteWebElement.java:84)
java.base/jdk.internal.reflect.NativeMethodAccessorImpl.invoke0(Native Method)
java.base/jdk.internal.reflect.NativeMethodAccessorImpl.invoke(NativeMethodAccessorImpl.java:62)
java.base/jdk.internal.reflect.DelegatingMethodAccessorImpl.invoke(DelegatingMethodAccessorImpl.java:43)
java.base/java.lang.reflect.Method.invoke(Method.java:566)
org.openqa.selenium.support.events.EventFiringWebDriver$EventFiringWebElement.lambda$new$0(EventFiringWebDriver.java:404)
com.sun.proxy.$Proxy24.click(Unknown Source)
org.openqa.selenium.support.events.EventFiringWebDriver$EventFiringWebElement.click(EventFiringWebDriver.java:417)
java.base/jdk.internal.reflect.NativeMethodAccessorImpl.invoke0(Native Method)
java.base/jdk.internal.reflect.NativeMethodAccessorImpl.invoke(NativeMethodAccessorImpl.java:62)
java.base/jdk.internal.reflect.DelegatingMethodAccessorImpl.invoke(DelegatingMethodAccessorImpl.java:43)
java.base/java.lang.reflect.Method.invoke(Method.java:566)
org.openqa.selenium.support.pagefactory.internal.LocatingElementHandler.invoke(LocatingElementHandler.java:51)
com.sun.proxy.$Proxy22.click(Unknown Source)
com.solvd.webTesting.gui.pages.PostCommentPage.postComment(PostCommentPage.java:23)
com.webTesting.SearchTest.testPostComment(SearchTest.java:73)
java.base/jdk.internal.reflect.NativeMethodAccessorImpl.invoke0(Native Method)
java.base/jdk.internal.reflect.NativeMethodAccessorImpl.invoke(NativeMethodAccessorImpl.java:62)
java.base/jdk.internal.reflect.DelegatingMethodAccessorImpl.invoke(DelegatingMethodAccessorImpl.java:43)
java.base/java.lang.reflect.Method.invoke(Method.java:566)
org.testng.internal.MethodInvocationHelper.invokeMethod(MethodInvocationHelper.java:134)
org.testng.internal.TestInvoker.invokeMethod(TestInvoker.java:597)
org.testng.internal.TestInvoker.invokeTestMethod(TestInvoker.java:173)
org.testng.internal.MethodRunner.runInSequence(MethodRunner.java:46)
org.testng.internal.TestInvoker$MethodInvocationAgent.invoke(TestInvoker.java:816)
org.testng.internal.TestInvoker.invokeTestMethods(TestInvoker.java:146)
org.testng.internal.TestMethodWorker.invokeTestMethods(TestMethodWorker.java:146)
org.testng.internal.TestMethodWorker.run(TestMethodWorker.java:128)
java.base/java.util.ArrayList.forEach(ArrayList.java:1541)
org.testng.TestRunner.privateRun(TestRunner.java:766)
org.testng.TestRunner.run(TestRunner.java:587)
org.testng.SuiteRunner.runTest(SuiteRunner.java:384)
org.testng.SuiteRunner.runSequentially(SuiteRunner.java:378)
org.testng.SuiteRunner.privateRun(SuiteRunner.java:337)
org.testng.SuiteRunner.run(SuiteRunner.java:286)
org.testng.SuiteRunnerWorker.runSuite(SuiteRunnerWorker.java:53)
org.testng.SuiteRunnerWorker.run(SuiteRunnerWorker.java:96)
org.testng.TestNG.runSuitesSequentially(TestNG.java:1187)
org.testng.TestNG.runSuitesLocally(TestNG.java:1109)
org.testng.TestNG.runSuites(TestNG.java:1039)
org.testng.TestNG.run(TestNG.java:1007)
org.testng.remote.AbstractRemoteTestNG.run(AbstractRemoteTestNG.java:115)
org.testng.remote.RemoteTestNG.initAndRun(RemoteTestNG.java:251)
org.testng.remote.RemoteTestNG.main(RemoteTestNG.java:77)
2020-12-19 12:14:33 Messager [INFO] INFO: '**************** Test execution summary ****************'.
2020-12-19 12:14:33 Messager [INFO] RESULT #1: TEST [Default test - testPostComment] FAIL [screenshots=./1608390844601/5f826e4c-9720-492e-b363-2622ec87eeda/report.html | log=./1608390844601/5f826e4c-9720-492e-b363-2622ec87eeda/test.log]
2020-12-19 12:17:16 CarinaListener [INFO] 
============= Test configuration =============
url=https://www.gsmarena.com
env=DEMO
env_arg_resolver=com.qaprosoft.carina.core.foundation.utils.DefaultEnvArgResolver
browser=chrome
browser_language=en_US
selenium_host=http://localhost:4444/wd/hub
max_driver_count=3
headless=false
proxy_protocols=http,https,ftp
browsermob_proxy=false
browsermob_port=0
browsermob_disabled_mitm=false
proxy_set_to_system=false
track_known_issues=false
auto_screenshot=true
explicit_timeout=20
auto_download=false
retry_interval=5
project_report_directory=./reports/qa
max_screen_history=0
max_log_file_size=150
result_sorting=true
big_screen_width=-1
big_screen_height=-1
init_retry_count=0
init_retry_interval=1
retry_count=0
enable_l10n=true
l10n_encoding=ISO-8859-1
locale=en_US
thread_count=3
data_provider_thread_count=1
core_log_level=INFO
core_log_packages=com.qaprosoft.carina.core
artifacts_expiration_seconds=2592000
log_all_json=true
date_format=HH:mm:ss yyyy-MM-dd
time_format=HH:mm:ss
test_naming_pattern={method_name}
element_loading_strategy=BY_PRESENCE_OR_VISIBILITY
page_opening_strategy=BY_URL_AND_ELEMENT
forcibly_disable_driver_quit=false
s3_use_presign_url=false
s3_local_storage=.
appcenter_local_storage=.
add_new_localization=false
add_new_localization_encoding=utf-8
add_new_localization_property_name=new_custom_messages_
uninstall_related_apps=false
default_device_timezone=GMT
default_device_time_format=24
default_device_language=en_US
android_screen_record_bitrate=1000000
android_enable_bug_report=true
ios_screen_record_quality=MEDIUM
ios_screen_record_codec=libx264
ios_screen_record_fps=10
screen_record_duration=180
video_scale=-2:720
ignore_ssl=false
selenium_host=http://localhost:4444/wd/hub

------------- Driver capabilities -----------
================================================

2020-12-19 12:17:17 CarinaListener [INFO] CARINA_CORE_VERSION: 6.5.46
2020-12-19 12:17:17 AbstractCapabilities [INFO] Set Chrome language to: en_US
2020-12-19 12:17:23 DesktopFactory [INFO] Browser window was maximized
2020-12-19 12:17:24 Messager [INFO] INFO: url 'https://www.gsmarena.com' is being opened...
2020-12-19 12:17:32 DriverListener [INFO] INFO: url 'https://www.gsmarena.com' is opened.
2020-12-19 12:17:33 Messager [INFO]  TEST [Default test - testPostComment] STARTED at [12:17:33 2020-12-19]
2020-12-19 12:17:37 DriverListener [INFO] Element clicked
2020-12-19 12:17:39 DriverListener [INFO] Element clicked
2020-12-19 12:17:41 DriverListener [INFO] Element clicked
2020-12-19 12:17:41 DriverListener [INFO] Text 'Great News' typed
2020-12-19 12:17:42 Messager [ERROR]  TEST [Default test - testPostComment] FAILED at [12:17:42 2020-12-19] - no such element: Unable to locate element: {"method":"css selector","selector":".button\ float\-right"}
  (Session info: chrome=87.0.4280.88)
For documentation on this error, please visit: https://www.seleniumhq.org/exceptions/no_such_element.html
Build info: version: '3.141.59', revision: 'e82be7d358', time: '2018-11-14T08:17:03'
System info: host: 'LAPTOP-Q7ODI2IC', ip: '172.22.160.1', os.name: 'Windows 10', os.arch: 'amd64', os.version: '10.0', java.version: '11.0.8'
Driver info: org.openqa.selenium.remote.RemoteWebDriver
Capabilities {acceptInsecureCerts: true, browserName: chrome, browserVersion: 87.0.4280.88, chrome: {chromedriverVersion: 87.0.4280.88 (89e2380a3e36c..., userDataDir: C:\Users\julim\AppData\Loca...}, goog:chromeOptions: {debuggerAddress: localhost:49975}, javascriptEnabled: true, networkConnectionEnabled: false, pageLoadStrategy: normal, platform: WINDOWS, platformName: WINDOWS, proxy: Proxy(), setWindowRect: true, strictFileInteractability: false, timeouts: {implicit: 0, pageLoad: 300000, script: 30000}, unhandledPromptBehavior: dismiss and notify, webauthn:virtualAuthenticators: true, webdriver.remote.sessionid: b45cc7560afb9f1efd943bcde88...}
Session ID: b45cc7560afb9f1efd943bcde882b33a
*** Element info: {Using=class name, value=button float-right}

java.base/jdk.internal.reflect.NativeConstructorAccessorImpl.newInstance0(Native Method)
java.base/jdk.internal.reflect.NativeConstructorAccessorImpl.newInstance(NativeConstructorAccessorImpl.java:62)
java.base/jdk.internal.reflect.DelegatingConstructorAccessorImpl.newInstance(DelegatingConstructorAccessorImpl.java:45)
java.base/java.lang.reflect.Constructor.newInstance(Constructor.java:490)
org.openqa.selenium.remote.http.W3CHttpResponseCodec.createException(W3CHttpResponseCodec.java:187)
org.openqa.selenium.remote.http.W3CHttpResponseCodec.decode(W3CHttpResponseCodec.java:122)
org.openqa.selenium.remote.http.W3CHttpResponseCodec.decode(W3CHttpResponseCodec.java:49)
org.openqa.selenium.remote.HttpCommandExecutor.execute(HttpCommandExecutor.java:158)
com.qaprosoft.carina.core.foundation.webdriver.listener.EventFiringSeleniumCommandExecutor.execute(EventFiringSeleniumCommandExecutor.java:54)
org.openqa.selenium.remote.RemoteWebDriver.execute(RemoteWebDriver.java:552)
org.openqa.selenium.remote.RemoteWebDriver.findElement(RemoteWebDriver.java:323)
org.openqa.selenium.remote.RemoteWebDriver.findElementByClassName(RemoteWebDriver.java:412)
org.openqa.selenium.By$ByClassName.findElement(By.java:389)
org.openqa.selenium.remote.RemoteWebDriver.findElement(RemoteWebDriver.java:315)
java.base/jdk.internal.reflect.NativeMethodAccessorImpl.invoke0(Native Method)
java.base/jdk.internal.reflect.NativeMethodAccessorImpl.invoke(NativeMethodAccessorImpl.java:62)
java.base/jdk.internal.reflect.DelegatingMethodAccessorImpl.invoke(DelegatingMethodAccessorImpl.java:43)
java.base/java.lang.reflect.Method.invoke(Method.java:566)
org.openqa.selenium.support.events.EventFiringWebDriver.lambda$new$1(EventFiringWebDriver.java:105)
com.sun.proxy.$Proxy17.findElement(Unknown Source)
org.openqa.selenium.support.events.EventFiringWebDriver.findElement(EventFiringWebDriver.java:194)
org.openqa.selenium.support.pagefactory.DefaultElementLocator.findElement(DefaultElementLocator.java:69)
org.openqa.selenium.support.pagefactory.internal.LocatingElementHandler.invoke(LocatingElementHandler.java:38)
com.sun.proxy.$Proxy22.click(Unknown Source)
com.solvd.webTesting.gui.pages.PostCommentPage.postComment(PostCommentPage.java:23)
com.webTesting.SearchTest.testPostComment(SearchTest.java:73)
java.base/jdk.internal.reflect.NativeMethodAccessorImpl.invoke0(Native Method)
java.base/jdk.internal.reflect.NativeMethodAccessorImpl.invoke(NativeMethodAccessorImpl.java:62)
java.base/jdk.internal.reflect.DelegatingMethodAccessorImpl.invoke(DelegatingMethodAccessorImpl.java:43)
java.base/java.lang.reflect.Method.invoke(Method.java:566)
org.testng.internal.MethodInvocationHelper.invokeMethod(MethodInvocationHelper.java:134)
org.testng.internal.TestInvoker.invokeMethod(TestInvoker.java:597)
org.testng.internal.TestInvoker.invokeTestMethod(TestInvoker.java:173)
org.testng.internal.MethodRunner.runInSequence(MethodRunner.java:46)
org.testng.internal.TestInvoker$MethodInvocationAgent.invoke(TestInvoker.java:816)
org.testng.internal.TestInvoker.invokeTestMethods(TestInvoker.java:146)
org.testng.internal.TestMethodWorker.invokeTestMethods(TestMethodWorker.java:146)
org.testng.internal.TestMethodWorker.run(TestMethodWorker.java:128)
java.base/java.util.ArrayList.forEach(ArrayList.java:1541)
org.testng.TestRunner.privateRun(TestRunner.java:766)
org.testng.TestRunner.run(TestRunner.java:587)
org.testng.SuiteRunner.runTest(SuiteRunner.java:384)
org.testng.SuiteRunner.runSequentially(SuiteRunner.java:378)
org.testng.SuiteRunner.privateRun(SuiteRunner.java:337)
org.testng.SuiteRunner.run(SuiteRunner.java:286)
org.testng.SuiteRunnerWorker.runSuite(SuiteRunnerWorker.java:53)
org.testng.SuiteRunnerWorker.run(SuiteRunnerWorker.java:96)
org.testng.TestNG.runSuitesSequentially(TestNG.java:1187)
org.testng.TestNG.runSuitesLocally(TestNG.java:1109)
org.testng.TestNG.runSuites(TestNG.java:1039)
org.testng.TestNG.run(TestNG.java:1007)
org.testng.remote.AbstractRemoteTestNG.run(AbstractRemoteTestNG.java:115)
org.testng.remote.RemoteTestNG.initAndRun(RemoteTestNG.java:251)
org.testng.remote.RemoteTestNG.main(RemoteTestNG.java:77)
2020-12-19 12:17:42 Messager [INFO] INFO: '**************** Test execution summary ****************'.
2020-12-19 12:17:42 Messager [INFO] RESULT #1: TEST [Default test - testPostComment] FAIL [screenshots=./1608391036318/b0d38c76-8129-4bf0-bbf7-65d17272b568/report.html | log=./1608391036318/b0d38c76-8129-4bf0-bbf7-65d17272b568/test.log]
2020-12-19 12:21:40 CarinaListener [INFO] 
============= Test configuration =============
url=https://www.gsmarena.com
env=DEMO
env_arg_resolver=com.qaprosoft.carina.core.foundation.utils.DefaultEnvArgResolver
browser=chrome
browser_language=en_US
selenium_host=http://localhost:4444/wd/hub
max_driver_count=3
headless=false
proxy_protocols=http,https,ftp
browsermob_proxy=false
browsermob_port=0
browsermob_disabled_mitm=false
proxy_set_to_system=false
track_known_issues=false
auto_screenshot=true
explicit_timeout=20
auto_download=false
retry_interval=5
project_report_directory=./reports/qa
max_screen_history=0
max_log_file_size=150
result_sorting=true
big_screen_width=-1
big_screen_height=-1
init_retry_count=0
init_retry_interval=1
retry_count=0
enable_l10n=true
l10n_encoding=ISO-8859-1
locale=en_US
thread_count=3
data_provider_thread_count=1
core_log_level=INFO
core_log_packages=com.qaprosoft.carina.core
artifacts_expiration_seconds=2592000
log_all_json=true
date_format=HH:mm:ss yyyy-MM-dd
time_format=HH:mm:ss
test_naming_pattern={method_name}
element_loading_strategy=BY_PRESENCE_OR_VISIBILITY
page_opening_strategy=BY_URL_AND_ELEMENT
forcibly_disable_driver_quit=false
s3_use_presign_url=false
s3_local_storage=.
appcenter_local_storage=.
add_new_localization=false
add_new_localization_encoding=utf-8
add_new_localization_property_name=new_custom_messages_
uninstall_related_apps=false
default_device_timezone=GMT
default_device_time_format=24
default_device_language=en_US
android_screen_record_bitrate=1000000
android_enable_bug_report=true
ios_screen_record_quality=MEDIUM
ios_screen_record_codec=libx264
ios_screen_record_fps=10
screen_record_duration=180
video_scale=-2:720
ignore_ssl=false
selenium_host=http://localhost:4444/wd/hub

------------- Driver capabilities -----------
================================================

2020-12-19 12:21:41 CarinaListener [INFO] CARINA_CORE_VERSION: 6.5.46
2020-12-19 12:21:41 AbstractCapabilities [INFO] Set Chrome language to: en_US
2020-12-19 12:21:47 DesktopFactory [INFO] Browser window was maximized
2020-12-19 12:21:47 Messager [INFO] INFO: url 'https://www.gsmarena.com' is being opened...
2020-12-19 12:21:49 DriverListener [INFO] INFO: url 'https://www.gsmarena.com' is opened.
2020-12-19 12:21:51 Messager [INFO]  TEST [Default test - testPostComment] STARTED at [12:21:51 2020-12-19]
2020-12-19 12:21:55 DriverListener [INFO] Element clicked
2020-12-19 12:21:57 DriverListener [INFO] Element clicked
2020-12-19 12:21:58 DriverListener [INFO] Element clicked
2020-12-19 12:21:59 DriverListener [INFO] Text 'Great News' typed
2020-12-19 12:22:01 DriverListener [INFO] Element clicked
2020-12-19 12:22:01 Messager [ERROR]  TEST [Default test - testPostComment] FAILED at [12:22:01 2020-12-19] - no such element: Unable to locate element: {"method":"css selector","selector":".normal\-text\ res\-warning"}
  (Session info: chrome=87.0.4280.88)
For documentation on this error, please visit: https://www.seleniumhq.org/exceptions/no_such_element.html
Build info: version: '3.141.59', revision: 'e82be7d358', time: '2018-11-14T08:17:03'
System info: host: 'LAPTOP-Q7ODI2IC', ip: '172.22.160.1', os.name: 'Windows 10', os.arch: 'amd64', os.version: '10.0', java.version: '11.0.8'
Driver info: org.openqa.selenium.remote.RemoteWebDriver
Capabilities {acceptInsecureCerts: true, browserName: chrome, browserVersion: 87.0.4280.88, chrome: {chromedriverVersion: 87.0.4280.88 (89e2380a3e36c..., userDataDir: C:\Users\julim\AppData\Loca...}, goog:chromeOptions: {debuggerAddress: localhost:50463}, javascriptEnabled: true, networkConnectionEnabled: false, pageLoadStrategy: normal, platform: WINDOWS, platformName: WINDOWS, proxy: Proxy(), setWindowRect: true, strictFileInteractability: false, timeouts: {implicit: 0, pageLoad: 300000, script: 30000}, unhandledPromptBehavior: dismiss and notify, webauthn:virtualAuthenticators: true, webdriver.remote.sessionid: c3e47b9c59efcfa8e86fc6ac40d...}
Session ID: c3e47b9c59efcfa8e86fc6ac40db4db6
*** Element info: {Using=class name, value=normal-text res-warning}

java.base/jdk.internal.reflect.NativeConstructorAccessorImpl.newInstance0(Native Method)
java.base/jdk.internal.reflect.NativeConstructorAccessorImpl.newInstance(NativeConstructorAccessorImpl.java:62)
java.base/jdk.internal.reflect.DelegatingConstructorAccessorImpl.newInstance(DelegatingConstructorAccessorImpl.java:45)
java.base/java.lang.reflect.Constructor.newInstance(Constructor.java:490)
org.openqa.selenium.remote.http.W3CHttpResponseCodec.createException(W3CHttpResponseCodec.java:187)
org.openqa.selenium.remote.http.W3CHttpResponseCodec.decode(W3CHttpResponseCodec.java:122)
org.openqa.selenium.remote.http.W3CHttpResponseCodec.decode(W3CHttpResponseCodec.java:49)
org.openqa.selenium.remote.HttpCommandExecutor.execute(HttpCommandExecutor.java:158)
com.qaprosoft.carina.core.foundation.webdriver.listener.EventFiringSeleniumCommandExecutor.execute(EventFiringSeleniumCommandExecutor.java:54)
org.openqa.selenium.remote.RemoteWebDriver.execute(RemoteWebDriver.java:552)
org.openqa.selenium.remote.RemoteWebDriver.findElement(RemoteWebDriver.java:323)
org.openqa.selenium.remote.RemoteWebDriver.findElementByClassName(RemoteWebDriver.java:412)
org.openqa.selenium.By$ByClassName.findElement(By.java:389)
org.openqa.selenium.remote.RemoteWebDriver.findElement(RemoteWebDriver.java:315)
java.base/jdk.internal.reflect.NativeMethodAccessorImpl.invoke0(Native Method)
java.base/jdk.internal.reflect.NativeMethodAccessorImpl.invoke(NativeMethodAccessorImpl.java:62)
java.base/jdk.internal.reflect.DelegatingMethodAccessorImpl.invoke(DelegatingMethodAccessorImpl.java:43)
java.base/java.lang.reflect.Method.invoke(Method.java:566)
org.openqa.selenium.support.events.EventFiringWebDriver.lambda$new$1(EventFiringWebDriver.java:105)
com.sun.proxy.$Proxy17.findElement(Unknown Source)
org.openqa.selenium.support.events.EventFiringWebDriver.findElement(EventFiringWebDriver.java:194)
org.openqa.selenium.support.pagefactory.DefaultElementLocator.findElement(DefaultElementLocator.java:69)
org.openqa.selenium.support.pagefactory.internal.LocatingElementHandler.invoke(LocatingElementHandler.java:38)
com.sun.proxy.$Proxy22.getText(Unknown Source)
com.solvd.webTesting.gui.pages.PosterdSuccessfullyPage.getMessageTitle(PosterdSuccessfullyPage.java:19)
com.webTesting.SearchTest.testPostComment(SearchTest.java:74)
java.base/jdk.internal.reflect.NativeMethodAccessorImpl.invoke0(Native Method)
java.base/jdk.internal.reflect.NativeMethodAccessorImpl.invoke(NativeMethodAccessorImpl.java:62)
java.base/jdk.internal.reflect.DelegatingMethodAccessorImpl.invoke(DelegatingMethodAccessorImpl.java:43)
java.base/java.lang.reflect.Method.invoke(Method.java:566)
org.testng.internal.MethodInvocationHelper.invokeMethod(MethodInvocationHelper.java:134)
org.testng.internal.TestInvoker.invokeMethod(TestInvoker.java:597)
org.testng.internal.TestInvoker.invokeTestMethod(TestInvoker.java:173)
org.testng.internal.MethodRunner.runInSequence(MethodRunner.java:46)
org.testng.internal.TestInvoker$MethodInvocationAgent.invoke(TestInvoker.java:816)
org.testng.internal.TestInvoker.invokeTestMethods(TestInvoker.java:146)
org.testng.internal.TestMethodWorker.invokeTestMethods(TestMethodWorker.java:146)
org.testng.internal.TestMethodWorker.run(TestMethodWorker.java:128)
java.base/java.util.ArrayList.forEach(ArrayList.java:1541)
org.testng.TestRunner.privateRun(TestRunner.java:766)
org.testng.TestRunner.run(TestRunner.java:587)
org.testng.SuiteRunner.runTest(SuiteRunner.java:384)
org.testng.SuiteRunner.runSequentially(SuiteRunner.java:378)
org.testng.SuiteRunner.privateRun(SuiteRunner.java:337)
org.testng.SuiteRunner.run(SuiteRunner.java:286)
org.testng.SuiteRunnerWorker.runSuite(SuiteRunnerWorker.java:53)
org.testng.SuiteRunnerWorker.run(SuiteRunnerWorker.java:96)
org.testng.TestNG.runSuitesSequentially(TestNG.java:1187)
org.testng.TestNG.runSuitesLocally(TestNG.java:1109)
org.testng.TestNG.runSuites(TestNG.java:1039)
org.testng.TestNG.run(TestNG.java:1007)
org.testng.remote.AbstractRemoteTestNG.run(AbstractRemoteTestNG.java:115)
org.testng.remote.RemoteTestNG.initAndRun(RemoteTestNG.java:251)
org.testng.remote.RemoteTestNG.main(RemoteTestNG.java:77)
2020-12-19 12:22:02 Messager [INFO] INFO: '**************** Test execution summary ****************'.
2020-12-19 12:22:02 Messager [INFO] RESULT #1: TEST [Default test - testPostComment] FAIL [screenshots=./1608391300194/f341abc1-b17b-4796-8f35-0cd72c77f50f/report.html | log=./1608391300194/f341abc1-b17b-4796-8f35-0cd72c77f50f/test.log]
2020-12-19 12:24:35 CarinaListener [INFO] 
============= Test configuration =============
url=https://www.gsmarena.com
env=DEMO
env_arg_resolver=com.qaprosoft.carina.core.foundation.utils.DefaultEnvArgResolver
browser=chrome
browser_language=en_US
selenium_host=http://localhost:4444/wd/hub
max_driver_count=3
headless=false
proxy_protocols=http,https,ftp
browsermob_proxy=false
browsermob_port=0
browsermob_disabled_mitm=false
proxy_set_to_system=false
track_known_issues=false
auto_screenshot=true
explicit_timeout=20
auto_download=false
retry_interval=5
project_report_directory=./reports/qa
max_screen_history=0
max_log_file_size=150
result_sorting=true
big_screen_width=-1
big_screen_height=-1
init_retry_count=0
init_retry_interval=1
retry_count=0
enable_l10n=true
l10n_encoding=ISO-8859-1
locale=en_US
thread_count=3
data_provider_thread_count=1
core_log_level=INFO
core_log_packages=com.qaprosoft.carina.core
artifacts_expiration_seconds=2592000
log_all_json=true
date_format=HH:mm:ss yyyy-MM-dd
time_format=HH:mm:ss
test_naming_pattern={method_name}
element_loading_strategy=BY_PRESENCE_OR_VISIBILITY
page_opening_strategy=BY_URL_AND_ELEMENT
forcibly_disable_driver_quit=false
s3_use_presign_url=false
s3_local_storage=.
appcenter_local_storage=.
add_new_localization=false
add_new_localization_encoding=utf-8
add_new_localization_property_name=new_custom_messages_
uninstall_related_apps=false
default_device_timezone=GMT
default_device_time_format=24
default_device_language=en_US
android_screen_record_bitrate=1000000
android_enable_bug_report=true
ios_screen_record_quality=MEDIUM
ios_screen_record_codec=libx264
ios_screen_record_fps=10
screen_record_duration=180
video_scale=-2:720
ignore_ssl=false
selenium_host=http://localhost:4444/wd/hub

------------- Driver capabilities -----------
================================================

2020-12-19 12:24:37 CarinaListener [INFO] CARINA_CORE_VERSION: 6.5.46
2020-12-19 12:24:37 AbstractCapabilities [INFO] Set Chrome language to: en_US
2020-12-19 12:24:43 DesktopFactory [INFO] Browser window was maximized
2020-12-19 12:24:43 Messager [INFO] INFO: url 'https://www.gsmarena.com' is being opened...
2020-12-19 12:24:45 DriverListener [INFO] INFO: url 'https://www.gsmarena.com' is opened.
2020-12-19 12:24:47 Messager [INFO]  TEST [Default test - testPostComment] STARTED at [12:24:47 2020-12-19]
2020-12-19 12:24:51 DriverListener [INFO] Element clicked
2020-12-19 12:24:52 DriverListener [INFO] Element clicked
2020-12-19 12:24:54 DriverListener [INFO] Element clicked
2020-12-19 12:24:55 DriverListener [INFO] Text 'Great News' typed
2020-12-19 12:24:56 DriverListener [INFO] Element clicked
2020-12-19 12:24:57 Messager [INFO]  TEST [Default test - testPostComment] PASSED at [12:24:57 2020-12-19]
2020-12-19 12:24:57 Messager [INFO] INFO: '**************** Test execution summary ****************'.
2020-12-19 12:24:57 Messager [INFO] RESULT #1: TEST [Default test - testPostComment] PASS [screenshots=./1608391475732/469cf243-8887-45b1-8f68-36a3d699a98d/report.html | log=./1608391475732/469cf243-8887-45b1-8f68-36a3d699a98d/test.log]
