[2020-12-19 10:41:42] [IMessager.java] [1] [INFO]  TEST [Default test - testSearchByBrand [L0002]] STARTED at [10:41:42 2020-12-19]
[2020-12-19 10:41:42] [AbstractCapabilities.java] [1] [INFO] Set Chrome language to: en_US
[2020-12-19 10:41:48] [DesktopFactory.java] [1] [INFO] Browser window was maximized
[2020-12-19 10:41:48] [IMessager.java] [1] [INFO] INFO: url 'https://www.gsmarena.com' is being opened...
[2020-12-19 10:41:52] [DriverListener.java] [1] [INFO] INFO: url 'https://www.gsmarena.com' is opened.
[2020-12-19 10:41:52] [Screenshot.java] [1] [WARN] Unable to capture screenshot due to the Exception!
[2020-12-19 10:41:52] [DriverListener.java] [1] [ERROR] no such window: target window already closed
from unknown error: web view not found
  (Session info: chrome=87.0.4280.88)
Build info: version: '3.141.59', revision: 'e82be7d358', time: '2018-11-14T08:17:03'
System info: host: 'LAPTOP-Q7ODI2IC', ip: '172.22.160.1', os.name: 'Windows 10', os.arch: 'amd64', os.version: '10.0', java.version: '11.0.8'
Driver info: org.openqa.selenium.remote.RemoteWebDriver
Capabilities {acceptInsecureCerts: true, browserName: chrome, browserVersion: 87.0.4280.88, chrome: {chromedriverVersion: 87.0.4280.88 (89e2380a3e36c..., userDataDir: C:\Users\julim\AppData\Loca...}, goog:chromeOptions: {debuggerAddress: localhost:63860}, javascriptEnabled: true, networkConnectionEnabled: false, pageLoadStrategy: normal, platform: WINDOWS, platformName: WINDOWS, proxy: Proxy(), setWindowRect: true, strictFileInteractability: false, timeouts: {implicit: 0, pageLoad: 300000, script: 30000}, unhandledPromptBehavior: dismiss and notify, webauthn:virtualAuthenticators: true, webdriver.remote.sessionid: 26443dfb3e841630c9525cde27a...}
Session ID: 26443dfb3e841630c9525cde27a2bcda
*** Element info: {Using=xpath, value=//div[contains(@class, 'brandmenu-v2')]//a[.='Apple']}
[2020-12-19 10:41:52] [Screenshot.java] [1] [WARN] Unable to capture screenshot due to the Exception!
[2020-12-19 10:41:52] [Screenshot.java] [1] [WARN] Unable to capture screenshot due to the Exception!
[2020-12-19 10:41:52] [IMessager.java] [1] [ERROR]  TEST [Default test - testSearchByBrand [L0002]] FAILED at [10:41:52 2020-12-19] - no such window: target window already closed
from unknown error: web view not found
  (Session info: chrome=87.0.4280.88)
Build info: version: '3.141.59', revision: 'e82be7d358', time: '2018-11-14T08:17:03'
System info: host: 'LAPTOP-Q7ODI2IC', ip: '172.22.160.1', os.name: 'Windows 10', os.arch: 'amd64', os.version: '10.0', java.version: '11.0.8'
Driver info: org.openqa.selenium.remote.RemoteWebDriver
Capabilities {acceptInsecureCerts: true, browserName: chrome, browserVersion: 87.0.4280.88, chrome: {chromedriverVersion: 87.0.4280.88 (89e2380a3e36c..., userDataDir: C:\Users\julim\AppData\Loca...}, goog:chromeOptions: {debuggerAddress: localhost:63860}, javascriptEnabled: true, networkConnectionEnabled: false, pageLoadStrategy: normal, platform: WINDOWS, platformName: WINDOWS, proxy: Proxy(), setWindowRect: true, strictFileInteractability: false, timeouts: {implicit: 0, pageLoad: 300000, script: 30000}, unhandledPromptBehavior: dismiss and notify, webauthn:virtualAuthenticators: true, webdriver.remote.sessionid: 26443dfb3e841630c9525cde27a...}
Session ID: 26443dfb3e841630c9525cde27a2bcda
*** Element info: {Using=xpath, value=//div[contains(@class, 'brandmenu-v2')]//a[.='Apple']}

java.base/jdk.internal.reflect.NativeConstructorAccessorImpl.newInstance0(Native Method)
java.base/jdk.internal.reflect.NativeConstructorAccessorImpl.newInstance(NativeConstructorAccessorImpl.java:62)
java.base/jdk.internal.reflect.DelegatingConstructorAccessorImpl.newInstance(DelegatingConstructorAccessorImpl.java:45)
java.base/java.lang.reflect.Constructor.newInstance(Constructor.java:490)
org.openqa.selenium.remote.http.W3CHttpResponseCodec.createException(W3CHttpResponseCodec.java:187)
org.openqa.selenium.remote.http.W3CHttpResponseCodec.decode(W3CHttpResponseCodec.java:122)
org.openqa.selenium.remote.http.W3CHttpResponseCodec.decode(W3CHttpResponseCodec.java:49)
org.openqa.selenium.remote.HttpCommandExecutor.execute(HttpCommandExecutor.java:158)
com.qaprosoft.carina.core.foundation.webdriver.listener.EventFiringSeleniumCommandExecutor.execute(EventFiringSeleniumCommandExecutor.java:54)
org.openqa.selenium.remote.RemoteWebDriver.execute(RemoteWebDriver.java:552)
org.openqa.selenium.remote.RemoteWebDriver.findElement(RemoteWebDriver.java:323)
org.openqa.selenium.remote.RemoteWebDriver.findElementByXPath(RemoteWebDriver.java:428)
org.openqa.selenium.By$ByXPath.findElement(By.java:353)
org.openqa.selenium.remote.RemoteWebDriver.findElement(RemoteWebDriver.java:315)
java.base/jdk.internal.reflect.NativeMethodAccessorImpl.invoke0(Native Method)
java.base/jdk.internal.reflect.NativeMethodAccessorImpl.invoke(NativeMethodAccessorImpl.java:62)
java.base/jdk.internal.reflect.DelegatingMethodAccessorImpl.invoke(DelegatingMethodAccessorImpl.java:43)
java.base/java.lang.reflect.Method.invoke(Method.java:566)
org.openqa.selenium.support.events.EventFiringWebDriver.lambda$new$1(EventFiringWebDriver.java:105)
com.sun.proxy.$Proxy17.findElement(Unknown Source)
org.openqa.selenium.support.events.EventFiringWebDriver.findElement(EventFiringWebDriver.java:194)
com.solvd.webTesting.gui.pages.GSMArenaAbstractPage.findByXpath(GSMArenaAbstractPage.java:17)
com.solvd.webTesting.gui.pages.HomePage.findBrandLink(HomePage.java:37)
com.solvd.webTesting.gui.pages.HomePage.selectBrand(HomePage.java:41)
com.webTesting.SearchTest.testSearchByBrand(SearchTest.java:43)
java.base/jdk.internal.reflect.NativeMethodAccessorImpl.invoke0(Native Method)
java.base/jdk.internal.reflect.NativeMethodAccessorImpl.invoke(NativeMethodAccessorImpl.java:62)
java.base/jdk.internal.reflect.DelegatingMethodAccessorImpl.invoke(DelegatingMethodAccessorImpl.java:43)
java.base/java.lang.reflect.Method.invoke(Method.java:566)
org.testng.internal.MethodInvocationHelper.invokeMethod(MethodInvocationHelper.java:134)
org.testng.internal.TestInvoker.invokeMethod(TestInvoker.java:597)
org.testng.internal.TestInvoker.invokeTestMethod(TestInvoker.java:173)
org.testng.internal.MethodRunner.runInSequence(MethodRunner.java:46)
org.testng.internal.TestInvoker$MethodInvocationAgent.invoke(TestInvoker.java:816)
org.testng.internal.TestInvoker.invokeTestMethods(TestInvoker.java:146)
org.testng.internal.TestMethodWorker.invokeTestMethods(TestMethodWorker.java:146)
org.testng.internal.TestMethodWorker.run(TestMethodWorker.java:128)
java.base/java.util.ArrayList.forEach(ArrayList.java:1541)
org.testng.TestRunner.privateRun(TestRunner.java:766)
org.testng.TestRunner.run(TestRunner.java:587)
org.testng.SuiteRunner.runTest(SuiteRunner.java:384)
org.testng.SuiteRunner.runSequentially(SuiteRunner.java:378)
org.testng.SuiteRunner.privateRun(SuiteRunner.java:337)
org.testng.SuiteRunner.run(SuiteRunner.java:286)
org.testng.SuiteRunnerWorker.runSuite(SuiteRunnerWorker.java:53)
org.testng.SuiteRunnerWorker.run(SuiteRunnerWorker.java:96)
org.testng.TestNG.runSuitesSequentially(TestNG.java:1187)
org.testng.TestNG.runSuitesLocally(TestNG.java:1109)
org.testng.TestNG.runSuites(TestNG.java:1039)
org.testng.TestNG.run(TestNG.java:1007)
org.testng.remote.AbstractRemoteTestNG.run(AbstractRemoteTestNG.java:115)
org.testng.remote.RemoteTestNG.initAndRun(RemoteTestNG.java:251)
org.testng.remote.RemoteTestNG.main(RemoteTestNG.java:77)
